/home/jang/cal_tmp/10_orca/Gen_chromophore/Gen_molecular_pairs_cal/mol_4_2.xyz
--------------------------------------------------------------------------
WARNING: There was an error initializing an OpenFabrics device.

  Local host:   node02
  Local device: mlx5_0
--------------------------------------------------------------------------
[node02:264720] 3 more processes have sent help message help-mpi-btl-openib.txt / error in device init
[node02:264720] Set MCA parameter "orte_base_help_aggregate" to 0 to see all help / error messages
--------------------------------------------------------------------------
WARNING: There was an error initializing an OpenFabrics device.

  Local host:   node02
  Local device: mlx5_0
--------------------------------------------------------------------------
[node02:264761] 3 more processes have sent help message help-mpi-btl-openib.txt / error in device init
[node02:264761] Set MCA parameter "orte_base_help_aggregate" to 0 to see all help / error messages
--------------------------------------------------------------------------
WARNING: There was an error initializing an OpenFabrics device.

  Local host:   node02
  Local device: mlx5_0
--------------------------------------------------------------------------
[node02:264801] 3 more processes have sent help message help-mpi-btl-openib.txt / error in device init
[node02:264801] Set MCA parameter "orte_base_help_aggregate" to 0 to see all help / error messages
--------------------------------------------------------------------------
WARNING: There was an error initializing an OpenFabrics device.

  Local host:   node02
  Local device: mlx5_0
--------------------------------------------------------------------------
[node02:264839] 3 more processes have sent help message help-mpi-btl-openib.txt / error in device init
[node02:264839] Set MCA parameter "orte_base_help_aggregate" to 0 to see all help / error messages
--------------------------------------------------------------------------
WARNING: There was an error initializing an OpenFabrics device.

  Local host:   node02
  Local device: mlx5_0
--------------------------------------------------------------------------
[node02:264877] 3 more processes have sent help message help-mpi-btl-openib.txt / error in device init
[node02:264877] Set MCA parameter "orte_base_help_aggregate" to 0 to see all help / error messages
--------------------------------------------------------------------------
WARNING: There was an error initializing an OpenFabrics device.

  Local host:   node02
  Local device: mlx5_0
--------------------------------------------------------------------------
[node02:264915] 3 more processes have sent help message help-mpi-btl-openib.txt / error in device init
[node02:264915] Set MCA parameter "orte_base_help_aggregate" to 0 to see all help / error messages
--------------------------------------------------------------------------
WARNING: There was an error initializing an OpenFabrics device.

  Local host:   node02
  Local device: mlx5_0
--------------------------------------------------------------------------
[node02:264953] 3 more processes have sent help message help-mpi-btl-openib.txt / error in device init
[node02:264953] Set MCA parameter "orte_base_help_aggregate" to 0 to see all help / error messages
--------------------------------------------------------------------------
WARNING: There was an error initializing an OpenFabrics device.

  Local host:   node02
  Local device: mlx5_0
--------------------------------------------------------------------------
[node02:265001] 3 more processes have sent help message help-mpi-btl-openib.txt / error in device init
[node02:265001] Set MCA parameter "orte_base_help_aggregate" to 0 to see all help / error messages
--------------------------------------------------------------------------
WARNING: There was an error initializing an OpenFabrics device.

  Local host:   node02
  Local device: mlx5_0
--------------------------------------------------------------------------
[node02:265039] 3 more processes have sent help message help-mpi-btl-openib.txt / error in device init
[node02:265039] Set MCA parameter "orte_base_help_aggregate" to 0 to see all help / error messages
--------------------------------------------------------------------------
WARNING: There was an error initializing an OpenFabrics device.

  Local host:   node02
  Local device: mlx5_0
--------------------------------------------------------------------------
[node02:265102] 3 more processes have sent help message help-mpi-btl-openib.txt / error in device init
[node02:265102] Set MCA parameter "orte_base_help_aggregate" to 0 to see all help / error messages
--------------------------------------------------------------------------
WARNING: There was an error initializing an OpenFabrics device.

  Local host:   node02
  Local device: mlx5_0
--------------------------------------------------------------------------
[node02:265178] 3 more processes have sent help message help-mpi-btl-openib.txt / error in device init
[node02:265178] Set MCA parameter "orte_base_help_aggregate" to 0 to see all help / error messages
--------------------------------------------------------------------------
WARNING: There was an error initializing an OpenFabrics device.

  Local host:   node02
  Local device: mlx5_0
--------------------------------------------------------------------------
[node02:265242] 3 more processes have sent help message help-mpi-btl-openib.txt / error in device init
[node02:265242] Set MCA parameter "orte_base_help_aggregate" to 0 to see all help / error messages
--------------------------------------------------------------------------
WARNING: There was an error initializing an OpenFabrics device.

  Local host:   node02
  Local device: mlx5_0
--------------------------------------------------------------------------
[node02:265334] 3 more processes have sent help message help-mpi-btl-openib.txt / error in device init
[node02:265334] Set MCA parameter "orte_base_help_aggregate" to 0 to see all help / error messages
--------------------------------------------------------------------------
WARNING: There was an error initializing an OpenFabrics device.

  Local host:   node02
  Local device: mlx5_0
--------------------------------------------------------------------------
[node02:265396] 3 more processes have sent help message help-mpi-btl-openib.txt / error in device init
[node02:265396] Set MCA parameter "orte_base_help_aggregate" to 0 to see all help / error messages
--------------------------------------------------------------------------
WARNING: There was an error initializing an OpenFabrics device.

  Local host:   node02
  Local device: mlx5_0
--------------------------------------------------------------------------
[node02:265475] 3 more processes have sent help message help-mpi-btl-openib.txt / error in device init
[node02:265475] Set MCA parameter "orte_base_help_aggregate" to 0 to see all help / error messages
--------------------------------------------------------------------------
WARNING: There was an error initializing an OpenFabrics device.

  Local host:   node02
  Local device: mlx5_0
--------------------------------------------------------------------------
[node02:265557] 3 more processes have sent help message help-mpi-btl-openib.txt / error in device init
[node02:265557] Set MCA parameter "orte_base_help_aggregate" to 0 to see all help / error messages
--------------------------------------------------------------------------
WARNING: There was an error initializing an OpenFabrics device.

  Local host:   node02
  Local device: mlx5_0
--------------------------------------------------------------------------
[node02:265709] 3 more processes have sent help message help-mpi-btl-openib.txt / error in device init
[node02:265709] Set MCA parameter "orte_base_help_aggregate" to 0 to see all help / error messages
--------------------------------------------------------------------------
WARNING: There was an error initializing an OpenFabrics device.

  Local host:   node02
  Local device: mlx5_0
--------------------------------------------------------------------------
[node02:265824] 3 more processes have sent help message help-mpi-btl-openib.txt / error in device init
[node02:265824] Set MCA parameter "orte_base_help_aggregate" to 0 to see all help / error messages
--------------------------------------------------------------------------
WARNING: There was an error initializing an OpenFabrics device.

  Local host:   node02
  Local device: mlx5_0
--------------------------------------------------------------------------
[node02:265933] 3 more processes have sent help message help-mpi-btl-openib.txt / error in device init
[node02:265933] Set MCA parameter "orte_base_help_aggregate" to 0 to see all help / error messages
--------------------------------------------------------------------------
WARNING: There was an error initializing an OpenFabrics device.

  Local host:   node02
  Local device: mlx5_0
--------------------------------------------------------------------------
[node02:266043] 3 more processes have sent help message help-mpi-btl-openib.txt / error in device init
[node02:266043] Set MCA parameter "orte_base_help_aggregate" to 0 to see all help / error messages
--------------------------------------------------------------------------
WARNING: There was an error initializing an OpenFabrics device.

  Local host:   node02
  Local device: mlx5_0
--------------------------------------------------------------------------
[node02:266131] 3 more processes have sent help message help-mpi-btl-openib.txt / error in device init
[node02:266131] Set MCA parameter "orte_base_help_aggregate" to 0 to see all help / error messages
--------------------------------------------------------------------------
WARNING: There was an error initializing an OpenFabrics device.

  Local host:   node02
  Local device: mlx5_0
--------------------------------------------------------------------------
[node02:266265] 3 more processes have sent help message help-mpi-btl-openib.txt / error in device init
[node02:266265] Set MCA parameter "orte_base_help_aggregate" to 0 to see all help / error messages
--------------------------------------------------------------------------
WARNING: There was an error initializing an OpenFabrics device.

  Local host:   node02
  Local device: mlx5_0
--------------------------------------------------------------------------
[node02:266373] 3 more processes have sent help message help-mpi-btl-openib.txt / error in device init
[node02:266373] Set MCA parameter "orte_base_help_aggregate" to 0 to see all help / error messages
--------------------------------------------------------------------------
WARNING: There was an error initializing an OpenFabrics device.

  Local host:   node02
  Local device: mlx5_0
--------------------------------------------------------------------------
[node02:266482] 3 more processes have sent help message help-mpi-btl-openib.txt / error in device init
[node02:266482] Set MCA parameter "orte_base_help_aggregate" to 0 to see all help / error messages
--------------------------------------------------------------------------
WARNING: There was an error initializing an OpenFabrics device.

  Local host:   node02
  Local device: mlx5_0
--------------------------------------------------------------------------
[node02:266593] 3 more processes have sent help message help-mpi-btl-openib.txt / error in device init
[node02:266593] Set MCA parameter "orte_base_help_aggregate" to 0 to see all help / error messages
--------------------------------------------------------------------------
WARNING: There was an error initializing an OpenFabrics device.

  Local host:   node02
  Local device: mlx5_0
--------------------------------------------------------------------------
[node02:266678] 3 more processes have sent help message help-mpi-btl-openib.txt / error in device init
[node02:266678] Set MCA parameter "orte_base_help_aggregate" to 0 to see all help / error messages
--------------------------------------------------------------------------
WARNING: There was an error initializing an OpenFabrics device.

  Local host:   node02
  Local device: mlx5_0
--------------------------------------------------------------------------
[node02:266782] 3 more processes have sent help message help-mpi-btl-openib.txt / error in device init
[node02:266782] Set MCA parameter "orte_base_help_aggregate" to 0 to see all help / error messages
--------------------------------------------------------------------------
WARNING: There was an error initializing an OpenFabrics device.

  Local host:   node02
  Local device: mlx5_0
--------------------------------------------------------------------------
[node02:266890] 3 more processes have sent help message help-mpi-btl-openib.txt / error in device init
[node02:266890] Set MCA parameter "orte_base_help_aggregate" to 0 to see all help / error messages
--------------------------------------------------------------------------
WARNING: There was an error initializing an OpenFabrics device.

  Local host:   node02
  Local device: mlx5_0
--------------------------------------------------------------------------
[node02:267015] 3 more processes have sent help message help-mpi-btl-openib.txt / error in device init
[node02:267015] Set MCA parameter "orte_base_help_aggregate" to 0 to see all help / error messages
--------------------------------------------------------------------------
WARNING: There was an error initializing an OpenFabrics device.

  Local host:   node02
  Local device: mlx5_0
--------------------------------------------------------------------------
[node02:267102] 3 more processes have sent help message help-mpi-btl-openib.txt / error in device init
[node02:267102] Set MCA parameter "orte_base_help_aggregate" to 0 to see all help / error messages
--------------------------------------------------------------------------
WARNING: There was an error initializing an OpenFabrics device.

  Local host:   node02
  Local device: mlx5_0
--------------------------------------------------------------------------
[node02:267243] 3 more processes have sent help message help-mpi-btl-openib.txt / error in device init
[node02:267243] Set MCA parameter "orte_base_help_aggregate" to 0 to see all help / error messages
--------------------------------------------------------------------------
WARNING: There was an error initializing an OpenFabrics device.

  Local host:   node02
  Local device: mlx5_0
--------------------------------------------------------------------------
[node02:267326] 3 more processes have sent help message help-mpi-btl-openib.txt / error in device init
[node02:267326] Set MCA parameter "orte_base_help_aggregate" to 0 to see all help / error messages
--------------------------------------------------------------------------
WARNING: There was an error initializing an OpenFabrics device.

  Local host:   node02
  Local device: mlx5_0
--------------------------------------------------------------------------
[node02:267445] 3 more processes have sent help message help-mpi-btl-openib.txt / error in device init
[node02:267445] Set MCA parameter "orte_base_help_aggregate" to 0 to see all help / error messages
