/home/jang/cal_tmp/10_orca/Gen_chromophore/Gen_molecular_pairs_cal/mol_4_5.xyz
--------------------------------------------------------------------------
WARNING: There was an error initializing an OpenFabrics device.

  Local host:   node02
  Local device: mlx5_0
--------------------------------------------------------------------------
[node02:194951] 3 more processes have sent help message help-mpi-btl-openib.txt / error in device init
[node02:194951] Set MCA parameter "orte_base_help_aggregate" to 0 to see all help / error messages
--------------------------------------------------------------------------
WARNING: There was an error initializing an OpenFabrics device.

  Local host:   node02
  Local device: mlx5_0
--------------------------------------------------------------------------
[node02:195467] 3 more processes have sent help message help-mpi-btl-openib.txt / error in device init
[node02:195467] Set MCA parameter "orte_base_help_aggregate" to 0 to see all help / error messages
--------------------------------------------------------------------------
WARNING: There was an error initializing an OpenFabrics device.

  Local host:   node02
  Local device: mlx5_0
--------------------------------------------------------------------------
[node02:196247] 3 more processes have sent help message help-mpi-btl-openib.txt / error in device init
[node02:196247] Set MCA parameter "orte_base_help_aggregate" to 0 to see all help / error messages
--------------------------------------------------------------------------
WARNING: There was an error initializing an OpenFabrics device.

  Local host:   node02
  Local device: mlx5_0
--------------------------------------------------------------------------
[node02:196703] 3 more processes have sent help message help-mpi-btl-openib.txt / error in device init
[node02:196703] Set MCA parameter "orte_base_help_aggregate" to 0 to see all help / error messages
--------------------------------------------------------------------------
WARNING: There was an error initializing an OpenFabrics device.

  Local host:   node02
  Local device: mlx5_0
--------------------------------------------------------------------------
[node02:197157] 3 more processes have sent help message help-mpi-btl-openib.txt / error in device init
[node02:197157] Set MCA parameter "orte_base_help_aggregate" to 0 to see all help / error messages
--------------------------------------------------------------------------
WARNING: There was an error initializing an OpenFabrics device.

  Local host:   node02
  Local device: mlx5_0
--------------------------------------------------------------------------
[node02:197682] 3 more processes have sent help message help-mpi-btl-openib.txt / error in device init
[node02:197682] Set MCA parameter "orte_base_help_aggregate" to 0 to see all help / error messages
--------------------------------------------------------------------------
WARNING: There was an error initializing an OpenFabrics device.

  Local host:   node02
  Local device: mlx5_0
--------------------------------------------------------------------------
[node02:198028] 3 more processes have sent help message help-mpi-btl-openib.txt / error in device init
[node02:198028] Set MCA parameter "orte_base_help_aggregate" to 0 to see all help / error messages
--------------------------------------------------------------------------
WARNING: There was an error initializing an OpenFabrics device.

  Local host:   node02
  Local device: mlx5_0
--------------------------------------------------------------------------
[node02:198440] 3 more processes have sent help message help-mpi-btl-openib.txt / error in device init
[node02:198440] Set MCA parameter "orte_base_help_aggregate" to 0 to see all help / error messages
--------------------------------------------------------------------------
WARNING: There was an error initializing an OpenFabrics device.

  Local host:   node02
  Local device: mlx5_0
--------------------------------------------------------------------------
[node02:198974] 3 more processes have sent help message help-mpi-btl-openib.txt / error in device init
[node02:198974] Set MCA parameter "orte_base_help_aggregate" to 0 to see all help / error messages
--------------------------------------------------------------------------
WARNING: There was an error initializing an OpenFabrics device.

  Local host:   node02
  Local device: mlx5_0
--------------------------------------------------------------------------
[node02:199429] 3 more processes have sent help message help-mpi-btl-openib.txt / error in device init
[node02:199429] Set MCA parameter "orte_base_help_aggregate" to 0 to see all help / error messages
--------------------------------------------------------------------------
WARNING: There was an error initializing an OpenFabrics device.

  Local host:   node02
  Local device: mlx5_0
--------------------------------------------------------------------------
[node02:199800] 3 more processes have sent help message help-mpi-btl-openib.txt / error in device init
[node02:199800] Set MCA parameter "orte_base_help_aggregate" to 0 to see all help / error messages
--------------------------------------------------------------------------
WARNING: There was an error initializing an OpenFabrics device.

  Local host:   node02
  Local device: mlx5_0
--------------------------------------------------------------------------
[node02:200184] 3 more processes have sent help message help-mpi-btl-openib.txt / error in device init
[node02:200184] Set MCA parameter "orte_base_help_aggregate" to 0 to see all help / error messages
--------------------------------------------------------------------------
WARNING: There was an error initializing an OpenFabrics device.

  Local host:   node02
  Local device: mlx5_0
--------------------------------------------------------------------------
[node02:200559] 3 more processes have sent help message help-mpi-btl-openib.txt / error in device init
[node02:200559] Set MCA parameter "orte_base_help_aggregate" to 0 to see all help / error messages
--------------------------------------------------------------------------
WARNING: There was an error initializing an OpenFabrics device.

  Local host:   node02
  Local device: mlx5_0
--------------------------------------------------------------------------
[node02:200882] 3 more processes have sent help message help-mpi-btl-openib.txt / error in device init
[node02:200882] Set MCA parameter "orte_base_help_aggregate" to 0 to see all help / error messages
--------------------------------------------------------------------------
WARNING: There was an error initializing an OpenFabrics device.

  Local host:   node02
  Local device: mlx5_0
--------------------------------------------------------------------------
[node02:201248] 3 more processes have sent help message help-mpi-btl-openib.txt / error in device init
[node02:201248] Set MCA parameter "orte_base_help_aggregate" to 0 to see all help / error messages
--------------------------------------------------------------------------
WARNING: There was an error initializing an OpenFabrics device.

  Local host:   node02
  Local device: mlx5_0
--------------------------------------------------------------------------
[node02:201672] 3 more processes have sent help message help-mpi-btl-openib.txt / error in device init
[node02:201672] Set MCA parameter "orte_base_help_aggregate" to 0 to see all help / error messages
--------------------------------------------------------------------------
WARNING: There was an error initializing an OpenFabrics device.

  Local host:   node02
  Local device: mlx5_0
--------------------------------------------------------------------------
[node02:202009] 3 more processes have sent help message help-mpi-btl-openib.txt / error in device init
[node02:202009] Set MCA parameter "orte_base_help_aggregate" to 0 to see all help / error messages
--------------------------------------------------------------------------
WARNING: There was an error initializing an OpenFabrics device.

  Local host:   node02
  Local device: mlx5_0
--------------------------------------------------------------------------
[node02:202412] 3 more processes have sent help message help-mpi-btl-openib.txt / error in device init
[node02:202412] Set MCA parameter "orte_base_help_aggregate" to 0 to see all help / error messages
--------------------------------------------------------------------------
WARNING: There was an error initializing an OpenFabrics device.

  Local host:   node02
  Local device: mlx5_0
--------------------------------------------------------------------------
[node02:202732] 3 more processes have sent help message help-mpi-btl-openib.txt / error in device init
[node02:202732] Set MCA parameter "orte_base_help_aggregate" to 0 to see all help / error messages
--------------------------------------------------------------------------
WARNING: There was an error initializing an OpenFabrics device.

  Local host:   node02
  Local device: mlx5_0
--------------------------------------------------------------------------
[node02:203172] 3 more processes have sent help message help-mpi-btl-openib.txt / error in device init
[node02:203172] Set MCA parameter "orte_base_help_aggregate" to 0 to see all help / error messages
--------------------------------------------------------------------------
WARNING: There was an error initializing an OpenFabrics device.

  Local host:   node02
  Local device: mlx5_0
--------------------------------------------------------------------------
[node02:203589] 3 more processes have sent help message help-mpi-btl-openib.txt / error in device init
[node02:203589] Set MCA parameter "orte_base_help_aggregate" to 0 to see all help / error messages
--------------------------------------------------------------------------
WARNING: There was an error initializing an OpenFabrics device.

  Local host:   node02
  Local device: mlx5_0
--------------------------------------------------------------------------
[node02:204081] 3 more processes have sent help message help-mpi-btl-openib.txt / error in device init
[node02:204081] Set MCA parameter "orte_base_help_aggregate" to 0 to see all help / error messages
--------------------------------------------------------------------------
WARNING: There was an error initializing an OpenFabrics device.

  Local host:   node02
  Local device: mlx5_0
--------------------------------------------------------------------------
[node02:204446] 3 more processes have sent help message help-mpi-btl-openib.txt / error in device init
[node02:204446] Set MCA parameter "orte_base_help_aggregate" to 0 to see all help / error messages
--------------------------------------------------------------------------
WARNING: There was an error initializing an OpenFabrics device.

  Local host:   node02
  Local device: mlx5_0
--------------------------------------------------------------------------
[node02:204892] 3 more processes have sent help message help-mpi-btl-openib.txt / error in device init
[node02:204892] Set MCA parameter "orte_base_help_aggregate" to 0 to see all help / error messages
--------------------------------------------------------------------------
WARNING: There was an error initializing an OpenFabrics device.

  Local host:   node02
  Local device: mlx5_0
--------------------------------------------------------------------------
[node02:205287] 3 more processes have sent help message help-mpi-btl-openib.txt / error in device init
[node02:205287] Set MCA parameter "orte_base_help_aggregate" to 0 to see all help / error messages
--------------------------------------------------------------------------
WARNING: There was an error initializing an OpenFabrics device.

  Local host:   node02
  Local device: mlx5_0
--------------------------------------------------------------------------
[node02:205636] 3 more processes have sent help message help-mpi-btl-openib.txt / error in device init
[node02:205636] Set MCA parameter "orte_base_help_aggregate" to 0 to see all help / error messages
--------------------------------------------------------------------------
WARNING: There was an error initializing an OpenFabrics device.

  Local host:   node02
  Local device: mlx5_0
--------------------------------------------------------------------------
[node02:205962] 3 more processes have sent help message help-mpi-btl-openib.txt / error in device init
[node02:205962] Set MCA parameter "orte_base_help_aggregate" to 0 to see all help / error messages
--------------------------------------------------------------------------
WARNING: There was an error initializing an OpenFabrics device.

  Local host:   node02
  Local device: mlx5_0
--------------------------------------------------------------------------
[node02:206385] 3 more processes have sent help message help-mpi-btl-openib.txt / error in device init
[node02:206385] Set MCA parameter "orte_base_help_aggregate" to 0 to see all help / error messages
--------------------------------------------------------------------------
WARNING: There was an error initializing an OpenFabrics device.

  Local host:   node02
  Local device: mlx5_0
--------------------------------------------------------------------------
[node02:206701] 3 more processes have sent help message help-mpi-btl-openib.txt / error in device init
[node02:206701] Set MCA parameter "orte_base_help_aggregate" to 0 to see all help / error messages
--------------------------------------------------------------------------
WARNING: There was an error initializing an OpenFabrics device.

  Local host:   node02
  Local device: mlx5_0
--------------------------------------------------------------------------
[node02:207030] 3 more processes have sent help message help-mpi-btl-openib.txt / error in device init
[node02:207030] Set MCA parameter "orte_base_help_aggregate" to 0 to see all help / error messages
--------------------------------------------------------------------------
WARNING: There was an error initializing an OpenFabrics device.

  Local host:   node02
  Local device: mlx5_0
--------------------------------------------------------------------------
[node02:207499] 3 more processes have sent help message help-mpi-btl-openib.txt / error in device init
[node02:207499] Set MCA parameter "orte_base_help_aggregate" to 0 to see all help / error messages
--------------------------------------------------------------------------
WARNING: There was an error initializing an OpenFabrics device.

  Local host:   node02
  Local device: mlx5_0
--------------------------------------------------------------------------
[node02:207732] 3 more processes have sent help message help-mpi-btl-openib.txt / error in device init
[node02:207732] Set MCA parameter "orte_base_help_aggregate" to 0 to see all help / error messages
--------------------------------------------------------------------------
WARNING: There was an error initializing an OpenFabrics device.

  Local host:   node02
  Local device: mlx5_0
--------------------------------------------------------------------------
[node02:208082] 3 more processes have sent help message help-mpi-btl-openib.txt / error in device init
[node02:208082] Set MCA parameter "orte_base_help_aggregate" to 0 to see all help / error messages
--------------------------------------------------------------------------
WARNING: There was an error initializing an OpenFabrics device.

  Local host:   node02
  Local device: mlx5_0
--------------------------------------------------------------------------
[node02:208461] 3 more processes have sent help message help-mpi-btl-openib.txt / error in device init
[node02:208461] Set MCA parameter "orte_base_help_aggregate" to 0 to see all help / error messages
--------------------------------------------------------------------------
WARNING: There was an error initializing an OpenFabrics device.

  Local host:   node02
  Local device: mlx5_0
--------------------------------------------------------------------------
[node02:208828] 3 more processes have sent help message help-mpi-btl-openib.txt / error in device init
[node02:208828] Set MCA parameter "orte_base_help_aggregate" to 0 to see all help / error messages
--------------------------------------------------------------------------
WARNING: There was an error initializing an OpenFabrics device.

  Local host:   node02
  Local device: mlx5_0
--------------------------------------------------------------------------
[node02:209215] 3 more processes have sent help message help-mpi-btl-openib.txt / error in device init
[node02:209215] Set MCA parameter "orte_base_help_aggregate" to 0 to see all help / error messages
--------------------------------------------------------------------------
WARNING: There was an error initializing an OpenFabrics device.

  Local host:   node02
  Local device: mlx5_0
--------------------------------------------------------------------------
[node02:209682] 3 more processes have sent help message help-mpi-btl-openib.txt / error in device init
[node02:209682] Set MCA parameter "orte_base_help_aggregate" to 0 to see all help / error messages
--------------------------------------------------------------------------
WARNING: There was an error initializing an OpenFabrics device.

  Local host:   node02
  Local device: mlx5_0
--------------------------------------------------------------------------
[node02:210166] 3 more processes have sent help message help-mpi-btl-openib.txt / error in device init
[node02:210166] Set MCA parameter "orte_base_help_aggregate" to 0 to see all help / error messages
--------------------------------------------------------------------------
WARNING: There was an error initializing an OpenFabrics device.

  Local host:   node02
  Local device: mlx5_0
--------------------------------------------------------------------------
[node02:210582] 3 more processes have sent help message help-mpi-btl-openib.txt / error in device init
[node02:210582] Set MCA parameter "orte_base_help_aggregate" to 0 to see all help / error messages
--------------------------------------------------------------------------
WARNING: There was an error initializing an OpenFabrics device.

  Local host:   node02
  Local device: mlx5_0
--------------------------------------------------------------------------
[node02:210988] 3 more processes have sent help message help-mpi-btl-openib.txt / error in device init
[node02:210988] Set MCA parameter "orte_base_help_aggregate" to 0 to see all help / error messages
--------------------------------------------------------------------------
WARNING: There was an error initializing an OpenFabrics device.

  Local host:   node02
  Local device: mlx5_0
--------------------------------------------------------------------------
[node02:211339] 3 more processes have sent help message help-mpi-btl-openib.txt / error in device init
[node02:211339] Set MCA parameter "orte_base_help_aggregate" to 0 to see all help / error messages
--------------------------------------------------------------------------
WARNING: There was an error initializing an OpenFabrics device.

  Local host:   node02
  Local device: mlx5_0
--------------------------------------------------------------------------
[node02:211674] 3 more processes have sent help message help-mpi-btl-openib.txt / error in device init
[node02:211674] Set MCA parameter "orte_base_help_aggregate" to 0 to see all help / error messages
--------------------------------------------------------------------------
WARNING: There was an error initializing an OpenFabrics device.

  Local host:   node02
  Local device: mlx5_0
--------------------------------------------------------------------------
[node02:212100] 3 more processes have sent help message help-mpi-btl-openib.txt / error in device init
[node02:212100] Set MCA parameter "orte_base_help_aggregate" to 0 to see all help / error messages
--------------------------------------------------------------------------
WARNING: There was an error initializing an OpenFabrics device.

  Local host:   node02
  Local device: mlx5_0
--------------------------------------------------------------------------
[node02:212531] 3 more processes have sent help message help-mpi-btl-openib.txt / error in device init
[node02:212531] Set MCA parameter "orte_base_help_aggregate" to 0 to see all help / error messages
--------------------------------------------------------------------------
WARNING: There was an error initializing an OpenFabrics device.

  Local host:   node02
  Local device: mlx5_0
--------------------------------------------------------------------------
[node02:212839] 3 more processes have sent help message help-mpi-btl-openib.txt / error in device init
[node02:212839] Set MCA parameter "orte_base_help_aggregate" to 0 to see all help / error messages
--------------------------------------------------------------------------
WARNING: There was an error initializing an OpenFabrics device.

  Local host:   node02
  Local device: mlx5_0
--------------------------------------------------------------------------
[node02:213233] 3 more processes have sent help message help-mpi-btl-openib.txt / error in device init
[node02:213233] Set MCA parameter "orte_base_help_aggregate" to 0 to see all help / error messages
--------------------------------------------------------------------------
WARNING: There was an error initializing an OpenFabrics device.

  Local host:   node02
  Local device: mlx5_0
--------------------------------------------------------------------------
[node02:213651] 3 more processes have sent help message help-mpi-btl-openib.txt / error in device init
[node02:213651] Set MCA parameter "orte_base_help_aggregate" to 0 to see all help / error messages
--------------------------------------------------------------------------
WARNING: There was an error initializing an OpenFabrics device.

  Local host:   node02
  Local device: mlx5_0
--------------------------------------------------------------------------
[node02:214044] 3 more processes have sent help message help-mpi-btl-openib.txt / error in device init
[node02:214044] Set MCA parameter "orte_base_help_aggregate" to 0 to see all help / error messages
--------------------------------------------------------------------------
WARNING: There was an error initializing an OpenFabrics device.

  Local host:   node02
  Local device: mlx5_0
--------------------------------------------------------------------------
[node02:214408] 3 more processes have sent help message help-mpi-btl-openib.txt / error in device init
[node02:214408] Set MCA parameter "orte_base_help_aggregate" to 0 to see all help / error messages
--------------------------------------------------------------------------
WARNING: There was an error initializing an OpenFabrics device.

  Local host:   node02
  Local device: mlx5_0
--------------------------------------------------------------------------
[node02:214719] 3 more processes have sent help message help-mpi-btl-openib.txt / error in device init
[node02:214719] Set MCA parameter "orte_base_help_aggregate" to 0 to see all help / error messages
--------------------------------------------------------------------------
WARNING: There was an error initializing an OpenFabrics device.

  Local host:   node02
  Local device: mlx5_0
--------------------------------------------------------------------------
[node02:215071] 3 more processes have sent help message help-mpi-btl-openib.txt / error in device init
[node02:215071] Set MCA parameter "orte_base_help_aggregate" to 0 to see all help / error messages
--------------------------------------------------------------------------
WARNING: There was an error initializing an OpenFabrics device.

  Local host:   node02
  Local device: mlx5_0
--------------------------------------------------------------------------
[node02:215380] 3 more processes have sent help message help-mpi-btl-openib.txt / error in device init
[node02:215380] Set MCA parameter "orte_base_help_aggregate" to 0 to see all help / error messages
--------------------------------------------------------------------------
WARNING: There was an error initializing an OpenFabrics device.

  Local host:   node02
  Local device: mlx5_0
--------------------------------------------------------------------------
[node02:215719] 3 more processes have sent help message help-mpi-btl-openib.txt / error in device init
[node02:215719] Set MCA parameter "orte_base_help_aggregate" to 0 to see all help / error messages
--------------------------------------------------------------------------
WARNING: There was an error initializing an OpenFabrics device.

  Local host:   node02
  Local device: mlx5_0
--------------------------------------------------------------------------
[node02:216088] 3 more processes have sent help message help-mpi-btl-openib.txt / error in device init
[node02:216088] Set MCA parameter "orte_base_help_aggregate" to 0 to see all help / error messages
--------------------------------------------------------------------------
WARNING: There was an error initializing an OpenFabrics device.

  Local host:   node02
  Local device: mlx5_0
--------------------------------------------------------------------------
[node02:216453] 3 more processes have sent help message help-mpi-btl-openib.txt / error in device init
[node02:216453] Set MCA parameter "orte_base_help_aggregate" to 0 to see all help / error messages
--------------------------------------------------------------------------
WARNING: There was an error initializing an OpenFabrics device.

  Local host:   node02
  Local device: mlx5_0
--------------------------------------------------------------------------
[node02:216785] 3 more processes have sent help message help-mpi-btl-openib.txt / error in device init
[node02:216785] Set MCA parameter "orte_base_help_aggregate" to 0 to see all help / error messages
--------------------------------------------------------------------------
WARNING: There was an error initializing an OpenFabrics device.

  Local host:   node02
  Local device: mlx5_0
--------------------------------------------------------------------------
[node02:217186] 3 more processes have sent help message help-mpi-btl-openib.txt / error in device init
[node02:217186] Set MCA parameter "orte_base_help_aggregate" to 0 to see all help / error messages
--------------------------------------------------------------------------
WARNING: There was an error initializing an OpenFabrics device.

  Local host:   node02
  Local device: mlx5_0
--------------------------------------------------------------------------
[node02:217540] 3 more processes have sent help message help-mpi-btl-openib.txt / error in device init
[node02:217540] Set MCA parameter "orte_base_help_aggregate" to 0 to see all help / error messages
--------------------------------------------------------------------------
WARNING: There was an error initializing an OpenFabrics device.

  Local host:   node02
  Local device: mlx5_0
--------------------------------------------------------------------------
[node02:217869] 3 more processes have sent help message help-mpi-btl-openib.txt / error in device init
[node02:217869] Set MCA parameter "orte_base_help_aggregate" to 0 to see all help / error messages
--------------------------------------------------------------------------
WARNING: There was an error initializing an OpenFabrics device.

  Local host:   node02
  Local device: mlx5_0
--------------------------------------------------------------------------
[node02:218197] 3 more processes have sent help message help-mpi-btl-openib.txt / error in device init
[node02:218197] Set MCA parameter "orte_base_help_aggregate" to 0 to see all help / error messages
--------------------------------------------------------------------------
WARNING: There was an error initializing an OpenFabrics device.

  Local host:   node02
  Local device: mlx5_0
--------------------------------------------------------------------------
[node02:218524] 3 more processes have sent help message help-mpi-btl-openib.txt / error in device init
[node02:218524] Set MCA parameter "orte_base_help_aggregate" to 0 to see all help / error messages
--------------------------------------------------------------------------
WARNING: There was an error initializing an OpenFabrics device.

  Local host:   node02
  Local device: mlx5_0
--------------------------------------------------------------------------
[node02:218908] 3 more processes have sent help message help-mpi-btl-openib.txt / error in device init
[node02:218908] Set MCA parameter "orte_base_help_aggregate" to 0 to see all help / error messages
--------------------------------------------------------------------------
WARNING: There was an error initializing an OpenFabrics device.

  Local host:   node02
  Local device: mlx5_0
--------------------------------------------------------------------------
[node02:219313] 3 more processes have sent help message help-mpi-btl-openib.txt / error in device init
[node02:219313] Set MCA parameter "orte_base_help_aggregate" to 0 to see all help / error messages
--------------------------------------------------------------------------
WARNING: There was an error initializing an OpenFabrics device.

  Local host:   node02
  Local device: mlx5_0
--------------------------------------------------------------------------
[node02:219722] 3 more processes have sent help message help-mpi-btl-openib.txt / error in device init
[node02:219722] Set MCA parameter "orte_base_help_aggregate" to 0 to see all help / error messages
--------------------------------------------------------------------------
WARNING: There was an error initializing an OpenFabrics device.

  Local host:   node02
  Local device: mlx5_0
--------------------------------------------------------------------------
[node02:220024] 3 more processes have sent help message help-mpi-btl-openib.txt / error in device init
[node02:220024] Set MCA parameter "orte_base_help_aggregate" to 0 to see all help / error messages
--------------------------------------------------------------------------
WARNING: There was an error initializing an OpenFabrics device.

  Local host:   node02
  Local device: mlx5_0
--------------------------------------------------------------------------
[node02:220291] 3 more processes have sent help message help-mpi-btl-openib.txt / error in device init
[node02:220291] Set MCA parameter "orte_base_help_aggregate" to 0 to see all help / error messages
--------------------------------------------------------------------------
WARNING: There was an error initializing an OpenFabrics device.

  Local host:   node02
  Local device: mlx5_0
--------------------------------------------------------------------------
[node02:220588] 3 more processes have sent help message help-mpi-btl-openib.txt / error in device init
[node02:220588] Set MCA parameter "orte_base_help_aggregate" to 0 to see all help / error messages
--------------------------------------------------------------------------
WARNING: There was an error initializing an OpenFabrics device.

  Local host:   node02
  Local device: mlx5_0
--------------------------------------------------------------------------
[node02:220963] 3 more processes have sent help message help-mpi-btl-openib.txt / error in device init
[node02:220963] Set MCA parameter "orte_base_help_aggregate" to 0 to see all help / error messages
--------------------------------------------------------------------------
WARNING: There was an error initializing an OpenFabrics device.

  Local host:   node02
  Local device: mlx5_0
--------------------------------------------------------------------------
[node02:221272] 3 more processes have sent help message help-mpi-btl-openib.txt / error in device init
[node02:221272] Set MCA parameter "orte_base_help_aggregate" to 0 to see all help / error messages
--------------------------------------------------------------------------
WARNING: There was an error initializing an OpenFabrics device.

  Local host:   node02
  Local device: mlx5_0
--------------------------------------------------------------------------
[node02:221653] 3 more processes have sent help message help-mpi-btl-openib.txt / error in device init
[node02:221653] Set MCA parameter "orte_base_help_aggregate" to 0 to see all help / error messages
--------------------------------------------------------------------------
WARNING: There was an error initializing an OpenFabrics device.

  Local host:   node02
  Local device: mlx5_0
--------------------------------------------------------------------------
[node02:222026] 3 more processes have sent help message help-mpi-btl-openib.txt / error in device init
[node02:222026] Set MCA parameter "orte_base_help_aggregate" to 0 to see all help / error messages
--------------------------------------------------------------------------
WARNING: There was an error initializing an OpenFabrics device.

  Local host:   node02
  Local device: mlx5_0
--------------------------------------------------------------------------
[node02:222371] 3 more processes have sent help message help-mpi-btl-openib.txt / error in device init
[node02:222371] Set MCA parameter "orte_base_help_aggregate" to 0 to see all help / error messages
--------------------------------------------------------------------------
WARNING: There was an error initializing an OpenFabrics device.

  Local host:   node02
  Local device: mlx5_0
--------------------------------------------------------------------------
[node02:222703] 3 more processes have sent help message help-mpi-btl-openib.txt / error in device init
[node02:222703] Set MCA parameter "orte_base_help_aggregate" to 0 to see all help / error messages
--------------------------------------------------------------------------
WARNING: There was an error initializing an OpenFabrics device.

  Local host:   node02
  Local device: mlx5_0
--------------------------------------------------------------------------
[node02:223051] 3 more processes have sent help message help-mpi-btl-openib.txt / error in device init
[node02:223051] Set MCA parameter "orte_base_help_aggregate" to 0 to see all help / error messages
--------------------------------------------------------------------------
WARNING: There was an error initializing an OpenFabrics device.

  Local host:   node02
  Local device: mlx5_0
--------------------------------------------------------------------------
[node02:223564] 3 more processes have sent help message help-mpi-btl-openib.txt / error in device init
[node02:223564] Set MCA parameter "orte_base_help_aggregate" to 0 to see all help / error messages
--------------------------------------------------------------------------
WARNING: There was an error initializing an OpenFabrics device.

  Local host:   node02
  Local device: mlx5_0
--------------------------------------------------------------------------
[node02:223898] 3 more processes have sent help message help-mpi-btl-openib.txt / error in device init
[node02:223898] Set MCA parameter "orte_base_help_aggregate" to 0 to see all help / error messages
--------------------------------------------------------------------------
WARNING: There was an error initializing an OpenFabrics device.

  Local host:   node02
  Local device: mlx5_0
--------------------------------------------------------------------------
[node02:224229] 3 more processes have sent help message help-mpi-btl-openib.txt / error in device init
[node02:224229] Set MCA parameter "orte_base_help_aggregate" to 0 to see all help / error messages
--------------------------------------------------------------------------
WARNING: There was an error initializing an OpenFabrics device.

  Local host:   node02
  Local device: mlx5_0
--------------------------------------------------------------------------
[node02:224590] 3 more processes have sent help message help-mpi-btl-openib.txt / error in device init
[node02:224590] Set MCA parameter "orte_base_help_aggregate" to 0 to see all help / error messages
--------------------------------------------------------------------------
WARNING: There was an error initializing an OpenFabrics device.

  Local host:   node02
  Local device: mlx5_0
--------------------------------------------------------------------------
[node02:224925] 3 more processes have sent help message help-mpi-btl-openib.txt / error in device init
[node02:224925] Set MCA parameter "orte_base_help_aggregate" to 0 to see all help / error messages
--------------------------------------------------------------------------
WARNING: There was an error initializing an OpenFabrics device.

  Local host:   node02
  Local device: mlx5_0
--------------------------------------------------------------------------
[node02:225259] 3 more processes have sent help message help-mpi-btl-openib.txt / error in device init
[node02:225259] Set MCA parameter "orte_base_help_aggregate" to 0 to see all help / error messages
--------------------------------------------------------------------------
WARNING: There was an error initializing an OpenFabrics device.

  Local host:   node02
  Local device: mlx5_0
--------------------------------------------------------------------------
[node02:225718] 3 more processes have sent help message help-mpi-btl-openib.txt / error in device init
[node02:225718] Set MCA parameter "orte_base_help_aggregate" to 0 to see all help / error messages
--------------------------------------------------------------------------
WARNING: There was an error initializing an OpenFabrics device.

  Local host:   node02
  Local device: mlx5_0
--------------------------------------------------------------------------
[node02:226013] 3 more processes have sent help message help-mpi-btl-openib.txt / error in device init
[node02:226013] Set MCA parameter "orte_base_help_aggregate" to 0 to see all help / error messages
--------------------------------------------------------------------------
WARNING: There was an error initializing an OpenFabrics device.

  Local host:   node02
  Local device: mlx5_0
--------------------------------------------------------------------------
[node02:226332] 3 more processes have sent help message help-mpi-btl-openib.txt / error in device init
[node02:226332] Set MCA parameter "orte_base_help_aggregate" to 0 to see all help / error messages
--------------------------------------------------------------------------
WARNING: There was an error initializing an OpenFabrics device.

  Local host:   node02
  Local device: mlx5_0
--------------------------------------------------------------------------
[node02:226596] 3 more processes have sent help message help-mpi-btl-openib.txt / error in device init
[node02:226596] Set MCA parameter "orte_base_help_aggregate" to 0 to see all help / error messages
--------------------------------------------------------------------------
WARNING: There was an error initializing an OpenFabrics device.

  Local host:   node02
  Local device: mlx5_0
--------------------------------------------------------------------------
[node02:226900] 3 more processes have sent help message help-mpi-btl-openib.txt / error in device init
[node02:226900] Set MCA parameter "orte_base_help_aggregate" to 0 to see all help / error messages
--------------------------------------------------------------------------
WARNING: There was an error initializing an OpenFabrics device.

  Local host:   node02
  Local device: mlx5_0
--------------------------------------------------------------------------
[node02:227250] 3 more processes have sent help message help-mpi-btl-openib.txt / error in device init
[node02:227250] Set MCA parameter "orte_base_help_aggregate" to 0 to see all help / error messages
