/home/jang/cal_tmp/10_orca/Gen_chromophore/Gen_molecular_pairs_cal/mol_2_4.xyz
--------------------------------------------------------------------------
WARNING: There was an error initializing an OpenFabrics device.

  Local host:   node02
  Local device: mlx5_0
--------------------------------------------------------------------------
[node02:153286] 3 more processes have sent help message help-mpi-btl-openib.txt / error in device init
[node02:153286] Set MCA parameter "orte_base_help_aggregate" to 0 to see all help / error messages
--------------------------------------------------------------------------
WARNING: There was an error initializing an OpenFabrics device.

  Local host:   node02
  Local device: mlx5_0
--------------------------------------------------------------------------
[node02:153691] 3 more processes have sent help message help-mpi-btl-openib.txt / error in device init
[node02:153691] Set MCA parameter "orte_base_help_aggregate" to 0 to see all help / error messages
--------------------------------------------------------------------------
WARNING: There was an error initializing an OpenFabrics device.

  Local host:   node02
  Local device: mlx5_0
--------------------------------------------------------------------------
[node02:154384] 3 more processes have sent help message help-mpi-btl-openib.txt / error in device init
[node02:154384] Set MCA parameter "orte_base_help_aggregate" to 0 to see all help / error messages
--------------------------------------------------------------------------
WARNING: There was an error initializing an OpenFabrics device.

  Local host:   node02
  Local device: mlx5_0
--------------------------------------------------------------------------
[node02:154569] 3 more processes have sent help message help-mpi-btl-openib.txt / error in device init
[node02:154569] Set MCA parameter "orte_base_help_aggregate" to 0 to see all help / error messages
--------------------------------------------------------------------------
WARNING: There was an error initializing an OpenFabrics device.

  Local host:   node02
  Local device: mlx5_0
--------------------------------------------------------------------------
[node02:154967] 3 more processes have sent help message help-mpi-btl-openib.txt / error in device init
[node02:154967] Set MCA parameter "orte_base_help_aggregate" to 0 to see all help / error messages
--------------------------------------------------------------------------
WARNING: There was an error initializing an OpenFabrics device.

  Local host:   node02
  Local device: mlx5_0
--------------------------------------------------------------------------
[node02:155344] 3 more processes have sent help message help-mpi-btl-openib.txt / error in device init
[node02:155344] Set MCA parameter "orte_base_help_aggregate" to 0 to see all help / error messages
--------------------------------------------------------------------------
WARNING: There was an error initializing an OpenFabrics device.

  Local host:   node02
  Local device: mlx5_0
--------------------------------------------------------------------------
[node02:155719] 3 more processes have sent help message help-mpi-btl-openib.txt / error in device init
[node02:155719] Set MCA parameter "orte_base_help_aggregate" to 0 to see all help / error messages
--------------------------------------------------------------------------
WARNING: There was an error initializing an OpenFabrics device.

  Local host:   node02
  Local device: mlx5_0
--------------------------------------------------------------------------
[node02:156094] 3 more processes have sent help message help-mpi-btl-openib.txt / error in device init
[node02:156094] Set MCA parameter "orte_base_help_aggregate" to 0 to see all help / error messages
--------------------------------------------------------------------------
WARNING: There was an error initializing an OpenFabrics device.

  Local host:   node02
  Local device: mlx5_0
--------------------------------------------------------------------------
[node02:156495] 3 more processes have sent help message help-mpi-btl-openib.txt / error in device init
[node02:156495] Set MCA parameter "orte_base_help_aggregate" to 0 to see all help / error messages
--------------------------------------------------------------------------
WARNING: There was an error initializing an OpenFabrics device.

  Local host:   node02
  Local device: mlx5_0
--------------------------------------------------------------------------
[node02:156904] 3 more processes have sent help message help-mpi-btl-openib.txt / error in device init
[node02:156904] Set MCA parameter "orte_base_help_aggregate" to 0 to see all help / error messages
--------------------------------------------------------------------------
WARNING: There was an error initializing an OpenFabrics device.

  Local host:   node02
  Local device: mlx5_0
--------------------------------------------------------------------------
[node02:157300] 3 more processes have sent help message help-mpi-btl-openib.txt / error in device init
[node02:157300] Set MCA parameter "orte_base_help_aggregate" to 0 to see all help / error messages
--------------------------------------------------------------------------
WARNING: There was an error initializing an OpenFabrics device.

  Local host:   node02
  Local device: mlx5_0
--------------------------------------------------------------------------
[node02:157759] 3 more processes have sent help message help-mpi-btl-openib.txt / error in device init
[node02:157759] Set MCA parameter "orte_base_help_aggregate" to 0 to see all help / error messages
--------------------------------------------------------------------------
WARNING: There was an error initializing an OpenFabrics device.

  Local host:   node02
  Local device: mlx5_0
--------------------------------------------------------------------------
[node02:158138] 3 more processes have sent help message help-mpi-btl-openib.txt / error in device init
[node02:158138] Set MCA parameter "orte_base_help_aggregate" to 0 to see all help / error messages
--------------------------------------------------------------------------
WARNING: There was an error initializing an OpenFabrics device.

  Local host:   node02
  Local device: mlx5_0
--------------------------------------------------------------------------
[node02:158517] 3 more processes have sent help message help-mpi-btl-openib.txt / error in device init
[node02:158517] Set MCA parameter "orte_base_help_aggregate" to 0 to see all help / error messages
--------------------------------------------------------------------------
WARNING: There was an error initializing an OpenFabrics device.

  Local host:   node02
  Local device: mlx5_0
--------------------------------------------------------------------------
[node02:158965] 3 more processes have sent help message help-mpi-btl-openib.txt / error in device init
[node02:158965] Set MCA parameter "orte_base_help_aggregate" to 0 to see all help / error messages
--------------------------------------------------------------------------
WARNING: There was an error initializing an OpenFabrics device.

  Local host:   node02
  Local device: mlx5_0
--------------------------------------------------------------------------
[node02:159299] 3 more processes have sent help message help-mpi-btl-openib.txt / error in device init
[node02:159299] Set MCA parameter "orte_base_help_aggregate" to 0 to see all help / error messages
--------------------------------------------------------------------------
WARNING: There was an error initializing an OpenFabrics device.

  Local host:   node02
  Local device: mlx5_0
--------------------------------------------------------------------------
[node02:159718] 3 more processes have sent help message help-mpi-btl-openib.txt / error in device init
[node02:159718] Set MCA parameter "orte_base_help_aggregate" to 0 to see all help / error messages
--------------------------------------------------------------------------
WARNING: There was an error initializing an OpenFabrics device.

  Local host:   node02
  Local device: mlx5_0
--------------------------------------------------------------------------
[node02:160038] 3 more processes have sent help message help-mpi-btl-openib.txt / error in device init
[node02:160038] Set MCA parameter "orte_base_help_aggregate" to 0 to see all help / error messages
--------------------------------------------------------------------------
WARNING: There was an error initializing an OpenFabrics device.

  Local host:   node02
  Local device: mlx5_0
--------------------------------------------------------------------------
[node02:160378] 3 more processes have sent help message help-mpi-btl-openib.txt / error in device init
[node02:160378] Set MCA parameter "orte_base_help_aggregate" to 0 to see all help / error messages
--------------------------------------------------------------------------
WARNING: There was an error initializing an OpenFabrics device.

  Local host:   node02
  Local device: mlx5_0
--------------------------------------------------------------------------
[node02:160837] 3 more processes have sent help message help-mpi-btl-openib.txt / error in device init
[node02:160837] Set MCA parameter "orte_base_help_aggregate" to 0 to see all help / error messages
--------------------------------------------------------------------------
WARNING: There was an error initializing an OpenFabrics device.

  Local host:   node02
  Local device: mlx5_0
--------------------------------------------------------------------------
[node02:161261] 3 more processes have sent help message help-mpi-btl-openib.txt / error in device init
[node02:161261] Set MCA parameter "orte_base_help_aggregate" to 0 to see all help / error messages
--------------------------------------------------------------------------
WARNING: There was an error initializing an OpenFabrics device.

  Local host:   node02
  Local device: mlx5_0
--------------------------------------------------------------------------
[node02:161645] 3 more processes have sent help message help-mpi-btl-openib.txt / error in device init
[node02:161645] Set MCA parameter "orte_base_help_aggregate" to 0 to see all help / error messages
--------------------------------------------------------------------------
WARNING: There was an error initializing an OpenFabrics device.

  Local host:   node02
  Local device: mlx5_0
--------------------------------------------------------------------------
[node02:161975] 3 more processes have sent help message help-mpi-btl-openib.txt / error in device init
[node02:161975] Set MCA parameter "orte_base_help_aggregate" to 0 to see all help / error messages
--------------------------------------------------------------------------
WARNING: There was an error initializing an OpenFabrics device.

  Local host:   node02
  Local device: mlx5_0
--------------------------------------------------------------------------
[node02:162398] 3 more processes have sent help message help-mpi-btl-openib.txt / error in device init
[node02:162398] Set MCA parameter "orte_base_help_aggregate" to 0 to see all help / error messages
--------------------------------------------------------------------------
WARNING: There was an error initializing an OpenFabrics device.

  Local host:   node02
  Local device: mlx5_0
--------------------------------------------------------------------------
[node02:162795] 3 more processes have sent help message help-mpi-btl-openib.txt / error in device init
[node02:162795] Set MCA parameter "orte_base_help_aggregate" to 0 to see all help / error messages
--------------------------------------------------------------------------
WARNING: There was an error initializing an OpenFabrics device.

  Local host:   node02
  Local device: mlx5_0
--------------------------------------------------------------------------
[node02:163112] 3 more processes have sent help message help-mpi-btl-openib.txt / error in device init
[node02:163112] Set MCA parameter "orte_base_help_aggregate" to 0 to see all help / error messages
--------------------------------------------------------------------------
WARNING: There was an error initializing an OpenFabrics device.

  Local host:   node02
  Local device: mlx5_0
--------------------------------------------------------------------------
[node02:163381] 3 more processes have sent help message help-mpi-btl-openib.txt / error in device init
[node02:163381] Set MCA parameter "orte_base_help_aggregate" to 0 to see all help / error messages
--------------------------------------------------------------------------
WARNING: There was an error initializing an OpenFabrics device.

  Local host:   node02
  Local device: mlx5_0
--------------------------------------------------------------------------
[node02:163720] 3 more processes have sent help message help-mpi-btl-openib.txt / error in device init
[node02:163720] Set MCA parameter "orte_base_help_aggregate" to 0 to see all help / error messages
--------------------------------------------------------------------------
WARNING: There was an error initializing an OpenFabrics device.

  Local host:   node02
  Local device: mlx5_0
--------------------------------------------------------------------------
[node02:164091] 3 more processes have sent help message help-mpi-btl-openib.txt / error in device init
[node02:164091] Set MCA parameter "orte_base_help_aggregate" to 0 to see all help / error messages
--------------------------------------------------------------------------
WARNING: There was an error initializing an OpenFabrics device.

  Local host:   node02
  Local device: mlx5_0
--------------------------------------------------------------------------
[node02:164437] 3 more processes have sent help message help-mpi-btl-openib.txt / error in device init
[node02:164437] Set MCA parameter "orte_base_help_aggregate" to 0 to see all help / error messages
--------------------------------------------------------------------------
WARNING: There was an error initializing an OpenFabrics device.

  Local host:   node02
  Local device: mlx5_0
--------------------------------------------------------------------------
[node02:164806] 3 more processes have sent help message help-mpi-btl-openib.txt / error in device init
[node02:164806] Set MCA parameter "orte_base_help_aggregate" to 0 to see all help / error messages
--------------------------------------------------------------------------
WARNING: There was an error initializing an OpenFabrics device.

  Local host:   node02
  Local device: mlx5_0
--------------------------------------------------------------------------
[node02:165192] 3 more processes have sent help message help-mpi-btl-openib.txt / error in device init
[node02:165192] Set MCA parameter "orte_base_help_aggregate" to 0 to see all help / error messages
--------------------------------------------------------------------------
WARNING: There was an error initializing an OpenFabrics device.

  Local host:   node02
  Local device: mlx5_0
--------------------------------------------------------------------------
[node02:165617] 3 more processes have sent help message help-mpi-btl-openib.txt / error in device init
[node02:165617] Set MCA parameter "orte_base_help_aggregate" to 0 to see all help / error messages
--------------------------------------------------------------------------
WARNING: There was an error initializing an OpenFabrics device.

  Local host:   node02
  Local device: mlx5_0
--------------------------------------------------------------------------
[node02:165924] 3 more processes have sent help message help-mpi-btl-openib.txt / error in device init
[node02:165924] Set MCA parameter "orte_base_help_aggregate" to 0 to see all help / error messages
--------------------------------------------------------------------------
WARNING: There was an error initializing an OpenFabrics device.

  Local host:   node02
  Local device: mlx5_0
--------------------------------------------------------------------------
[node02:166313] 3 more processes have sent help message help-mpi-btl-openib.txt / error in device init
[node02:166313] Set MCA parameter "orte_base_help_aggregate" to 0 to see all help / error messages
--------------------------------------------------------------------------
WARNING: There was an error initializing an OpenFabrics device.

  Local host:   node02
  Local device: mlx5_0
--------------------------------------------------------------------------
[node02:166693] 3 more processes have sent help message help-mpi-btl-openib.txt / error in device init
[node02:166693] Set MCA parameter "orte_base_help_aggregate" to 0 to see all help / error messages
--------------------------------------------------------------------------
WARNING: There was an error initializing an OpenFabrics device.

  Local host:   node02
  Local device: mlx5_0
--------------------------------------------------------------------------
[node02:167003] 3 more processes have sent help message help-mpi-btl-openib.txt / error in device init
[node02:167003] Set MCA parameter "orte_base_help_aggregate" to 0 to see all help / error messages
--------------------------------------------------------------------------
WARNING: There was an error initializing an OpenFabrics device.

  Local host:   node02
  Local device: mlx5_0
--------------------------------------------------------------------------
[node02:167214] 3 more processes have sent help message help-mpi-btl-openib.txt / error in device init
[node02:167214] Set MCA parameter "orte_base_help_aggregate" to 0 to see all help / error messages
--------------------------------------------------------------------------
WARNING: There was an error initializing an OpenFabrics device.

  Local host:   node02
  Local device: mlx5_0
--------------------------------------------------------------------------
[node02:167614] 3 more processes have sent help message help-mpi-btl-openib.txt / error in device init
[node02:167614] Set MCA parameter "orte_base_help_aggregate" to 0 to see all help / error messages
--------------------------------------------------------------------------
WARNING: There was an error initializing an OpenFabrics device.

  Local host:   node02
  Local device: mlx5_0
--------------------------------------------------------------------------
[node02:168029] 3 more processes have sent help message help-mpi-btl-openib.txt / error in device init
[node02:168029] Set MCA parameter "orte_base_help_aggregate" to 0 to see all help / error messages
--------------------------------------------------------------------------
WARNING: There was an error initializing an OpenFabrics device.

  Local host:   node02
  Local device: mlx5_0
--------------------------------------------------------------------------
[node02:168461] 3 more processes have sent help message help-mpi-btl-openib.txt / error in device init
[node02:168461] Set MCA parameter "orte_base_help_aggregate" to 0 to see all help / error messages
--------------------------------------------------------------------------
WARNING: There was an error initializing an OpenFabrics device.

  Local host:   node02
  Local device: mlx5_0
--------------------------------------------------------------------------
[node02:168872] 3 more processes have sent help message help-mpi-btl-openib.txt / error in device init
[node02:168872] Set MCA parameter "orte_base_help_aggregate" to 0 to see all help / error messages
--------------------------------------------------------------------------
WARNING: There was an error initializing an OpenFabrics device.

  Local host:   node02
  Local device: mlx5_0
--------------------------------------------------------------------------
[node02:169277] 3 more processes have sent help message help-mpi-btl-openib.txt / error in device init
[node02:169277] Set MCA parameter "orte_base_help_aggregate" to 0 to see all help / error messages
--------------------------------------------------------------------------
WARNING: There was an error initializing an OpenFabrics device.

  Local host:   node02
  Local device: mlx5_0
--------------------------------------------------------------------------
[node02:169630] 3 more processes have sent help message help-mpi-btl-openib.txt / error in device init
[node02:169630] Set MCA parameter "orte_base_help_aggregate" to 0 to see all help / error messages
--------------------------------------------------------------------------
WARNING: There was an error initializing an OpenFabrics device.

  Local host:   node02
  Local device: mlx5_0
--------------------------------------------------------------------------
[node02:169971] 3 more processes have sent help message help-mpi-btl-openib.txt / error in device init
[node02:169971] Set MCA parameter "orte_base_help_aggregate" to 0 to see all help / error messages
--------------------------------------------------------------------------
WARNING: There was an error initializing an OpenFabrics device.

  Local host:   node02
  Local device: mlx5_0
--------------------------------------------------------------------------
[node02:170305] 3 more processes have sent help message help-mpi-btl-openib.txt / error in device init
[node02:170305] Set MCA parameter "orte_base_help_aggregate" to 0 to see all help / error messages
--------------------------------------------------------------------------
WARNING: There was an error initializing an OpenFabrics device.

  Local host:   node02
  Local device: mlx5_0
--------------------------------------------------------------------------
[node02:170596] 3 more processes have sent help message help-mpi-btl-openib.txt / error in device init
[node02:170596] Set MCA parameter "orte_base_help_aggregate" to 0 to see all help / error messages
--------------------------------------------------------------------------
WARNING: There was an error initializing an OpenFabrics device.

  Local host:   node02
  Local device: mlx5_0
--------------------------------------------------------------------------
[node02:171017] 3 more processes have sent help message help-mpi-btl-openib.txt / error in device init
[node02:171017] Set MCA parameter "orte_base_help_aggregate" to 0 to see all help / error messages
--------------------------------------------------------------------------
WARNING: There was an error initializing an OpenFabrics device.

  Local host:   node02
  Local device: mlx5_0
--------------------------------------------------------------------------
[node02:171419] 3 more processes have sent help message help-mpi-btl-openib.txt / error in device init
[node02:171419] Set MCA parameter "orte_base_help_aggregate" to 0 to see all help / error messages
--------------------------------------------------------------------------
WARNING: There was an error initializing an OpenFabrics device.

  Local host:   node02
  Local device: mlx5_0
--------------------------------------------------------------------------
[node02:171803] 3 more processes have sent help message help-mpi-btl-openib.txt / error in device init
[node02:171803] Set MCA parameter "orte_base_help_aggregate" to 0 to see all help / error messages
--------------------------------------------------------------------------
WARNING: There was an error initializing an OpenFabrics device.

  Local host:   node02
  Local device: mlx5_0
--------------------------------------------------------------------------
[node02:172119] 3 more processes have sent help message help-mpi-btl-openib.txt / error in device init
[node02:172119] Set MCA parameter "orte_base_help_aggregate" to 0 to see all help / error messages
--------------------------------------------------------------------------
WARNING: There was an error initializing an OpenFabrics device.

  Local host:   node02
  Local device: mlx5_0
--------------------------------------------------------------------------
[node02:172594] 3 more processes have sent help message help-mpi-btl-openib.txt / error in device init
[node02:172594] Set MCA parameter "orte_base_help_aggregate" to 0 to see all help / error messages
--------------------------------------------------------------------------
WARNING: There was an error initializing an OpenFabrics device.

  Local host:   node02
  Local device: mlx5_0
--------------------------------------------------------------------------
[node02:172956] 3 more processes have sent help message help-mpi-btl-openib.txt / error in device init
[node02:172956] Set MCA parameter "orte_base_help_aggregate" to 0 to see all help / error messages
--------------------------------------------------------------------------
WARNING: There was an error initializing an OpenFabrics device.

  Local host:   node02
  Local device: mlx5_0
--------------------------------------------------------------------------
[node02:173203] 3 more processes have sent help message help-mpi-btl-openib.txt / error in device init
[node02:173203] Set MCA parameter "orte_base_help_aggregate" to 0 to see all help / error messages
--------------------------------------------------------------------------
WARNING: There was an error initializing an OpenFabrics device.

  Local host:   node02
  Local device: mlx5_0
--------------------------------------------------------------------------
[node02:173593] 3 more processes have sent help message help-mpi-btl-openib.txt / error in device init
[node02:173593] Set MCA parameter "orte_base_help_aggregate" to 0 to see all help / error messages
--------------------------------------------------------------------------
WARNING: There was an error initializing an OpenFabrics device.

  Local host:   node02
  Local device: mlx5_0
--------------------------------------------------------------------------
[node02:174061] 3 more processes have sent help message help-mpi-btl-openib.txt / error in device init
[node02:174061] Set MCA parameter "orte_base_help_aggregate" to 0 to see all help / error messages
--------------------------------------------------------------------------
WARNING: There was an error initializing an OpenFabrics device.

  Local host:   node02
  Local device: mlx5_0
--------------------------------------------------------------------------
[node02:174403] 3 more processes have sent help message help-mpi-btl-openib.txt / error in device init
[node02:174403] Set MCA parameter "orte_base_help_aggregate" to 0 to see all help / error messages
--------------------------------------------------------------------------
WARNING: There was an error initializing an OpenFabrics device.

  Local host:   node02
  Local device: mlx5_0
--------------------------------------------------------------------------
[node02:174807] 3 more processes have sent help message help-mpi-btl-openib.txt / error in device init
[node02:174807] Set MCA parameter "orte_base_help_aggregate" to 0 to see all help / error messages
--------------------------------------------------------------------------
WARNING: There was an error initializing an OpenFabrics device.

  Local host:   node02
  Local device: mlx5_0
--------------------------------------------------------------------------
[node02:175219] 3 more processes have sent help message help-mpi-btl-openib.txt / error in device init
[node02:175219] Set MCA parameter "orte_base_help_aggregate" to 0 to see all help / error messages
--------------------------------------------------------------------------
WARNING: There was an error initializing an OpenFabrics device.

  Local host:   node02
  Local device: mlx5_0
--------------------------------------------------------------------------
[node02:175528] 3 more processes have sent help message help-mpi-btl-openib.txt / error in device init
[node02:175528] Set MCA parameter "orte_base_help_aggregate" to 0 to see all help / error messages
--------------------------------------------------------------------------
WARNING: There was an error initializing an OpenFabrics device.

  Local host:   node02
  Local device: mlx5_0
--------------------------------------------------------------------------
[node02:175913] 3 more processes have sent help message help-mpi-btl-openib.txt / error in device init
[node02:175913] Set MCA parameter "orte_base_help_aggregate" to 0 to see all help / error messages
--------------------------------------------------------------------------
WARNING: There was an error initializing an OpenFabrics device.

  Local host:   node02
  Local device: mlx5_0
--------------------------------------------------------------------------
[node02:176257] 3 more processes have sent help message help-mpi-btl-openib.txt / error in device init
[node02:176257] Set MCA parameter "orte_base_help_aggregate" to 0 to see all help / error messages
--------------------------------------------------------------------------
WARNING: There was an error initializing an OpenFabrics device.

  Local host:   node02
  Local device: mlx5_0
--------------------------------------------------------------------------
[node02:176564] 3 more processes have sent help message help-mpi-btl-openib.txt / error in device init
[node02:176564] Set MCA parameter "orte_base_help_aggregate" to 0 to see all help / error messages
--------------------------------------------------------------------------
WARNING: There was an error initializing an OpenFabrics device.

  Local host:   node02
  Local device: mlx5_0
--------------------------------------------------------------------------
[node02:176965] 3 more processes have sent help message help-mpi-btl-openib.txt / error in device init
[node02:176965] Set MCA parameter "orte_base_help_aggregate" to 0 to see all help / error messages
--------------------------------------------------------------------------
WARNING: There was an error initializing an OpenFabrics device.

  Local host:   node02
  Local device: mlx5_0
--------------------------------------------------------------------------
[node02:177395] 3 more processes have sent help message help-mpi-btl-openib.txt / error in device init
[node02:177395] Set MCA parameter "orte_base_help_aggregate" to 0 to see all help / error messages
--------------------------------------------------------------------------
WARNING: There was an error initializing an OpenFabrics device.

  Local host:   node02
  Local device: mlx5_0
--------------------------------------------------------------------------
[node02:177718] 3 more processes have sent help message help-mpi-btl-openib.txt / error in device init
[node02:177718] Set MCA parameter "orte_base_help_aggregate" to 0 to see all help / error messages
--------------------------------------------------------------------------
WARNING: There was an error initializing an OpenFabrics device.

  Local host:   node02
  Local device: mlx5_0
--------------------------------------------------------------------------
[node02:178130] 3 more processes have sent help message help-mpi-btl-openib.txt / error in device init
[node02:178130] Set MCA parameter "orte_base_help_aggregate" to 0 to see all help / error messages
--------------------------------------------------------------------------
WARNING: There was an error initializing an OpenFabrics device.

  Local host:   node02
  Local device: mlx5_0
--------------------------------------------------------------------------
[node02:178558] 3 more processes have sent help message help-mpi-btl-openib.txt / error in device init
[node02:178558] Set MCA parameter "orte_base_help_aggregate" to 0 to see all help / error messages
--------------------------------------------------------------------------
WARNING: There was an error initializing an OpenFabrics device.

  Local host:   node02
  Local device: mlx5_0
--------------------------------------------------------------------------
[node02:178951] 3 more processes have sent help message help-mpi-btl-openib.txt / error in device init
[node02:178951] Set MCA parameter "orte_base_help_aggregate" to 0 to see all help / error messages
--------------------------------------------------------------------------
WARNING: There was an error initializing an OpenFabrics device.

  Local host:   node02
  Local device: mlx5_0
--------------------------------------------------------------------------
[node02:179368] 3 more processes have sent help message help-mpi-btl-openib.txt / error in device init
[node02:179368] Set MCA parameter "orte_base_help_aggregate" to 0 to see all help / error messages
--------------------------------------------------------------------------
WARNING: There was an error initializing an OpenFabrics device.

  Local host:   node02
  Local device: mlx5_0
--------------------------------------------------------------------------
[node02:179563] 3 more processes have sent help message help-mpi-btl-openib.txt / error in device init
[node02:179563] Set MCA parameter "orte_base_help_aggregate" to 0 to see all help / error messages
--------------------------------------------------------------------------
WARNING: There was an error initializing an OpenFabrics device.

  Local host:   node02
  Local device: mlx5_0
--------------------------------------------------------------------------
[node02:179893] 3 more processes have sent help message help-mpi-btl-openib.txt / error in device init
[node02:179893] Set MCA parameter "orte_base_help_aggregate" to 0 to see all help / error messages
--------------------------------------------------------------------------
WARNING: There was an error initializing an OpenFabrics device.

  Local host:   node02
  Local device: mlx5_0
--------------------------------------------------------------------------
[node02:180309] 3 more processes have sent help message help-mpi-btl-openib.txt / error in device init
[node02:180309] Set MCA parameter "orte_base_help_aggregate" to 0 to see all help / error messages
--------------------------------------------------------------------------
WARNING: There was an error initializing an OpenFabrics device.

  Local host:   node02
  Local device: mlx5_0
--------------------------------------------------------------------------
[node02:180666] 3 more processes have sent help message help-mpi-btl-openib.txt / error in device init
[node02:180666] Set MCA parameter "orte_base_help_aggregate" to 0 to see all help / error messages
--------------------------------------------------------------------------
WARNING: There was an error initializing an OpenFabrics device.

  Local host:   node02
  Local device: mlx5_0
--------------------------------------------------------------------------
[node02:181017] 3 more processes have sent help message help-mpi-btl-openib.txt / error in device init
[node02:181017] Set MCA parameter "orte_base_help_aggregate" to 0 to see all help / error messages
--------------------------------------------------------------------------
WARNING: There was an error initializing an OpenFabrics device.

  Local host:   node02
  Local device: mlx5_0
--------------------------------------------------------------------------
[node02:181398] 3 more processes have sent help message help-mpi-btl-openib.txt / error in device init
[node02:181398] Set MCA parameter "orte_base_help_aggregate" to 0 to see all help / error messages
--------------------------------------------------------------------------
WARNING: There was an error initializing an OpenFabrics device.

  Local host:   node02
  Local device: mlx5_0
--------------------------------------------------------------------------
[node02:181720] 3 more processes have sent help message help-mpi-btl-openib.txt / error in device init
[node02:181720] Set MCA parameter "orte_base_help_aggregate" to 0 to see all help / error messages
--------------------------------------------------------------------------
WARNING: There was an error initializing an OpenFabrics device.

  Local host:   node02
  Local device: mlx5_0
--------------------------------------------------------------------------
[node02:182142] 3 more processes have sent help message help-mpi-btl-openib.txt / error in device init
[node02:182142] Set MCA parameter "orte_base_help_aggregate" to 0 to see all help / error messages
--------------------------------------------------------------------------
WARNING: There was an error initializing an OpenFabrics device.

  Local host:   node02
  Local device: mlx5_0
--------------------------------------------------------------------------
[node02:182502] 3 more processes have sent help message help-mpi-btl-openib.txt / error in device init
[node02:182502] Set MCA parameter "orte_base_help_aggregate" to 0 to see all help / error messages
--------------------------------------------------------------------------
WARNING: There was an error initializing an OpenFabrics device.

  Local host:   node02
  Local device: mlx5_0
--------------------------------------------------------------------------
[node02:182879] 3 more processes have sent help message help-mpi-btl-openib.txt / error in device init
[node02:182879] Set MCA parameter "orte_base_help_aggregate" to 0 to see all help / error messages
--------------------------------------------------------------------------
WARNING: There was an error initializing an OpenFabrics device.

  Local host:   node02
  Local device: mlx5_0
--------------------------------------------------------------------------
[node02:183230] 3 more processes have sent help message help-mpi-btl-openib.txt / error in device init
[node02:183230] Set MCA parameter "orte_base_help_aggregate" to 0 to see all help / error messages
--------------------------------------------------------------------------
WARNING: There was an error initializing an OpenFabrics device.

  Local host:   node02
  Local device: mlx5_0
--------------------------------------------------------------------------
[node02:183703] 3 more processes have sent help message help-mpi-btl-openib.txt / error in device init
[node02:183703] Set MCA parameter "orte_base_help_aggregate" to 0 to see all help / error messages
--------------------------------------------------------------------------
WARNING: There was an error initializing an OpenFabrics device.

  Local host:   node02
  Local device: mlx5_0
--------------------------------------------------------------------------
[node02:184095] 3 more processes have sent help message help-mpi-btl-openib.txt / error in device init
[node02:184095] Set MCA parameter "orte_base_help_aggregate" to 0 to see all help / error messages
--------------------------------------------------------------------------
WARNING: There was an error initializing an OpenFabrics device.

  Local host:   node02
  Local device: mlx5_0
--------------------------------------------------------------------------
[node02:184476] 3 more processes have sent help message help-mpi-btl-openib.txt / error in device init
[node02:184476] Set MCA parameter "orte_base_help_aggregate" to 0 to see all help / error messages
--------------------------------------------------------------------------
WARNING: There was an error initializing an OpenFabrics device.

  Local host:   node02
  Local device: mlx5_0
--------------------------------------------------------------------------
[node02:184835] 3 more processes have sent help message help-mpi-btl-openib.txt / error in device init
[node02:184835] Set MCA parameter "orte_base_help_aggregate" to 0 to see all help / error messages
--------------------------------------------------------------------------
WARNING: There was an error initializing an OpenFabrics device.

  Local host:   node02
  Local device: mlx5_0
--------------------------------------------------------------------------
[node02:185163] 3 more processes have sent help message help-mpi-btl-openib.txt / error in device init
[node02:185163] Set MCA parameter "orte_base_help_aggregate" to 0 to see all help / error messages
--------------------------------------------------------------------------
WARNING: There was an error initializing an OpenFabrics device.

  Local host:   node02
  Local device: mlx5_0
--------------------------------------------------------------------------
[node02:185542] 3 more processes have sent help message help-mpi-btl-openib.txt / error in device init
[node02:185542] Set MCA parameter "orte_base_help_aggregate" to 0 to see all help / error messages
--------------------------------------------------------------------------
WARNING: There was an error initializing an OpenFabrics device.

  Local host:   node02
  Local device: mlx5_0
--------------------------------------------------------------------------
[node02:185991] 3 more processes have sent help message help-mpi-btl-openib.txt / error in device init
[node02:185991] Set MCA parameter "orte_base_help_aggregate" to 0 to see all help / error messages
--------------------------------------------------------------------------
WARNING: There was an error initializing an OpenFabrics device.

  Local host:   node02
  Local device: mlx5_0
--------------------------------------------------------------------------
[node02:186321] 3 more processes have sent help message help-mpi-btl-openib.txt / error in device init
[node02:186321] Set MCA parameter "orte_base_help_aggregate" to 0 to see all help / error messages
--------------------------------------------------------------------------
WARNING: There was an error initializing an OpenFabrics device.

  Local host:   node02
  Local device: mlx5_0
--------------------------------------------------------------------------
[node02:186716] 3 more processes have sent help message help-mpi-btl-openib.txt / error in device init
[node02:186716] Set MCA parameter "orte_base_help_aggregate" to 0 to see all help / error messages
--------------------------------------------------------------------------
WARNING: There was an error initializing an OpenFabrics device.

  Local host:   node02
  Local device: mlx5_0
--------------------------------------------------------------------------
[node02:187177] 3 more processes have sent help message help-mpi-btl-openib.txt / error in device init
[node02:187177] Set MCA parameter "orte_base_help_aggregate" to 0 to see all help / error messages
--------------------------------------------------------------------------
WARNING: There was an error initializing an OpenFabrics device.

  Local host:   node02
  Local device: mlx5_0
--------------------------------------------------------------------------
[node02:187512] 3 more processes have sent help message help-mpi-btl-openib.txt / error in device init
[node02:187512] Set MCA parameter "orte_base_help_aggregate" to 0 to see all help / error messages
--------------------------------------------------------------------------
WARNING: There was an error initializing an OpenFabrics device.

  Local host:   node02
  Local device: mlx5_0
--------------------------------------------------------------------------
[node02:187949] 3 more processes have sent help message help-mpi-btl-openib.txt / error in device init
[node02:187949] Set MCA parameter "orte_base_help_aggregate" to 0 to see all help / error messages
--------------------------------------------------------------------------
WARNING: There was an error initializing an OpenFabrics device.

  Local host:   node02
  Local device: mlx5_0
--------------------------------------------------------------------------
[node02:188487] 3 more processes have sent help message help-mpi-btl-openib.txt / error in device init
[node02:188487] Set MCA parameter "orte_base_help_aggregate" to 0 to see all help / error messages
--------------------------------------------------------------------------
WARNING: There was an error initializing an OpenFabrics device.

  Local host:   node02
  Local device: mlx5_0
--------------------------------------------------------------------------
[node02:188747] 3 more processes have sent help message help-mpi-btl-openib.txt / error in device init
[node02:188747] Set MCA parameter "orte_base_help_aggregate" to 0 to see all help / error messages
--------------------------------------------------------------------------
WARNING: There was an error initializing an OpenFabrics device.

  Local host:   node02
  Local device: mlx5_0
--------------------------------------------------------------------------
[node02:189130] 3 more processes have sent help message help-mpi-btl-openib.txt / error in device init
[node02:189130] Set MCA parameter "orte_base_help_aggregate" to 0 to see all help / error messages
--------------------------------------------------------------------------
WARNING: There was an error initializing an OpenFabrics device.

  Local host:   node02
  Local device: mlx5_0
--------------------------------------------------------------------------
[node02:189542] 3 more processes have sent help message help-mpi-btl-openib.txt / error in device init
[node02:189542] Set MCA parameter "orte_base_help_aggregate" to 0 to see all help / error messages
--------------------------------------------------------------------------
WARNING: There was an error initializing an OpenFabrics device.

  Local host:   node02
  Local device: mlx5_0
--------------------------------------------------------------------------
[node02:189841] 3 more processes have sent help message help-mpi-btl-openib.txt / error in device init
[node02:189841] Set MCA parameter "orte_base_help_aggregate" to 0 to see all help / error messages
--------------------------------------------------------------------------
WARNING: There was an error initializing an OpenFabrics device.

  Local host:   node02
  Local device: mlx5_0
--------------------------------------------------------------------------
[node02:190184] 3 more processes have sent help message help-mpi-btl-openib.txt / error in device init
[node02:190184] Set MCA parameter "orte_base_help_aggregate" to 0 to see all help / error messages
--------------------------------------------------------------------------
WARNING: There was an error initializing an OpenFabrics device.

  Local host:   node02
  Local device: mlx5_0
--------------------------------------------------------------------------
[node02:190523] 3 more processes have sent help message help-mpi-btl-openib.txt / error in device init
[node02:190523] Set MCA parameter "orte_base_help_aggregate" to 0 to see all help / error messages
--------------------------------------------------------------------------
WARNING: There was an error initializing an OpenFabrics device.

  Local host:   node02
  Local device: mlx5_0
--------------------------------------------------------------------------
[node02:190875] 3 more processes have sent help message help-mpi-btl-openib.txt / error in device init
[node02:190875] Set MCA parameter "orte_base_help_aggregate" to 0 to see all help / error messages
--------------------------------------------------------------------------
WARNING: There was an error initializing an OpenFabrics device.

  Local host:   node02
  Local device: mlx5_0
--------------------------------------------------------------------------
[node02:191275] 3 more processes have sent help message help-mpi-btl-openib.txt / error in device init
[node02:191275] Set MCA parameter "orte_base_help_aggregate" to 0 to see all help / error messages
--------------------------------------------------------------------------
WARNING: There was an error initializing an OpenFabrics device.

  Local host:   node02
  Local device: mlx5_0
--------------------------------------------------------------------------
[node02:191653] 3 more processes have sent help message help-mpi-btl-openib.txt / error in device init
[node02:191653] Set MCA parameter "orte_base_help_aggregate" to 0 to see all help / error messages
--------------------------------------------------------------------------
WARNING: There was an error initializing an OpenFabrics device.

  Local host:   node02
  Local device: mlx5_0
--------------------------------------------------------------------------
[node02:192019] 3 more processes have sent help message help-mpi-btl-openib.txt / error in device init
[node02:192019] Set MCA parameter "orte_base_help_aggregate" to 0 to see all help / error messages
--------------------------------------------------------------------------
WARNING: There was an error initializing an OpenFabrics device.

  Local host:   node02
  Local device: mlx5_0
--------------------------------------------------------------------------
[node02:192395] 3 more processes have sent help message help-mpi-btl-openib.txt / error in device init
[node02:192395] Set MCA parameter "orte_base_help_aggregate" to 0 to see all help / error messages
--------------------------------------------------------------------------
WARNING: There was an error initializing an OpenFabrics device.

  Local host:   node02
  Local device: mlx5_0
--------------------------------------------------------------------------
[node02:192653] 3 more processes have sent help message help-mpi-btl-openib.txt / error in device init
[node02:192653] Set MCA parameter "orte_base_help_aggregate" to 0 to see all help / error messages
--------------------------------------------------------------------------
WARNING: There was an error initializing an OpenFabrics device.

  Local host:   node02
  Local device: mlx5_0
--------------------------------------------------------------------------
[node02:193027] 3 more processes have sent help message help-mpi-btl-openib.txt / error in device init
[node02:193027] Set MCA parameter "orte_base_help_aggregate" to 0 to see all help / error messages
--------------------------------------------------------------------------
WARNING: There was an error initializing an OpenFabrics device.

  Local host:   node02
  Local device: mlx5_0
--------------------------------------------------------------------------
[node02:193375] 3 more processes have sent help message help-mpi-btl-openib.txt / error in device init
[node02:193375] Set MCA parameter "orte_base_help_aggregate" to 0 to see all help / error messages
--------------------------------------------------------------------------
WARNING: There was an error initializing an OpenFabrics device.

  Local host:   node02
  Local device: mlx5_0
--------------------------------------------------------------------------
[node02:193741] 3 more processes have sent help message help-mpi-btl-openib.txt / error in device init
[node02:193741] Set MCA parameter "orte_base_help_aggregate" to 0 to see all help / error messages
--------------------------------------------------------------------------
WARNING: There was an error initializing an OpenFabrics device.

  Local host:   node02
  Local device: mlx5_0
--------------------------------------------------------------------------
[node02:194082] 3 more processes have sent help message help-mpi-btl-openib.txt / error in device init
[node02:194082] Set MCA parameter "orte_base_help_aggregate" to 0 to see all help / error messages
--------------------------------------------------------------------------
WARNING: There was an error initializing an OpenFabrics device.

  Local host:   node02
  Local device: mlx5_0
--------------------------------------------------------------------------
[node02:194439] 3 more processes have sent help message help-mpi-btl-openib.txt / error in device init
[node02:194439] Set MCA parameter "orte_base_help_aggregate" to 0 to see all help / error messages
--------------------------------------------------------------------------
WARNING: There was an error initializing an OpenFabrics device.

  Local host:   node02
  Local device: mlx5_0
--------------------------------------------------------------------------
[node02:194679] 3 more processes have sent help message help-mpi-btl-openib.txt / error in device init
[node02:194679] Set MCA parameter "orte_base_help_aggregate" to 0 to see all help / error messages
--------------------------------------------------------------------------
WARNING: There was an error initializing an OpenFabrics device.

  Local host:   node02
  Local device: mlx5_0
--------------------------------------------------------------------------
[node02:194975] 3 more processes have sent help message help-mpi-btl-openib.txt / error in device init
[node02:194975] Set MCA parameter "orte_base_help_aggregate" to 0 to see all help / error messages
--------------------------------------------------------------------------
WARNING: There was an error initializing an OpenFabrics device.

  Local host:   node02
  Local device: mlx5_0
--------------------------------------------------------------------------
[node02:195435] 3 more processes have sent help message help-mpi-btl-openib.txt / error in device init
[node02:195435] Set MCA parameter "orte_base_help_aggregate" to 0 to see all help / error messages
--------------------------------------------------------------------------
WARNING: There was an error initializing an OpenFabrics device.

  Local host:   node02
  Local device: mlx5_0
--------------------------------------------------------------------------
[node02:195895] 3 more processes have sent help message help-mpi-btl-openib.txt / error in device init
[node02:195895] Set MCA parameter "orte_base_help_aggregate" to 0 to see all help / error messages
--------------------------------------------------------------------------
WARNING: There was an error initializing an OpenFabrics device.

  Local host:   node02
  Local device: mlx5_0
--------------------------------------------------------------------------
[node02:196256] 3 more processes have sent help message help-mpi-btl-openib.txt / error in device init
[node02:196256] Set MCA parameter "orte_base_help_aggregate" to 0 to see all help / error messages
--------------------------------------------------------------------------
WARNING: There was an error initializing an OpenFabrics device.

  Local host:   node02
  Local device: mlx5_0
--------------------------------------------------------------------------
[node02:196578] 3 more processes have sent help message help-mpi-btl-openib.txt / error in device init
[node02:196578] Set MCA parameter "orte_base_help_aggregate" to 0 to see all help / error messages
--------------------------------------------------------------------------
WARNING: There was an error initializing an OpenFabrics device.

  Local host:   node02
  Local device: mlx5_0
--------------------------------------------------------------------------
[node02:196856] 3 more processes have sent help message help-mpi-btl-openib.txt / error in device init
[node02:196856] Set MCA parameter "orte_base_help_aggregate" to 0 to see all help / error messages
--------------------------------------------------------------------------
WARNING: There was an error initializing an OpenFabrics device.

  Local host:   node02
  Local device: mlx5_0
--------------------------------------------------------------------------
[node02:197192] 3 more processes have sent help message help-mpi-btl-openib.txt / error in device init
[node02:197192] Set MCA parameter "orte_base_help_aggregate" to 0 to see all help / error messages
--------------------------------------------------------------------------
WARNING: There was an error initializing an OpenFabrics device.

  Local host:   node02
  Local device: mlx5_0
--------------------------------------------------------------------------
[node02:197547] 3 more processes have sent help message help-mpi-btl-openib.txt / error in device init
[node02:197547] Set MCA parameter "orte_base_help_aggregate" to 0 to see all help / error messages
--------------------------------------------------------------------------
WARNING: There was an error initializing an OpenFabrics device.

  Local host:   node02
  Local device: mlx5_0
--------------------------------------------------------------------------
[node02:197934] 3 more processes have sent help message help-mpi-btl-openib.txt / error in device init
[node02:197934] Set MCA parameter "orte_base_help_aggregate" to 0 to see all help / error messages
--------------------------------------------------------------------------
WARNING: There was an error initializing an OpenFabrics device.

  Local host:   node02
  Local device: mlx5_0
--------------------------------------------------------------------------
[node02:198271] 3 more processes have sent help message help-mpi-btl-openib.txt / error in device init
[node02:198271] Set MCA parameter "orte_base_help_aggregate" to 0 to see all help / error messages
--------------------------------------------------------------------------
WARNING: There was an error initializing an OpenFabrics device.

  Local host:   node02
  Local device: mlx5_0
--------------------------------------------------------------------------
[node02:198634] 3 more processes have sent help message help-mpi-btl-openib.txt / error in device init
[node02:198634] Set MCA parameter "orte_base_help_aggregate" to 0 to see all help / error messages
--------------------------------------------------------------------------
WARNING: There was an error initializing an OpenFabrics device.

  Local host:   node02
  Local device: mlx5_0
--------------------------------------------------------------------------
[node02:199018] 3 more processes have sent help message help-mpi-btl-openib.txt / error in device init
[node02:199018] Set MCA parameter "orte_base_help_aggregate" to 0 to see all help / error messages
--------------------------------------------------------------------------
WARNING: There was an error initializing an OpenFabrics device.

  Local host:   node02
  Local device: mlx5_0
--------------------------------------------------------------------------
[node02:199262] 3 more processes have sent help message help-mpi-btl-openib.txt / error in device init
[node02:199262] Set MCA parameter "orte_base_help_aggregate" to 0 to see all help / error messages
--------------------------------------------------------------------------
WARNING: There was an error initializing an OpenFabrics device.

  Local host:   node02
  Local device: mlx5_0
--------------------------------------------------------------------------
[node02:199652] 3 more processes have sent help message help-mpi-btl-openib.txt / error in device init
[node02:199652] Set MCA parameter "orte_base_help_aggregate" to 0 to see all help / error messages
--------------------------------------------------------------------------
WARNING: There was an error initializing an OpenFabrics device.

  Local host:   node02
  Local device: mlx5_0
--------------------------------------------------------------------------
[node02:200031] 3 more processes have sent help message help-mpi-btl-openib.txt / error in device init
[node02:200031] Set MCA parameter "orte_base_help_aggregate" to 0 to see all help / error messages
--------------------------------------------------------------------------
WARNING: There was an error initializing an OpenFabrics device.

  Local host:   node02
  Local device: mlx5_0
--------------------------------------------------------------------------
[node02:200274] 3 more processes have sent help message help-mpi-btl-openib.txt / error in device init
[node02:200274] Set MCA parameter "orte_base_help_aggregate" to 0 to see all help / error messages
--------------------------------------------------------------------------
WARNING: There was an error initializing an OpenFabrics device.

  Local host:   node02
  Local device: mlx5_0
--------------------------------------------------------------------------
[node02:200665] 3 more processes have sent help message help-mpi-btl-openib.txt / error in device init
[node02:200665] Set MCA parameter "orte_base_help_aggregate" to 0 to see all help / error messages
--------------------------------------------------------------------------
WARNING: There was an error initializing an OpenFabrics device.

  Local host:   node02
  Local device: mlx5_0
--------------------------------------------------------------------------
[node02:201056] 3 more processes have sent help message help-mpi-btl-openib.txt / error in device init
[node02:201056] Set MCA parameter "orte_base_help_aggregate" to 0 to see all help / error messages
--------------------------------------------------------------------------
WARNING: There was an error initializing an OpenFabrics device.

  Local host:   node02
  Local device: mlx5_0
--------------------------------------------------------------------------
[node02:201382] 3 more processes have sent help message help-mpi-btl-openib.txt / error in device init
[node02:201382] Set MCA parameter "orte_base_help_aggregate" to 0 to see all help / error messages
--------------------------------------------------------------------------
WARNING: There was an error initializing an OpenFabrics device.

  Local host:   node02
  Local device: mlx5_0
--------------------------------------------------------------------------
[node02:201697] 3 more processes have sent help message help-mpi-btl-openib.txt / error in device init
[node02:201697] Set MCA parameter "orte_base_help_aggregate" to 0 to see all help / error messages
--------------------------------------------------------------------------
WARNING: There was an error initializing an OpenFabrics device.

  Local host:   node02
  Local device: mlx5_0
--------------------------------------------------------------------------
[node02:202031] 3 more processes have sent help message help-mpi-btl-openib.txt / error in device init
[node02:202031] Set MCA parameter "orte_base_help_aggregate" to 0 to see all help / error messages
--------------------------------------------------------------------------
WARNING: There was an error initializing an OpenFabrics device.

  Local host:   node02
  Local device: mlx5_0
--------------------------------------------------------------------------
[node02:202442] 3 more processes have sent help message help-mpi-btl-openib.txt / error in device init
[node02:202442] Set MCA parameter "orte_base_help_aggregate" to 0 to see all help / error messages
--------------------------------------------------------------------------
WARNING: There was an error initializing an OpenFabrics device.

  Local host:   node02
  Local device: mlx5_0
--------------------------------------------------------------------------
[node02:202787] 3 more processes have sent help message help-mpi-btl-openib.txt / error in device init
[node02:202787] Set MCA parameter "orte_base_help_aggregate" to 0 to see all help / error messages
--------------------------------------------------------------------------
WARNING: There was an error initializing an OpenFabrics device.

  Local host:   node02
  Local device: mlx5_0
--------------------------------------------------------------------------
[node02:203155] 3 more processes have sent help message help-mpi-btl-openib.txt / error in device init
[node02:203155] Set MCA parameter "orte_base_help_aggregate" to 0 to see all help / error messages
--------------------------------------------------------------------------
WARNING: There was an error initializing an OpenFabrics device.

  Local host:   node02
  Local device: mlx5_0
--------------------------------------------------------------------------
[node02:203513] 3 more processes have sent help message help-mpi-btl-openib.txt / error in device init
[node02:203513] Set MCA parameter "orte_base_help_aggregate" to 0 to see all help / error messages
--------------------------------------------------------------------------
WARNING: There was an error initializing an OpenFabrics device.

  Local host:   node02
  Local device: mlx5_0
--------------------------------------------------------------------------
[node02:203756] 3 more processes have sent help message help-mpi-btl-openib.txt / error in device init
[node02:203756] Set MCA parameter "orte_base_help_aggregate" to 0 to see all help / error messages
--------------------------------------------------------------------------
WARNING: There was an error initializing an OpenFabrics device.

  Local host:   node02
  Local device: mlx5_0
--------------------------------------------------------------------------
[node02:204039] 3 more processes have sent help message help-mpi-btl-openib.txt / error in device init
[node02:204039] Set MCA parameter "orte_base_help_aggregate" to 0 to see all help / error messages
--------------------------------------------------------------------------
WARNING: There was an error initializing an OpenFabrics device.

  Local host:   node02
  Local device: mlx5_0
--------------------------------------------------------------------------
[node02:204335] 3 more processes have sent help message help-mpi-btl-openib.txt / error in device init
[node02:204335] Set MCA parameter "orte_base_help_aggregate" to 0 to see all help / error messages
--------------------------------------------------------------------------
WARNING: There was an error initializing an OpenFabrics device.

  Local host:   node02
  Local device: mlx5_0
--------------------------------------------------------------------------
[node02:204676] 3 more processes have sent help message help-mpi-btl-openib.txt / error in device init
[node02:204676] Set MCA parameter "orte_base_help_aggregate" to 0 to see all help / error messages
--------------------------------------------------------------------------
WARNING: There was an error initializing an OpenFabrics device.

  Local host:   node02
  Local device: mlx5_0
--------------------------------------------------------------------------
[node02:204970] 3 more processes have sent help message help-mpi-btl-openib.txt / error in device init
[node02:204970] Set MCA parameter "orte_base_help_aggregate" to 0 to see all help / error messages
--------------------------------------------------------------------------
WARNING: There was an error initializing an OpenFabrics device.

  Local host:   node02
  Local device: mlx5_0
--------------------------------------------------------------------------
[node02:205332] 3 more processes have sent help message help-mpi-btl-openib.txt / error in device init
[node02:205332] Set MCA parameter "orte_base_help_aggregate" to 0 to see all help / error messages
--------------------------------------------------------------------------
WARNING: There was an error initializing an OpenFabrics device.

  Local host:   node02
  Local device: mlx5_0
--------------------------------------------------------------------------
[node02:205673] 3 more processes have sent help message help-mpi-btl-openib.txt / error in device init
[node02:205673] Set MCA parameter "orte_base_help_aggregate" to 0 to see all help / error messages
--------------------------------------------------------------------------
WARNING: There was an error initializing an OpenFabrics device.

  Local host:   node02
  Local device: mlx5_0
--------------------------------------------------------------------------
[node02:205972] 3 more processes have sent help message help-mpi-btl-openib.txt / error in device init
[node02:205972] Set MCA parameter "orte_base_help_aggregate" to 0 to see all help / error messages
--------------------------------------------------------------------------
WARNING: There was an error initializing an OpenFabrics device.

  Local host:   node02
  Local device: mlx5_0
--------------------------------------------------------------------------
[node02:206309] 3 more processes have sent help message help-mpi-btl-openib.txt / error in device init
[node02:206309] Set MCA parameter "orte_base_help_aggregate" to 0 to see all help / error messages
--------------------------------------------------------------------------
WARNING: There was an error initializing an OpenFabrics device.

  Local host:   node02
  Local device: mlx5_0
--------------------------------------------------------------------------
[node02:206677] 3 more processes have sent help message help-mpi-btl-openib.txt / error in device init
[node02:206677] Set MCA parameter "orte_base_help_aggregate" to 0 to see all help / error messages
--------------------------------------------------------------------------
WARNING: There was an error initializing an OpenFabrics device.

  Local host:   node02
  Local device: mlx5_0
--------------------------------------------------------------------------
[node02:206934] 3 more processes have sent help message help-mpi-btl-openib.txt / error in device init
[node02:206934] Set MCA parameter "orte_base_help_aggregate" to 0 to see all help / error messages
--------------------------------------------------------------------------
WARNING: There was an error initializing an OpenFabrics device.

  Local host:   node02
  Local device: mlx5_0
--------------------------------------------------------------------------
[node02:207238] 3 more processes have sent help message help-mpi-btl-openib.txt / error in device init
[node02:207238] Set MCA parameter "orte_base_help_aggregate" to 0 to see all help / error messages
--------------------------------------------------------------------------
WARNING: There was an error initializing an OpenFabrics device.

  Local host:   node02
  Local device: mlx5_0
--------------------------------------------------------------------------
[node02:207577] 3 more processes have sent help message help-mpi-btl-openib.txt / error in device init
[node02:207577] Set MCA parameter "orte_base_help_aggregate" to 0 to see all help / error messages
--------------------------------------------------------------------------
WARNING: There was an error initializing an OpenFabrics device.

  Local host:   node02
  Local device: mlx5_0
--------------------------------------------------------------------------
[node02:207982] 3 more processes have sent help message help-mpi-btl-openib.txt / error in device init
[node02:207982] Set MCA parameter "orte_base_help_aggregate" to 0 to see all help / error messages
--------------------------------------------------------------------------
WARNING: There was an error initializing an OpenFabrics device.

  Local host:   node02
  Local device: mlx5_0
--------------------------------------------------------------------------
[node02:208359] 3 more processes have sent help message help-mpi-btl-openib.txt / error in device init
[node02:208359] Set MCA parameter "orte_base_help_aggregate" to 0 to see all help / error messages
--------------------------------------------------------------------------
WARNING: There was an error initializing an OpenFabrics device.

  Local host:   node02
  Local device: mlx5_0
--------------------------------------------------------------------------
[node02:208710] 3 more processes have sent help message help-mpi-btl-openib.txt / error in device init
[node02:208710] Set MCA parameter "orte_base_help_aggregate" to 0 to see all help / error messages
--------------------------------------------------------------------------
WARNING: There was an error initializing an OpenFabrics device.

  Local host:   node02
  Local device: mlx5_0
--------------------------------------------------------------------------
[node02:209051] 3 more processes have sent help message help-mpi-btl-openib.txt / error in device init
[node02:209051] Set MCA parameter "orte_base_help_aggregate" to 0 to see all help / error messages
--------------------------------------------------------------------------
WARNING: There was an error initializing an OpenFabrics device.

  Local host:   node02
  Local device: mlx5_0
--------------------------------------------------------------------------
[node02:209429] 3 more processes have sent help message help-mpi-btl-openib.txt / error in device init
[node02:209429] Set MCA parameter "orte_base_help_aggregate" to 0 to see all help / error messages
--------------------------------------------------------------------------
WARNING: There was an error initializing an OpenFabrics device.

  Local host:   node02
  Local device: mlx5_0
--------------------------------------------------------------------------
[node02:209691] 3 more processes have sent help message help-mpi-btl-openib.txt / error in device init
[node02:209691] Set MCA parameter "orte_base_help_aggregate" to 0 to see all help / error messages
--------------------------------------------------------------------------
WARNING: There was an error initializing an OpenFabrics device.

  Local host:   node02
  Local device: mlx5_0
--------------------------------------------------------------------------
[node02:210089] 3 more processes have sent help message help-mpi-btl-openib.txt / error in device init
[node02:210089] Set MCA parameter "orte_base_help_aggregate" to 0 to see all help / error messages
--------------------------------------------------------------------------
WARNING: There was an error initializing an OpenFabrics device.

  Local host:   node02
  Local device: mlx5_0
--------------------------------------------------------------------------
[node02:210369] 3 more processes have sent help message help-mpi-btl-openib.txt / error in device init
[node02:210369] Set MCA parameter "orte_base_help_aggregate" to 0 to see all help / error messages
--------------------------------------------------------------------------
WARNING: There was an error initializing an OpenFabrics device.

  Local host:   node02
  Local device: mlx5_0
--------------------------------------------------------------------------
[node02:210665] 3 more processes have sent help message help-mpi-btl-openib.txt / error in device init
[node02:210665] Set MCA parameter "orte_base_help_aggregate" to 0 to see all help / error messages
--------------------------------------------------------------------------
WARNING: There was an error initializing an OpenFabrics device.

  Local host:   node02
  Local device: mlx5_0
--------------------------------------------------------------------------
[node02:210964] 3 more processes have sent help message help-mpi-btl-openib.txt / error in device init
[node02:210964] Set MCA parameter "orte_base_help_aggregate" to 0 to see all help / error messages
--------------------------------------------------------------------------
WARNING: There was an error initializing an OpenFabrics device.

  Local host:   node02
  Local device: mlx5_0
--------------------------------------------------------------------------
[node02:211337] 3 more processes have sent help message help-mpi-btl-openib.txt / error in device init
[node02:211337] Set MCA parameter "orte_base_help_aggregate" to 0 to see all help / error messages
--------------------------------------------------------------------------
WARNING: There was an error initializing an OpenFabrics device.

  Local host:   node02
  Local device: mlx5_0
--------------------------------------------------------------------------
[node02:211676] 3 more processes have sent help message help-mpi-btl-openib.txt / error in device init
[node02:211676] Set MCA parameter "orte_base_help_aggregate" to 0 to see all help / error messages
--------------------------------------------------------------------------
WARNING: There was an error initializing an OpenFabrics device.

  Local host:   node02
  Local device: mlx5_0
--------------------------------------------------------------------------
[node02:212024] 3 more processes have sent help message help-mpi-btl-openib.txt / error in device init
[node02:212024] Set MCA parameter "orte_base_help_aggregate" to 0 to see all help / error messages
--------------------------------------------------------------------------
WARNING: There was an error initializing an OpenFabrics device.

  Local host:   node02
  Local device: mlx5_0
--------------------------------------------------------------------------
[node02:212345] 3 more processes have sent help message help-mpi-btl-openib.txt / error in device init
[node02:212345] Set MCA parameter "orte_base_help_aggregate" to 0 to see all help / error messages
--------------------------------------------------------------------------
WARNING: There was an error initializing an OpenFabrics device.

  Local host:   node02
  Local device: mlx5_0
--------------------------------------------------------------------------
[node02:212719] 3 more processes have sent help message help-mpi-btl-openib.txt / error in device init
[node02:212719] Set MCA parameter "orte_base_help_aggregate" to 0 to see all help / error messages
--------------------------------------------------------------------------
WARNING: There was an error initializing an OpenFabrics device.

  Local host:   node02
  Local device: mlx5_0
--------------------------------------------------------------------------
[node02:213129] 3 more processes have sent help message help-mpi-btl-openib.txt / error in device init
[node02:213129] Set MCA parameter "orte_base_help_aggregate" to 0 to see all help / error messages
--------------------------------------------------------------------------
WARNING: There was an error initializing an OpenFabrics device.

  Local host:   node02
  Local device: mlx5_0
--------------------------------------------------------------------------
[node02:213387] 3 more processes have sent help message help-mpi-btl-openib.txt / error in device init
[node02:213387] Set MCA parameter "orte_base_help_aggregate" to 0 to see all help / error messages
--------------------------------------------------------------------------
WARNING: There was an error initializing an OpenFabrics device.

  Local host:   node02
  Local device: mlx5_0
--------------------------------------------------------------------------
[node02:213724] 3 more processes have sent help message help-mpi-btl-openib.txt / error in device init
[node02:213724] Set MCA parameter "orte_base_help_aggregate" to 0 to see all help / error messages
--------------------------------------------------------------------------
WARNING: There was an error initializing an OpenFabrics device.

  Local host:   node02
  Local device: mlx5_0
--------------------------------------------------------------------------
[node02:214098] 3 more processes have sent help message help-mpi-btl-openib.txt / error in device init
[node02:214098] Set MCA parameter "orte_base_help_aggregate" to 0 to see all help / error messages
--------------------------------------------------------------------------
WARNING: There was an error initializing an OpenFabrics device.

  Local host:   node02
  Local device: mlx5_0
--------------------------------------------------------------------------
[node02:214444] 3 more processes have sent help message help-mpi-btl-openib.txt / error in device init
[node02:214444] Set MCA parameter "orte_base_help_aggregate" to 0 to see all help / error messages
