/home/jang/cal_tmp/10_orca/Gen_chromophore/Gen_molecular_pairs_cal/mol_1_9.xyz
--------------------------------------------------------------------------
WARNING: There was an error initializing an OpenFabrics device.

  Local host:   node02
  Local device: mlx5_0
--------------------------------------------------------------------------
[node02:108585] 3 more processes have sent help message help-mpi-btl-openib.txt / error in device init
[node02:108585] Set MCA parameter "orte_base_help_aggregate" to 0 to see all help / error messages
--------------------------------------------------------------------------
WARNING: There was an error initializing an OpenFabrics device.

  Local host:   node02
  Local device: mlx5_0
--------------------------------------------------------------------------
[node02:108998] 3 more processes have sent help message help-mpi-btl-openib.txt / error in device init
[node02:108998] Set MCA parameter "orte_base_help_aggregate" to 0 to see all help / error messages
--------------------------------------------------------------------------
WARNING: There was an error initializing an OpenFabrics device.

  Local host:   node02
  Local device: mlx5_0
--------------------------------------------------------------------------
[node02:109477] 3 more processes have sent help message help-mpi-btl-openib.txt / error in device init
[node02:109477] Set MCA parameter "orte_base_help_aggregate" to 0 to see all help / error messages
--------------------------------------------------------------------------
WARNING: There was an error initializing an OpenFabrics device.

  Local host:   node02
  Local device: mlx5_0
--------------------------------------------------------------------------
[node02:109872] 3 more processes have sent help message help-mpi-btl-openib.txt / error in device init
[node02:109872] Set MCA parameter "orte_base_help_aggregate" to 0 to see all help / error messages
--------------------------------------------------------------------------
WARNING: There was an error initializing an OpenFabrics device.

  Local host:   node02
  Local device: mlx5_0
--------------------------------------------------------------------------
[node02:110310] 3 more processes have sent help message help-mpi-btl-openib.txt / error in device init
[node02:110310] Set MCA parameter "orte_base_help_aggregate" to 0 to see all help / error messages
--------------------------------------------------------------------------
WARNING: There was an error initializing an OpenFabrics device.

  Local host:   node02
  Local device: mlx5_0
--------------------------------------------------------------------------
[node02:110735] 3 more processes have sent help message help-mpi-btl-openib.txt / error in device init
[node02:110735] Set MCA parameter "orte_base_help_aggregate" to 0 to see all help / error messages
--------------------------------------------------------------------------
WARNING: There was an error initializing an OpenFabrics device.

  Local host:   node02
  Local device: mlx5_0
--------------------------------------------------------------------------
[node02:111120] 3 more processes have sent help message help-mpi-btl-openib.txt / error in device init
[node02:111120] Set MCA parameter "orte_base_help_aggregate" to 0 to see all help / error messages
--------------------------------------------------------------------------
WARNING: There was an error initializing an OpenFabrics device.

  Local host:   node02
  Local device: mlx5_0
--------------------------------------------------------------------------
[node02:111498] 3 more processes have sent help message help-mpi-btl-openib.txt / error in device init
[node02:111498] Set MCA parameter "orte_base_help_aggregate" to 0 to see all help / error messages
--------------------------------------------------------------------------
WARNING: There was an error initializing an OpenFabrics device.

  Local host:   node02
  Local device: mlx5_0
--------------------------------------------------------------------------
[node02:111994] 3 more processes have sent help message help-mpi-btl-openib.txt / error in device init
[node02:111994] Set MCA parameter "orte_base_help_aggregate" to 0 to see all help / error messages
--------------------------------------------------------------------------
WARNING: There was an error initializing an OpenFabrics device.

  Local host:   node02
  Local device: mlx5_0
--------------------------------------------------------------------------
[node02:112430] 3 more processes have sent help message help-mpi-btl-openib.txt / error in device init
[node02:112430] Set MCA parameter "orte_base_help_aggregate" to 0 to see all help / error messages
--------------------------------------------------------------------------
WARNING: There was an error initializing an OpenFabrics device.

  Local host:   node02
  Local device: mlx5_0
--------------------------------------------------------------------------
[node02:112848] 3 more processes have sent help message help-mpi-btl-openib.txt / error in device init
[node02:112848] Set MCA parameter "orte_base_help_aggregate" to 0 to see all help / error messages
--------------------------------------------------------------------------
WARNING: There was an error initializing an OpenFabrics device.

  Local host:   node02
  Local device: mlx5_0
--------------------------------------------------------------------------
[node02:113263] 3 more processes have sent help message help-mpi-btl-openib.txt / error in device init
[node02:113263] Set MCA parameter "orte_base_help_aggregate" to 0 to see all help / error messages
--------------------------------------------------------------------------
WARNING: There was an error initializing an OpenFabrics device.

  Local host:   node02
  Local device: mlx5_0
--------------------------------------------------------------------------
[node02:113672] 3 more processes have sent help message help-mpi-btl-openib.txt / error in device init
[node02:113672] Set MCA parameter "orte_base_help_aggregate" to 0 to see all help / error messages
--------------------------------------------------------------------------
WARNING: There was an error initializing an OpenFabrics device.

  Local host:   node02
  Local device: mlx5_0
--------------------------------------------------------------------------
[node02:113976] 3 more processes have sent help message help-mpi-btl-openib.txt / error in device init
[node02:113976] Set MCA parameter "orte_base_help_aggregate" to 0 to see all help / error messages
--------------------------------------------------------------------------
WARNING: There was an error initializing an OpenFabrics device.

  Local host:   node02
  Local device: mlx5_0
--------------------------------------------------------------------------
[node02:114412] 3 more processes have sent help message help-mpi-btl-openib.txt / error in device init
[node02:114412] Set MCA parameter "orte_base_help_aggregate" to 0 to see all help / error messages
--------------------------------------------------------------------------
WARNING: There was an error initializing an OpenFabrics device.

  Local host:   node02
  Local device: mlx5_0
--------------------------------------------------------------------------
[node02:114803] [[50013,0],0] ORTE_ERROR_LOG: Data unpack would read past end of buffer in file ../../orte/util/show_help.c at line 507
[node02:114803] 2 more processes have sent help message help-mpi-btl-openib.txt / error in device init
[node02:114803] Set MCA parameter "orte_base_help_aggregate" to 0 to see all help / error messages
--------------------------------------------------------------------------
WARNING: There was an error initializing an OpenFabrics device.

  Local host:   node02
  Local device: mlx5_0
--------------------------------------------------------------------------
[node02:115148] 3 more processes have sent help message help-mpi-btl-openib.txt / error in device init
[node02:115148] Set MCA parameter "orte_base_help_aggregate" to 0 to see all help / error messages
--------------------------------------------------------------------------
WARNING: There was an error initializing an OpenFabrics device.

  Local host:   node02
  Local device: mlx5_0
--------------------------------------------------------------------------
[node02:115558] 3 more processes have sent help message help-mpi-btl-openib.txt / error in device init
[node02:115558] Set MCA parameter "orte_base_help_aggregate" to 0 to see all help / error messages
--------------------------------------------------------------------------
WARNING: There was an error initializing an OpenFabrics device.

  Local host:   node02
  Local device: mlx5_0
--------------------------------------------------------------------------
[node02:115920] 3 more processes have sent help message help-mpi-btl-openib.txt / error in device init
[node02:115920] Set MCA parameter "orte_base_help_aggregate" to 0 to see all help / error messages
--------------------------------------------------------------------------
WARNING: There was an error initializing an OpenFabrics device.

  Local host:   node02
  Local device: mlx5_0
--------------------------------------------------------------------------
[node02:116279] 3 more processes have sent help message help-mpi-btl-openib.txt / error in device init
[node02:116279] Set MCA parameter "orte_base_help_aggregate" to 0 to see all help / error messages
--------------------------------------------------------------------------
WARNING: There was an error initializing an OpenFabrics device.

  Local host:   node02
  Local device: mlx5_0
--------------------------------------------------------------------------
[node02:116689] 3 more processes have sent help message help-mpi-btl-openib.txt / error in device init
[node02:116689] Set MCA parameter "orte_base_help_aggregate" to 0 to see all help / error messages
--------------------------------------------------------------------------
WARNING: There was an error initializing an OpenFabrics device.

  Local host:   node02
  Local device: mlx5_0
--------------------------------------------------------------------------
[node02:117008] 3 more processes have sent help message help-mpi-btl-openib.txt / error in device init
[node02:117008] Set MCA parameter "orte_base_help_aggregate" to 0 to see all help / error messages
--------------------------------------------------------------------------
WARNING: There was an error initializing an OpenFabrics device.

  Local host:   node02
  Local device: mlx5_0
--------------------------------------------------------------------------
[node02:117419] 3 more processes have sent help message help-mpi-btl-openib.txt / error in device init
[node02:117419] Set MCA parameter "orte_base_help_aggregate" to 0 to see all help / error messages
--------------------------------------------------------------------------
WARNING: There was an error initializing an OpenFabrics device.

  Local host:   node02
  Local device: mlx5_0
--------------------------------------------------------------------------
[node02:117836] 3 more processes have sent help message help-mpi-btl-openib.txt / error in device init
[node02:117836] Set MCA parameter "orte_base_help_aggregate" to 0 to see all help / error messages
--------------------------------------------------------------------------
WARNING: There was an error initializing an OpenFabrics device.

  Local host:   node02
  Local device: mlx5_0
--------------------------------------------------------------------------
[node02:118159] 3 more processes have sent help message help-mpi-btl-openib.txt / error in device init
[node02:118159] Set MCA parameter "orte_base_help_aggregate" to 0 to see all help / error messages
--------------------------------------------------------------------------
WARNING: There was an error initializing an OpenFabrics device.

  Local host:   node02
  Local device: mlx5_0
--------------------------------------------------------------------------
[node02:118578] 3 more processes have sent help message help-mpi-btl-openib.txt / error in device init
[node02:118578] Set MCA parameter "orte_base_help_aggregate" to 0 to see all help / error messages
--------------------------------------------------------------------------
WARNING: There was an error initializing an OpenFabrics device.

  Local host:   node02
  Local device: mlx5_0
--------------------------------------------------------------------------
[node02:119072] 3 more processes have sent help message help-mpi-btl-openib.txt / error in device init
[node02:119072] Set MCA parameter "orte_base_help_aggregate" to 0 to see all help / error messages
--------------------------------------------------------------------------
WARNING: There was an error initializing an OpenFabrics device.

  Local host:   node02
  Local device: mlx5_0
--------------------------------------------------------------------------
[node02:119407] 3 more processes have sent help message help-mpi-btl-openib.txt / error in device init
[node02:119407] Set MCA parameter "orte_base_help_aggregate" to 0 to see all help / error messages
--------------------------------------------------------------------------
WARNING: There was an error initializing an OpenFabrics device.

  Local host:   node02
  Local device: mlx5_0
--------------------------------------------------------------------------
[node02:119837] 3 more processes have sent help message help-mpi-btl-openib.txt / error in device init
[node02:119837] Set MCA parameter "orte_base_help_aggregate" to 0 to see all help / error messages
--------------------------------------------------------------------------
WARNING: There was an error initializing an OpenFabrics device.

  Local host:   node02
  Local device: mlx5_0
--------------------------------------------------------------------------
[node02:120256] 3 more processes have sent help message help-mpi-btl-openib.txt / error in device init
[node02:120256] Set MCA parameter "orte_base_help_aggregate" to 0 to see all help / error messages
--------------------------------------------------------------------------
WARNING: There was an error initializing an OpenFabrics device.

  Local host:   node02
  Local device: mlx5_0
--------------------------------------------------------------------------
[node02:120636] 3 more processes have sent help message help-mpi-btl-openib.txt / error in device init
[node02:120636] Set MCA parameter "orte_base_help_aggregate" to 0 to see all help / error messages
--------------------------------------------------------------------------
WARNING: There was an error initializing an OpenFabrics device.

  Local host:   node02
  Local device: mlx5_0
--------------------------------------------------------------------------
[node02:120982] 3 more processes have sent help message help-mpi-btl-openib.txt / error in device init
[node02:120982] Set MCA parameter "orte_base_help_aggregate" to 0 to see all help / error messages
--------------------------------------------------------------------------
WARNING: There was an error initializing an OpenFabrics device.

  Local host:   node02
  Local device: mlx5_0
--------------------------------------------------------------------------
[node02:121424] 3 more processes have sent help message help-mpi-btl-openib.txt / error in device init
[node02:121424] Set MCA parameter "orte_base_help_aggregate" to 0 to see all help / error messages
--------------------------------------------------------------------------
WARNING: There was an error initializing an OpenFabrics device.

  Local host:   node02
  Local device: mlx5_0
--------------------------------------------------------------------------
[node02:121757] 3 more processes have sent help message help-mpi-btl-openib.txt / error in device init
[node02:121757] Set MCA parameter "orte_base_help_aggregate" to 0 to see all help / error messages
--------------------------------------------------------------------------
WARNING: There was an error initializing an OpenFabrics device.

  Local host:   node02
  Local device: mlx5_0
--------------------------------------------------------------------------
[node02:122172] 3 more processes have sent help message help-mpi-btl-openib.txt / error in device init
[node02:122172] Set MCA parameter "orte_base_help_aggregate" to 0 to see all help / error messages
--------------------------------------------------------------------------
WARNING: There was an error initializing an OpenFabrics device.

  Local host:   node02
  Local device: mlx5_0
--------------------------------------------------------------------------
[node02:122736] 3 more processes have sent help message help-mpi-btl-openib.txt / error in device init
[node02:122736] Set MCA parameter "orte_base_help_aggregate" to 0 to see all help / error messages
--------------------------------------------------------------------------
WARNING: There was an error initializing an OpenFabrics device.

  Local host:   node02
  Local device: mlx5_0
--------------------------------------------------------------------------
[node02:123043] 3 more processes have sent help message help-mpi-btl-openib.txt / error in device init
[node02:123043] Set MCA parameter "orte_base_help_aggregate" to 0 to see all help / error messages
--------------------------------------------------------------------------
WARNING: There was an error initializing an OpenFabrics device.

  Local host:   node02
  Local device: mlx5_0
--------------------------------------------------------------------------
[node02:123393] 3 more processes have sent help message help-mpi-btl-openib.txt / error in device init
[node02:123393] Set MCA parameter "orte_base_help_aggregate" to 0 to see all help / error messages
--------------------------------------------------------------------------
WARNING: There was an error initializing an OpenFabrics device.

  Local host:   node02
  Local device: mlx5_0
--------------------------------------------------------------------------
[node02:123795] 3 more processes have sent help message help-mpi-btl-openib.txt / error in device init
[node02:123795] Set MCA parameter "orte_base_help_aggregate" to 0 to see all help / error messages
--------------------------------------------------------------------------
WARNING: There was an error initializing an OpenFabrics device.

  Local host:   node02
  Local device: mlx5_0
--------------------------------------------------------------------------
[node02:124253] 3 more processes have sent help message help-mpi-btl-openib.txt / error in device init
[node02:124253] Set MCA parameter "orte_base_help_aggregate" to 0 to see all help / error messages
--------------------------------------------------------------------------
WARNING: There was an error initializing an OpenFabrics device.

  Local host:   node02
  Local device: mlx5_0
--------------------------------------------------------------------------
[node02:124654] 3 more processes have sent help message help-mpi-btl-openib.txt / error in device init
[node02:124654] Set MCA parameter "orte_base_help_aggregate" to 0 to see all help / error messages
--------------------------------------------------------------------------
WARNING: There was an error initializing an OpenFabrics device.

  Local host:   node02
  Local device: mlx5_0
--------------------------------------------------------------------------
[node02:125080] 3 more processes have sent help message help-mpi-btl-openib.txt / error in device init
[node02:125080] Set MCA parameter "orte_base_help_aggregate" to 0 to see all help / error messages
--------------------------------------------------------------------------
WARNING: There was an error initializing an OpenFabrics device.

  Local host:   node02
  Local device: mlx5_0
--------------------------------------------------------------------------
[node02:125450] 3 more processes have sent help message help-mpi-btl-openib.txt / error in device init
[node02:125450] Set MCA parameter "orte_base_help_aggregate" to 0 to see all help / error messages
--------------------------------------------------------------------------
WARNING: There was an error initializing an OpenFabrics device.

  Local host:   node02
  Local device: mlx5_0
--------------------------------------------------------------------------
[node02:125826] 3 more processes have sent help message help-mpi-btl-openib.txt / error in device init
[node02:125826] Set MCA parameter "orte_base_help_aggregate" to 0 to see all help / error messages
--------------------------------------------------------------------------
WARNING: There was an error initializing an OpenFabrics device.

  Local host:   node02
  Local device: mlx5_0
--------------------------------------------------------------------------
[node02:126145] 3 more processes have sent help message help-mpi-btl-openib.txt / error in device init
[node02:126145] Set MCA parameter "orte_base_help_aggregate" to 0 to see all help / error messages
--------------------------------------------------------------------------
WARNING: There was an error initializing an OpenFabrics device.

  Local host:   node02
  Local device: mlx5_0
--------------------------------------------------------------------------
[node02:126459] 3 more processes have sent help message help-mpi-btl-openib.txt / error in device init
[node02:126459] Set MCA parameter "orte_base_help_aggregate" to 0 to see all help / error messages
--------------------------------------------------------------------------
WARNING: There was an error initializing an OpenFabrics device.

  Local host:   node02
  Local device: mlx5_0
--------------------------------------------------------------------------
[node02:126810] 3 more processes have sent help message help-mpi-btl-openib.txt / error in device init
[node02:126810] Set MCA parameter "orte_base_help_aggregate" to 0 to see all help / error messages
--------------------------------------------------------------------------
WARNING: There was an error initializing an OpenFabrics device.

  Local host:   node02
  Local device: mlx5_0
--------------------------------------------------------------------------
[node02:127226] 3 more processes have sent help message help-mpi-btl-openib.txt / error in device init
[node02:127226] Set MCA parameter "orte_base_help_aggregate" to 0 to see all help / error messages
--------------------------------------------------------------------------
WARNING: There was an error initializing an OpenFabrics device.

  Local host:   node02
  Local device: mlx5_0
--------------------------------------------------------------------------
[node02:127709] 3 more processes have sent help message help-mpi-btl-openib.txt / error in device init
[node02:127709] Set MCA parameter "orte_base_help_aggregate" to 0 to see all help / error messages
--------------------------------------------------------------------------
WARNING: There was an error initializing an OpenFabrics device.

  Local host:   node02
  Local device: mlx5_0
--------------------------------------------------------------------------
[node02:128133] 3 more processes have sent help message help-mpi-btl-openib.txt / error in device init
[node02:128133] Set MCA parameter "orte_base_help_aggregate" to 0 to see all help / error messages
--------------------------------------------------------------------------
WARNING: There was an error initializing an OpenFabrics device.

  Local host:   node02
  Local device: mlx5_0
--------------------------------------------------------------------------
[node02:128525] 3 more processes have sent help message help-mpi-btl-openib.txt / error in device init
[node02:128525] Set MCA parameter "orte_base_help_aggregate" to 0 to see all help / error messages
--------------------------------------------------------------------------
WARNING: There was an error initializing an OpenFabrics device.

  Local host:   node02
  Local device: mlx5_0
--------------------------------------------------------------------------
[node02:128916] 3 more processes have sent help message help-mpi-btl-openib.txt / error in device init
[node02:128916] Set MCA parameter "orte_base_help_aggregate" to 0 to see all help / error messages
--------------------------------------------------------------------------
WARNING: There was an error initializing an OpenFabrics device.

  Local host:   node02
  Local device: mlx5_0
--------------------------------------------------------------------------
[node02:129293] 3 more processes have sent help message help-mpi-btl-openib.txt / error in device init
[node02:129293] Set MCA parameter "orte_base_help_aggregate" to 0 to see all help / error messages
--------------------------------------------------------------------------
WARNING: There was an error initializing an OpenFabrics device.

  Local host:   node02
  Local device: mlx5_0
--------------------------------------------------------------------------
[node02:129620] 3 more processes have sent help message help-mpi-btl-openib.txt / error in device init
[node02:129620] Set MCA parameter "orte_base_help_aggregate" to 0 to see all help / error messages
--------------------------------------------------------------------------
WARNING: There was an error initializing an OpenFabrics device.

  Local host:   node02
  Local device: mlx5_0
--------------------------------------------------------------------------
[node02:129955] 3 more processes have sent help message help-mpi-btl-openib.txt / error in device init
[node02:129955] Set MCA parameter "orte_base_help_aggregate" to 0 to see all help / error messages
--------------------------------------------------------------------------
WARNING: There was an error initializing an OpenFabrics device.

  Local host:   node02
  Local device: mlx5_0
--------------------------------------------------------------------------
[node02:130339] 3 more processes have sent help message help-mpi-btl-openib.txt / error in device init
[node02:130339] Set MCA parameter "orte_base_help_aggregate" to 0 to see all help / error messages
--------------------------------------------------------------------------
WARNING: There was an error initializing an OpenFabrics device.

  Local host:   node02
  Local device: mlx5_0
--------------------------------------------------------------------------
[node02:130779] 3 more processes have sent help message help-mpi-btl-openib.txt / error in device init
[node02:130779] Set MCA parameter "orte_base_help_aggregate" to 0 to see all help / error messages
--------------------------------------------------------------------------
WARNING: There was an error initializing an OpenFabrics device.

  Local host:   node02
  Local device: mlx5_0
--------------------------------------------------------------------------
[node02:131169] 3 more processes have sent help message help-mpi-btl-openib.txt / error in device init
[node02:131169] Set MCA parameter "orte_base_help_aggregate" to 0 to see all help / error messages
--------------------------------------------------------------------------
WARNING: There was an error initializing an OpenFabrics device.

  Local host:   node02
  Local device: mlx5_0
--------------------------------------------------------------------------
[node02:131584] 3 more processes have sent help message help-mpi-btl-openib.txt / error in device init
[node02:131584] Set MCA parameter "orte_base_help_aggregate" to 0 to see all help / error messages
--------------------------------------------------------------------------
WARNING: There was an error initializing an OpenFabrics device.

  Local host:   node02
  Local device: mlx5_0
--------------------------------------------------------------------------
[node02:131956] 3 more processes have sent help message help-mpi-btl-openib.txt / error in device init
[node02:131956] Set MCA parameter "orte_base_help_aggregate" to 0 to see all help / error messages
--------------------------------------------------------------------------
WARNING: There was an error initializing an OpenFabrics device.

  Local host:   node02
  Local device: mlx5_0
--------------------------------------------------------------------------
[node02:132386] 3 more processes have sent help message help-mpi-btl-openib.txt / error in device init
[node02:132386] Set MCA parameter "orte_base_help_aggregate" to 0 to see all help / error messages
--------------------------------------------------------------------------
WARNING: There was an error initializing an OpenFabrics device.

  Local host:   node02
  Local device: mlx5_0
--------------------------------------------------------------------------
[node02:132820] 3 more processes have sent help message help-mpi-btl-openib.txt / error in device init
[node02:132820] Set MCA parameter "orte_base_help_aggregate" to 0 to see all help / error messages
--------------------------------------------------------------------------
WARNING: There was an error initializing an OpenFabrics device.

  Local host:   node02
  Local device: mlx5_0
--------------------------------------------------------------------------
[node02:133226] 3 more processes have sent help message help-mpi-btl-openib.txt / error in device init
[node02:133226] Set MCA parameter "orte_base_help_aggregate" to 0 to see all help / error messages
--------------------------------------------------------------------------
WARNING: There was an error initializing an OpenFabrics device.

  Local host:   node02
  Local device: mlx5_0
--------------------------------------------------------------------------
[node02:133502] 3 more processes have sent help message help-mpi-btl-openib.txt / error in device init
[node02:133502] Set MCA parameter "orte_base_help_aggregate" to 0 to see all help / error messages
--------------------------------------------------------------------------
WARNING: There was an error initializing an OpenFabrics device.

  Local host:   node02
  Local device: mlx5_0
--------------------------------------------------------------------------
[node02:133936] 3 more processes have sent help message help-mpi-btl-openib.txt / error in device init
[node02:133936] Set MCA parameter "orte_base_help_aggregate" to 0 to see all help / error messages
--------------------------------------------------------------------------
WARNING: There was an error initializing an OpenFabrics device.

  Local host:   node02
  Local device: mlx5_0
--------------------------------------------------------------------------
[node02:134266] 3 more processes have sent help message help-mpi-btl-openib.txt / error in device init
[node02:134266] Set MCA parameter "orte_base_help_aggregate" to 0 to see all help / error messages
--------------------------------------------------------------------------
WARNING: There was an error initializing an OpenFabrics device.

  Local host:   node02
  Local device: mlx5_0
--------------------------------------------------------------------------
[node02:134567] 3 more processes have sent help message help-mpi-btl-openib.txt / error in device init
[node02:134567] Set MCA parameter "orte_base_help_aggregate" to 0 to see all help / error messages
--------------------------------------------------------------------------
WARNING: There was an error initializing an OpenFabrics device.

  Local host:   node02
  Local device: mlx5_0
--------------------------------------------------------------------------
[node02:134955] 3 more processes have sent help message help-mpi-btl-openib.txt / error in device init
[node02:134955] Set MCA parameter "orte_base_help_aggregate" to 0 to see all help / error messages
--------------------------------------------------------------------------
WARNING: There was an error initializing an OpenFabrics device.

  Local host:   node02
  Local device: mlx5_0
--------------------------------------------------------------------------
[node02:135349] 3 more processes have sent help message help-mpi-btl-openib.txt / error in device init
[node02:135349] Set MCA parameter "orte_base_help_aggregate" to 0 to see all help / error messages
--------------------------------------------------------------------------
WARNING: There was an error initializing an OpenFabrics device.

  Local host:   node02
  Local device: mlx5_0
--------------------------------------------------------------------------
[node02:135754] 3 more processes have sent help message help-mpi-btl-openib.txt / error in device init
[node02:135754] Set MCA parameter "orte_base_help_aggregate" to 0 to see all help / error messages
--------------------------------------------------------------------------
WARNING: There was an error initializing an OpenFabrics device.

  Local host:   node02
  Local device: mlx5_0
--------------------------------------------------------------------------
[node02:136140] 3 more processes have sent help message help-mpi-btl-openib.txt / error in device init
[node02:136140] Set MCA parameter "orte_base_help_aggregate" to 0 to see all help / error messages
--------------------------------------------------------------------------
WARNING: There was an error initializing an OpenFabrics device.

  Local host:   node02
  Local device: mlx5_0
--------------------------------------------------------------------------
[node02:136631] 3 more processes have sent help message help-mpi-btl-openib.txt / error in device init
[node02:136631] Set MCA parameter "orte_base_help_aggregate" to 0 to see all help / error messages
--------------------------------------------------------------------------
WARNING: There was an error initializing an OpenFabrics device.

  Local host:   node02
  Local device: mlx5_0
--------------------------------------------------------------------------
[node02:137021] 3 more processes have sent help message help-mpi-btl-openib.txt / error in device init
[node02:137021] Set MCA parameter "orte_base_help_aggregate" to 0 to see all help / error messages
--------------------------------------------------------------------------
WARNING: There was an error initializing an OpenFabrics device.

  Local host:   node02
  Local device: mlx5_0
--------------------------------------------------------------------------
[node02:137380] 3 more processes have sent help message help-mpi-btl-openib.txt / error in device init
[node02:137380] Set MCA parameter "orte_base_help_aggregate" to 0 to see all help / error messages
--------------------------------------------------------------------------
WARNING: There was an error initializing an OpenFabrics device.

  Local host:   node02
  Local device: mlx5_0
--------------------------------------------------------------------------
[node02:137798] 3 more processes have sent help message help-mpi-btl-openib.txt / error in device init
[node02:137798] Set MCA parameter "orte_base_help_aggregate" to 0 to see all help / error messages
--------------------------------------------------------------------------
WARNING: There was an error initializing an OpenFabrics device.

  Local host:   node02
  Local device: mlx5_0
--------------------------------------------------------------------------
[node02:138152] 3 more processes have sent help message help-mpi-btl-openib.txt / error in device init
[node02:138152] Set MCA parameter "orte_base_help_aggregate" to 0 to see all help / error messages
--------------------------------------------------------------------------
WARNING: There was an error initializing an OpenFabrics device.

  Local host:   node02
  Local device: mlx5_0
--------------------------------------------------------------------------
[node02:138498] 3 more processes have sent help message help-mpi-btl-openib.txt / error in device init
[node02:138498] Set MCA parameter "orte_base_help_aggregate" to 0 to see all help / error messages
--------------------------------------------------------------------------
WARNING: There was an error initializing an OpenFabrics device.

  Local host:   node02
  Local device: mlx5_0
--------------------------------------------------------------------------
[node02:138916] 3 more processes have sent help message help-mpi-btl-openib.txt / error in device init
[node02:138916] Set MCA parameter "orte_base_help_aggregate" to 0 to see all help / error messages
--------------------------------------------------------------------------
WARNING: There was an error initializing an OpenFabrics device.

  Local host:   node02
  Local device: mlx5_0
--------------------------------------------------------------------------
[node02:139413] 3 more processes have sent help message help-mpi-btl-openib.txt / error in device init
[node02:139413] Set MCA parameter "orte_base_help_aggregate" to 0 to see all help / error messages
--------------------------------------------------------------------------
WARNING: There was an error initializing an OpenFabrics device.

  Local host:   node02
  Local device: mlx5_0
--------------------------------------------------------------------------
[node02:139763] 3 more processes have sent help message help-mpi-btl-openib.txt / error in device init
[node02:139763] Set MCA parameter "orte_base_help_aggregate" to 0 to see all help / error messages
--------------------------------------------------------------------------
WARNING: There was an error initializing an OpenFabrics device.

  Local host:   node02
  Local device: mlx5_0
--------------------------------------------------------------------------
[node02:140114] 3 more processes have sent help message help-mpi-btl-openib.txt / error in device init
[node02:140114] Set MCA parameter "orte_base_help_aggregate" to 0 to see all help / error messages
--------------------------------------------------------------------------
WARNING: There was an error initializing an OpenFabrics device.

  Local host:   node02
  Local device: mlx5_0
--------------------------------------------------------------------------
[node02:140551] 3 more processes have sent help message help-mpi-btl-openib.txt / error in device init
[node02:140551] Set MCA parameter "orte_base_help_aggregate" to 0 to see all help / error messages
--------------------------------------------------------------------------
WARNING: There was an error initializing an OpenFabrics device.

  Local host:   node02
  Local device: mlx5_0
--------------------------------------------------------------------------
[node02:140883] 3 more processes have sent help message help-mpi-btl-openib.txt / error in device init
[node02:140883] Set MCA parameter "orte_base_help_aggregate" to 0 to see all help / error messages
--------------------------------------------------------------------------
WARNING: There was an error initializing an OpenFabrics device.

  Local host:   node02
  Local device: mlx5_0
--------------------------------------------------------------------------
[node02:141271] 3 more processes have sent help message help-mpi-btl-openib.txt / error in device init
[node02:141271] Set MCA parameter "orte_base_help_aggregate" to 0 to see all help / error messages
--------------------------------------------------------------------------
WARNING: There was an error initializing an OpenFabrics device.

  Local host:   node02
  Local device: mlx5_0
--------------------------------------------------------------------------
[node02:141707] 3 more processes have sent help message help-mpi-btl-openib.txt / error in device init
[node02:141707] Set MCA parameter "orte_base_help_aggregate" to 0 to see all help / error messages
--------------------------------------------------------------------------
WARNING: There was an error initializing an OpenFabrics device.

  Local host:   node02
  Local device: mlx5_0
--------------------------------------------------------------------------
[node02:142045] 3 more processes have sent help message help-mpi-btl-openib.txt / error in device init
[node02:142045] Set MCA parameter "orte_base_help_aggregate" to 0 to see all help / error messages
--------------------------------------------------------------------------
WARNING: There was an error initializing an OpenFabrics device.

  Local host:   node02
  Local device: mlx5_0
--------------------------------------------------------------------------
[node02:142392] 3 more processes have sent help message help-mpi-btl-openib.txt / error in device init
[node02:142392] Set MCA parameter "orte_base_help_aggregate" to 0 to see all help / error messages
--------------------------------------------------------------------------
WARNING: There was an error initializing an OpenFabrics device.

  Local host:   node02
  Local device: mlx5_0
--------------------------------------------------------------------------
[node02:142752] 3 more processes have sent help message help-mpi-btl-openib.txt / error in device init
[node02:142752] Set MCA parameter "orte_base_help_aggregate" to 0 to see all help / error messages
--------------------------------------------------------------------------
WARNING: There was an error initializing an OpenFabrics device.

  Local host:   node02
  Local device: mlx5_0
--------------------------------------------------------------------------
[node02:143151] 3 more processes have sent help message help-mpi-btl-openib.txt / error in device init
[node02:143151] Set MCA parameter "orte_base_help_aggregate" to 0 to see all help / error messages
--------------------------------------------------------------------------
WARNING: There was an error initializing an OpenFabrics device.

  Local host:   node02
  Local device: mlx5_0
--------------------------------------------------------------------------
[node02:143530] 3 more processes have sent help message help-mpi-btl-openib.txt / error in device init
[node02:143530] Set MCA parameter "orte_base_help_aggregate" to 0 to see all help / error messages
--------------------------------------------------------------------------
WARNING: There was an error initializing an OpenFabrics device.

  Local host:   node02
  Local device: mlx5_0
--------------------------------------------------------------------------
[node02:144028] 3 more processes have sent help message help-mpi-btl-openib.txt / error in device init
[node02:144028] Set MCA parameter "orte_base_help_aggregate" to 0 to see all help / error messages
--------------------------------------------------------------------------
WARNING: There was an error initializing an OpenFabrics device.

  Local host:   node02
  Local device: mlx5_0
--------------------------------------------------------------------------
[node02:144437] 3 more processes have sent help message help-mpi-btl-openib.txt / error in device init
[node02:144437] Set MCA parameter "orte_base_help_aggregate" to 0 to see all help / error messages
--------------------------------------------------------------------------
WARNING: There was an error initializing an OpenFabrics device.

  Local host:   node02
  Local device: mlx5_0
--------------------------------------------------------------------------
[node02:144903] 3 more processes have sent help message help-mpi-btl-openib.txt / error in device init
[node02:144903] Set MCA parameter "orte_base_help_aggregate" to 0 to see all help / error messages
--------------------------------------------------------------------------
WARNING: There was an error initializing an OpenFabrics device.

  Local host:   node02
  Local device: mlx5_0
--------------------------------------------------------------------------
[node02:145302] 3 more processes have sent help message help-mpi-btl-openib.txt / error in device init
[node02:145302] Set MCA parameter "orte_base_help_aggregate" to 0 to see all help / error messages
--------------------------------------------------------------------------
WARNING: There was an error initializing an OpenFabrics device.

  Local host:   node02
  Local device: mlx5_0
--------------------------------------------------------------------------
[node02:145698] 3 more processes have sent help message help-mpi-btl-openib.txt / error in device init
[node02:145698] Set MCA parameter "orte_base_help_aggregate" to 0 to see all help / error messages
--------------------------------------------------------------------------
WARNING: There was an error initializing an OpenFabrics device.

  Local host:   node02
  Local device: mlx5_0
--------------------------------------------------------------------------
[node02:146090] 3 more processes have sent help message help-mpi-btl-openib.txt / error in device init
[node02:146090] Set MCA parameter "orte_base_help_aggregate" to 0 to see all help / error messages
--------------------------------------------------------------------------
WARNING: There was an error initializing an OpenFabrics device.

  Local host:   node02
  Local device: mlx5_0
--------------------------------------------------------------------------
[node02:146448] 3 more processes have sent help message help-mpi-btl-openib.txt / error in device init
[node02:146448] Set MCA parameter "orte_base_help_aggregate" to 0 to see all help / error messages
--------------------------------------------------------------------------
WARNING: There was an error initializing an OpenFabrics device.

  Local host:   node02
  Local device: mlx5_0
--------------------------------------------------------------------------
[node02:146979] 3 more processes have sent help message help-mpi-btl-openib.txt / error in device init
[node02:146979] Set MCA parameter "orte_base_help_aggregate" to 0 to see all help / error messages
--------------------------------------------------------------------------
WARNING: There was an error initializing an OpenFabrics device.

  Local host:   node02
  Local device: mlx5_0
--------------------------------------------------------------------------
[node02:147345] 3 more processes have sent help message help-mpi-btl-openib.txt / error in device init
[node02:147345] Set MCA parameter "orte_base_help_aggregate" to 0 to see all help / error messages
--------------------------------------------------------------------------
WARNING: There was an error initializing an OpenFabrics device.

  Local host:   node02
  Local device: mlx5_0
--------------------------------------------------------------------------
[node02:147720] 3 more processes have sent help message help-mpi-btl-openib.txt / error in device init
[node02:147720] Set MCA parameter "orte_base_help_aggregate" to 0 to see all help / error messages
--------------------------------------------------------------------------
WARNING: There was an error initializing an OpenFabrics device.

  Local host:   node02
  Local device: mlx5_0
--------------------------------------------------------------------------
[node02:148057] 3 more processes have sent help message help-mpi-btl-openib.txt / error in device init
[node02:148057] Set MCA parameter "orte_base_help_aggregate" to 0 to see all help / error messages
--------------------------------------------------------------------------
WARNING: There was an error initializing an OpenFabrics device.

  Local host:   node02
  Local device: mlx5_0
--------------------------------------------------------------------------
[node02:148414] 3 more processes have sent help message help-mpi-btl-openib.txt / error in device init
[node02:148414] Set MCA parameter "orte_base_help_aggregate" to 0 to see all help / error messages
--------------------------------------------------------------------------
WARNING: There was an error initializing an OpenFabrics device.

  Local host:   node02
  Local device: mlx5_0
--------------------------------------------------------------------------
[node02:148804] 3 more processes have sent help message help-mpi-btl-openib.txt / error in device init
[node02:148804] Set MCA parameter "orte_base_help_aggregate" to 0 to see all help / error messages
--------------------------------------------------------------------------
WARNING: There was an error initializing an OpenFabrics device.

  Local host:   node02
  Local device: mlx5_0
--------------------------------------------------------------------------
[node02:149201] 3 more processes have sent help message help-mpi-btl-openib.txt / error in device init
[node02:149201] Set MCA parameter "orte_base_help_aggregate" to 0 to see all help / error messages
--------------------------------------------------------------------------
WARNING: There was an error initializing an OpenFabrics device.

  Local host:   node02
  Local device: mlx5_0
--------------------------------------------------------------------------
[node02:149578] 3 more processes have sent help message help-mpi-btl-openib.txt / error in device init
[node02:149578] Set MCA parameter "orte_base_help_aggregate" to 0 to see all help / error messages
--------------------------------------------------------------------------
WARNING: There was an error initializing an OpenFabrics device.

  Local host:   node02
  Local device: mlx5_0
--------------------------------------------------------------------------
[node02:149937] 3 more processes have sent help message help-mpi-btl-openib.txt / error in device init
[node02:149937] Set MCA parameter "orte_base_help_aggregate" to 0 to see all help / error messages
--------------------------------------------------------------------------
WARNING: There was an error initializing an OpenFabrics device.

  Local host:   node02
  Local device: mlx5_0
--------------------------------------------------------------------------
[node02:150286] 3 more processes have sent help message help-mpi-btl-openib.txt / error in device init
[node02:150286] Set MCA parameter "orte_base_help_aggregate" to 0 to see all help / error messages
--------------------------------------------------------------------------
WARNING: There was an error initializing an OpenFabrics device.

  Local host:   node02
  Local device: mlx5_0
--------------------------------------------------------------------------
[node02:150708] 3 more processes have sent help message help-mpi-btl-openib.txt / error in device init
[node02:150708] Set MCA parameter "orte_base_help_aggregate" to 0 to see all help / error messages
--------------------------------------------------------------------------
WARNING: There was an error initializing an OpenFabrics device.

  Local host:   node02
  Local device: mlx5_0
--------------------------------------------------------------------------
[node02:151102] 3 more processes have sent help message help-mpi-btl-openib.txt / error in device init
[node02:151102] Set MCA parameter "orte_base_help_aggregate" to 0 to see all help / error messages
--------------------------------------------------------------------------
WARNING: There was an error initializing an OpenFabrics device.

  Local host:   node02
  Local device: mlx5_0
--------------------------------------------------------------------------
[node02:151480] 3 more processes have sent help message help-mpi-btl-openib.txt / error in device init
[node02:151480] Set MCA parameter "orte_base_help_aggregate" to 0 to see all help / error messages
--------------------------------------------------------------------------
WARNING: There was an error initializing an OpenFabrics device.

  Local host:   node02
  Local device: mlx5_0
--------------------------------------------------------------------------
[node02:151976] 3 more processes have sent help message help-mpi-btl-openib.txt / error in device init
[node02:151976] Set MCA parameter "orte_base_help_aggregate" to 0 to see all help / error messages
--------------------------------------------------------------------------
WARNING: There was an error initializing an OpenFabrics device.

  Local host:   node02
  Local device: mlx5_0
--------------------------------------------------------------------------
[node02:152409] 3 more processes have sent help message help-mpi-btl-openib.txt / error in device init
[node02:152409] Set MCA parameter "orte_base_help_aggregate" to 0 to see all help / error messages
--------------------------------------------------------------------------
WARNING: There was an error initializing an OpenFabrics device.

  Local host:   node02
  Local device: mlx5_0
--------------------------------------------------------------------------
[node02:152857] 3 more processes have sent help message help-mpi-btl-openib.txt / error in device init
[node02:152857] Set MCA parameter "orte_base_help_aggregate" to 0 to see all help / error messages
--------------------------------------------------------------------------
WARNING: There was an error initializing an OpenFabrics device.

  Local host:   node02
  Local device: mlx5_0
--------------------------------------------------------------------------
[node02:153212] 3 more processes have sent help message help-mpi-btl-openib.txt / error in device init
[node02:153212] Set MCA parameter "orte_base_help_aggregate" to 0 to see all help / error messages
--------------------------------------------------------------------------
WARNING: There was an error initializing an OpenFabrics device.

  Local host:   node02
  Local device: mlx5_0
--------------------------------------------------------------------------
[node02:153642] 3 more processes have sent help message help-mpi-btl-openib.txt / error in device init
[node02:153642] Set MCA parameter "orte_base_help_aggregate" to 0 to see all help / error messages
--------------------------------------------------------------------------
WARNING: There was an error initializing an OpenFabrics device.

  Local host:   node02
  Local device: mlx5_0
--------------------------------------------------------------------------
[node02:154037] 3 more processes have sent help message help-mpi-btl-openib.txt / error in device init
[node02:154037] Set MCA parameter "orte_base_help_aggregate" to 0 to see all help / error messages
--------------------------------------------------------------------------
WARNING: There was an error initializing an OpenFabrics device.

  Local host:   node02
  Local device: mlx5_0
--------------------------------------------------------------------------
[node02:154293] 3 more processes have sent help message help-mpi-btl-openib.txt / error in device init
[node02:154293] Set MCA parameter "orte_base_help_aggregate" to 0 to see all help / error messages
--------------------------------------------------------------------------
WARNING: There was an error initializing an OpenFabrics device.

  Local host:   node02
  Local device: mlx5_0
--------------------------------------------------------------------------
[node02:154574] 3 more processes have sent help message help-mpi-btl-openib.txt / error in device init
[node02:154574] Set MCA parameter "orte_base_help_aggregate" to 0 to see all help / error messages
--------------------------------------------------------------------------
WARNING: There was an error initializing an OpenFabrics device.

  Local host:   node02
  Local device: mlx5_0
--------------------------------------------------------------------------
[node02:155041] 3 more processes have sent help message help-mpi-btl-openib.txt / error in device init
[node02:155041] Set MCA parameter "orte_base_help_aggregate" to 0 to see all help / error messages
--------------------------------------------------------------------------
WARNING: There was an error initializing an OpenFabrics device.

  Local host:   node02
  Local device: mlx5_0
--------------------------------------------------------------------------
[node02:155472] 3 more processes have sent help message help-mpi-btl-openib.txt / error in device init
[node02:155472] Set MCA parameter "orte_base_help_aggregate" to 0 to see all help / error messages
--------------------------------------------------------------------------
WARNING: There was an error initializing an OpenFabrics device.

  Local host:   node02
  Local device: mlx5_0
--------------------------------------------------------------------------
[node02:155973] 3 more processes have sent help message help-mpi-btl-openib.txt / error in device init
[node02:155973] Set MCA parameter "orte_base_help_aggregate" to 0 to see all help / error messages
--------------------------------------------------------------------------
WARNING: There was an error initializing an OpenFabrics device.

  Local host:   node02
  Local device: mlx5_0
--------------------------------------------------------------------------
[node02:156304] 3 more processes have sent help message help-mpi-btl-openib.txt / error in device init
[node02:156304] Set MCA parameter "orte_base_help_aggregate" to 0 to see all help / error messages
--------------------------------------------------------------------------
WARNING: There was an error initializing an OpenFabrics device.

  Local host:   node02
  Local device: mlx5_0
--------------------------------------------------------------------------
[node02:156669] 3 more processes have sent help message help-mpi-btl-openib.txt / error in device init
[node02:156669] Set MCA parameter "orte_base_help_aggregate" to 0 to see all help / error messages
--------------------------------------------------------------------------
WARNING: There was an error initializing an OpenFabrics device.

  Local host:   node02
  Local device: mlx5_0
--------------------------------------------------------------------------
[node02:157070] 3 more processes have sent help message help-mpi-btl-openib.txt / error in device init
[node02:157070] Set MCA parameter "orte_base_help_aggregate" to 0 to see all help / error messages
--------------------------------------------------------------------------
WARNING: There was an error initializing an OpenFabrics device.

  Local host:   node02
  Local device: mlx5_0
--------------------------------------------------------------------------
[node02:157378] 3 more processes have sent help message help-mpi-btl-openib.txt / error in device init
[node02:157378] Set MCA parameter "orte_base_help_aggregate" to 0 to see all help / error messages
--------------------------------------------------------------------------
WARNING: There was an error initializing an OpenFabrics device.

  Local host:   node02
  Local device: mlx5_0
--------------------------------------------------------------------------
[node02:157744] 3 more processes have sent help message help-mpi-btl-openib.txt / error in device init
[node02:157744] Set MCA parameter "orte_base_help_aggregate" to 0 to see all help / error messages
--------------------------------------------------------------------------
WARNING: There was an error initializing an OpenFabrics device.

  Local host:   node02
  Local device: mlx5_0
--------------------------------------------------------------------------
[node02:158133] 3 more processes have sent help message help-mpi-btl-openib.txt / error in device init
[node02:158133] Set MCA parameter "orte_base_help_aggregate" to 0 to see all help / error messages
--------------------------------------------------------------------------
WARNING: There was an error initializing an OpenFabrics device.

  Local host:   node02
  Local device: mlx5_0
--------------------------------------------------------------------------
[node02:158573] 3 more processes have sent help message help-mpi-btl-openib.txt / error in device init
[node02:158573] Set MCA parameter "orte_base_help_aggregate" to 0 to see all help / error messages
--------------------------------------------------------------------------
WARNING: There was an error initializing an OpenFabrics device.

  Local host:   node02
  Local device: mlx5_0
--------------------------------------------------------------------------
[node02:158909] 3 more processes have sent help message help-mpi-btl-openib.txt / error in device init
[node02:158909] Set MCA parameter "orte_base_help_aggregate" to 0 to see all help / error messages
--------------------------------------------------------------------------
WARNING: There was an error initializing an OpenFabrics device.

  Local host:   node02
  Local device: mlx5_0
--------------------------------------------------------------------------
[node02:159287] 3 more processes have sent help message help-mpi-btl-openib.txt / error in device init
[node02:159287] Set MCA parameter "orte_base_help_aggregate" to 0 to see all help / error messages
--------------------------------------------------------------------------
WARNING: There was an error initializing an OpenFabrics device.

  Local host:   node02
  Local device: mlx5_0
--------------------------------------------------------------------------
[node02:159865] 3 more processes have sent help message help-mpi-btl-openib.txt / error in device init
[node02:159865] Set MCA parameter "orte_base_help_aggregate" to 0 to see all help / error messages
--------------------------------------------------------------------------
WARNING: There was an error initializing an OpenFabrics device.

  Local host:   node02
  Local device: mlx5_0
--------------------------------------------------------------------------
[node02:160233] 3 more processes have sent help message help-mpi-btl-openib.txt / error in device init
[node02:160233] Set MCA parameter "orte_base_help_aggregate" to 0 to see all help / error messages
--------------------------------------------------------------------------
WARNING: There was an error initializing an OpenFabrics device.

  Local host:   node02
  Local device: mlx5_0
--------------------------------------------------------------------------
[node02:160593] 3 more processes have sent help message help-mpi-btl-openib.txt / error in device init
[node02:160593] Set MCA parameter "orte_base_help_aggregate" to 0 to see all help / error messages
--------------------------------------------------------------------------
WARNING: There was an error initializing an OpenFabrics device.

  Local host:   node02
  Local device: mlx5_0
--------------------------------------------------------------------------
[node02:161062] 3 more processes have sent help message help-mpi-btl-openib.txt / error in device init
[node02:161062] Set MCA parameter "orte_base_help_aggregate" to 0 to see all help / error messages
--------------------------------------------------------------------------
WARNING: There was an error initializing an OpenFabrics device.

  Local host:   node02
  Local device: mlx5_0
--------------------------------------------------------------------------
[node02:161408] 3 more processes have sent help message help-mpi-btl-openib.txt / error in device init
[node02:161408] Set MCA parameter "orte_base_help_aggregate" to 0 to see all help / error messages
--------------------------------------------------------------------------
WARNING: There was an error initializing an OpenFabrics device.

  Local host:   node02
  Local device: mlx5_0
--------------------------------------------------------------------------
[node02:161784] 3 more processes have sent help message help-mpi-btl-openib.txt / error in device init
[node02:161784] Set MCA parameter "orte_base_help_aggregate" to 0 to see all help / error messages
--------------------------------------------------------------------------
WARNING: There was an error initializing an OpenFabrics device.

  Local host:   node02
  Local device: mlx5_0
--------------------------------------------------------------------------
[node02:162059] 3 more processes have sent help message help-mpi-btl-openib.txt / error in device init
[node02:162059] Set MCA parameter "orte_base_help_aggregate" to 0 to see all help / error messages
--------------------------------------------------------------------------
WARNING: There was an error initializing an OpenFabrics device.

  Local host:   node02
  Local device: mlx5_0
--------------------------------------------------------------------------
[node02:162439] 3 more processes have sent help message help-mpi-btl-openib.txt / error in device init
[node02:162439] Set MCA parameter "orte_base_help_aggregate" to 0 to see all help / error messages
--------------------------------------------------------------------------
WARNING: There was an error initializing an OpenFabrics device.

  Local host:   node02
  Local device: mlx5_0
--------------------------------------------------------------------------
[node02:162868] 3 more processes have sent help message help-mpi-btl-openib.txt / error in device init
[node02:162868] Set MCA parameter "orte_base_help_aggregate" to 0 to see all help / error messages
--------------------------------------------------------------------------
WARNING: There was an error initializing an OpenFabrics device.

  Local host:   node02
  Local device: mlx5_0
--------------------------------------------------------------------------
[node02:163206] 3 more processes have sent help message help-mpi-btl-openib.txt / error in device init
[node02:163206] Set MCA parameter "orte_base_help_aggregate" to 0 to see all help / error messages
--------------------------------------------------------------------------
WARNING: There was an error initializing an OpenFabrics device.

  Local host:   node02
  Local device: mlx5_0
--------------------------------------------------------------------------
[node02:163589] 3 more processes have sent help message help-mpi-btl-openib.txt / error in device init
[node02:163589] Set MCA parameter "orte_base_help_aggregate" to 0 to see all help / error messages
--------------------------------------------------------------------------
WARNING: There was an error initializing an OpenFabrics device.

  Local host:   node02
  Local device: mlx5_0
--------------------------------------------------------------------------
[node02:164012] 3 more processes have sent help message help-mpi-btl-openib.txt / error in device init
[node02:164012] Set MCA parameter "orte_base_help_aggregate" to 0 to see all help / error messages
--------------------------------------------------------------------------
WARNING: There was an error initializing an OpenFabrics device.

  Local host:   node02
  Local device: mlx5_0
--------------------------------------------------------------------------
[node02:164369] 3 more processes have sent help message help-mpi-btl-openib.txt / error in device init
[node02:164369] Set MCA parameter "orte_base_help_aggregate" to 0 to see all help / error messages
--------------------------------------------------------------------------
WARNING: There was an error initializing an OpenFabrics device.

  Local host:   node02
  Local device: mlx5_0
--------------------------------------------------------------------------
[node02:164715] 3 more processes have sent help message help-mpi-btl-openib.txt / error in device init
[node02:164715] Set MCA parameter "orte_base_help_aggregate" to 0 to see all help / error messages
--------------------------------------------------------------------------
WARNING: There was an error initializing an OpenFabrics device.

  Local host:   node02
  Local device: mlx5_0
--------------------------------------------------------------------------
[node02:165096] 3 more processes have sent help message help-mpi-btl-openib.txt / error in device init
[node02:165096] Set MCA parameter "orte_base_help_aggregate" to 0 to see all help / error messages
--------------------------------------------------------------------------
WARNING: There was an error initializing an OpenFabrics device.

  Local host:   node02
  Local device: mlx5_0
--------------------------------------------------------------------------
[node02:165465] 3 more processes have sent help message help-mpi-btl-openib.txt / error in device init
[node02:165465] Set MCA parameter "orte_base_help_aggregate" to 0 to see all help / error messages
--------------------------------------------------------------------------
WARNING: There was an error initializing an OpenFabrics device.

  Local host:   node02
  Local device: mlx5_0
--------------------------------------------------------------------------
[node02:165776] 3 more processes have sent help message help-mpi-btl-openib.txt / error in device init
[node02:165776] Set MCA parameter "orte_base_help_aggregate" to 0 to see all help / error messages
--------------------------------------------------------------------------
WARNING: There was an error initializing an OpenFabrics device.

  Local host:   node02
  Local device: mlx5_0
--------------------------------------------------------------------------
[node02:166274] 3 more processes have sent help message help-mpi-btl-openib.txt / error in device init
[node02:166274] Set MCA parameter "orte_base_help_aggregate" to 0 to see all help / error messages
--------------------------------------------------------------------------
WARNING: There was an error initializing an OpenFabrics device.

  Local host:   node02
  Local device: mlx5_0
--------------------------------------------------------------------------
[node02:166690] 3 more processes have sent help message help-mpi-btl-openib.txt / error in device init
[node02:166690] Set MCA parameter "orte_base_help_aggregate" to 0 to see all help / error messages
--------------------------------------------------------------------------
WARNING: There was an error initializing an OpenFabrics device.

  Local host:   node02
  Local device: mlx5_0
--------------------------------------------------------------------------
[node02:167058] 3 more processes have sent help message help-mpi-btl-openib.txt / error in device init
[node02:167058] Set MCA parameter "orte_base_help_aggregate" to 0 to see all help / error messages
--------------------------------------------------------------------------
WARNING: There was an error initializing an OpenFabrics device.

  Local host:   node02
  Local device: mlx5_0
--------------------------------------------------------------------------
[node02:167337] 3 more processes have sent help message help-mpi-btl-openib.txt / error in device init
[node02:167337] Set MCA parameter "orte_base_help_aggregate" to 0 to see all help / error messages
--------------------------------------------------------------------------
WARNING: There was an error initializing an OpenFabrics device.

  Local host:   node02
  Local device: mlx5_0
--------------------------------------------------------------------------
[node02:167667] 3 more processes have sent help message help-mpi-btl-openib.txt / error in device init
[node02:167667] Set MCA parameter "orte_base_help_aggregate" to 0 to see all help / error messages
--------------------------------------------------------------------------
WARNING: There was an error initializing an OpenFabrics device.

  Local host:   node02
  Local device: mlx5_0
--------------------------------------------------------------------------
[node02:168033] 3 more processes have sent help message help-mpi-btl-openib.txt / error in device init
[node02:168033] Set MCA parameter "orte_base_help_aggregate" to 0 to see all help / error messages
--------------------------------------------------------------------------
WARNING: There was an error initializing an OpenFabrics device.

  Local host:   node02
  Local device: mlx5_0
--------------------------------------------------------------------------
[node02:168475] 3 more processes have sent help message help-mpi-btl-openib.txt / error in device init
[node02:168475] Set MCA parameter "orte_base_help_aggregate" to 0 to see all help / error messages
--------------------------------------------------------------------------
WARNING: There was an error initializing an OpenFabrics device.

  Local host:   node02
  Local device: mlx5_0
--------------------------------------------------------------------------
[node02:168940] 3 more processes have sent help message help-mpi-btl-openib.txt / error in device init
[node02:168940] Set MCA parameter "orte_base_help_aggregate" to 0 to see all help / error messages
--------------------------------------------------------------------------
WARNING: There was an error initializing an OpenFabrics device.

  Local host:   node02
  Local device: mlx5_0
--------------------------------------------------------------------------
[node02:169335] 3 more processes have sent help message help-mpi-btl-openib.txt / error in device init
[node02:169335] Set MCA parameter "orte_base_help_aggregate" to 0 to see all help / error messages
--------------------------------------------------------------------------
WARNING: There was an error initializing an OpenFabrics device.

  Local host:   node02
  Local device: mlx5_0
--------------------------------------------------------------------------
[node02:169799] 3 more processes have sent help message help-mpi-btl-openib.txt / error in device init
[node02:169799] Set MCA parameter "orte_base_help_aggregate" to 0 to see all help / error messages
--------------------------------------------------------------------------
WARNING: There was an error initializing an OpenFabrics device.

  Local host:   node02
  Local device: mlx5_0
--------------------------------------------------------------------------
[node02:170168] 3 more processes have sent help message help-mpi-btl-openib.txt / error in device init
[node02:170168] Set MCA parameter "orte_base_help_aggregate" to 0 to see all help / error messages
--------------------------------------------------------------------------
WARNING: There was an error initializing an OpenFabrics device.

  Local host:   node02
  Local device: mlx5_0
--------------------------------------------------------------------------
[node02:170554] 3 more processes have sent help message help-mpi-btl-openib.txt / error in device init
[node02:170554] Set MCA parameter "orte_base_help_aggregate" to 0 to see all help / error messages
--------------------------------------------------------------------------
WARNING: There was an error initializing an OpenFabrics device.

  Local host:   node02
  Local device: mlx5_0
--------------------------------------------------------------------------
[node02:170959] 3 more processes have sent help message help-mpi-btl-openib.txt / error in device init
[node02:170959] Set MCA parameter "orte_base_help_aggregate" to 0 to see all help / error messages
--------------------------------------------------------------------------
WARNING: There was an error initializing an OpenFabrics device.

  Local host:   node02
  Local device: mlx5_0
--------------------------------------------------------------------------
[node02:171327] 3 more processes have sent help message help-mpi-btl-openib.txt / error in device init
[node02:171327] Set MCA parameter "orte_base_help_aggregate" to 0 to see all help / error messages
--------------------------------------------------------------------------
WARNING: There was an error initializing an OpenFabrics device.

  Local host:   node02
  Local device: mlx5_0
--------------------------------------------------------------------------
[node02:171866] 3 more processes have sent help message help-mpi-btl-openib.txt / error in device init
[node02:171866] Set MCA parameter "orte_base_help_aggregate" to 0 to see all help / error messages
--------------------------------------------------------------------------
WARNING: There was an error initializing an OpenFabrics device.

  Local host:   node02
  Local device: mlx5_0
--------------------------------------------------------------------------
[node02:172213] 3 more processes have sent help message help-mpi-btl-openib.txt / error in device init
[node02:172213] Set MCA parameter "orte_base_help_aggregate" to 0 to see all help / error messages
--------------------------------------------------------------------------
WARNING: There was an error initializing an OpenFabrics device.

  Local host:   node02
  Local device: mlx5_0
--------------------------------------------------------------------------
[node02:172601] 3 more processes have sent help message help-mpi-btl-openib.txt / error in device init
[node02:172601] Set MCA parameter "orte_base_help_aggregate" to 0 to see all help / error messages
--------------------------------------------------------------------------
WARNING: There was an error initializing an OpenFabrics device.

  Local host:   node02
  Local device: mlx5_0
--------------------------------------------------------------------------
[node02:173037] 3 more processes have sent help message help-mpi-btl-openib.txt / error in device init
[node02:173037] Set MCA parameter "orte_base_help_aggregate" to 0 to see all help / error messages
--------------------------------------------------------------------------
WARNING: There was an error initializing an OpenFabrics device.

  Local host:   node02
  Local device: mlx5_0
--------------------------------------------------------------------------
[node02:173467] 3 more processes have sent help message help-mpi-btl-openib.txt / error in device init
[node02:173467] Set MCA parameter "orte_base_help_aggregate" to 0 to see all help / error messages
--------------------------------------------------------------------------
WARNING: There was an error initializing an OpenFabrics device.

  Local host:   node02
  Local device: mlx5_0
--------------------------------------------------------------------------
[node02:173783] 3 more processes have sent help message help-mpi-btl-openib.txt / error in device init
[node02:173783] Set MCA parameter "orte_base_help_aggregate" to 0 to see all help / error messages
--------------------------------------------------------------------------
WARNING: There was an error initializing an OpenFabrics device.

  Local host:   node02
  Local device: mlx5_0
--------------------------------------------------------------------------
[node02:174183] 3 more processes have sent help message help-mpi-btl-openib.txt / error in device init
[node02:174183] Set MCA parameter "orte_base_help_aggregate" to 0 to see all help / error messages
--------------------------------------------------------------------------
WARNING: There was an error initializing an OpenFabrics device.

  Local host:   node02
  Local device: mlx5_0
--------------------------------------------------------------------------
[node02:174550] 3 more processes have sent help message help-mpi-btl-openib.txt / error in device init
[node02:174550] Set MCA parameter "orte_base_help_aggregate" to 0 to see all help / error messages
--------------------------------------------------------------------------
WARNING: There was an error initializing an OpenFabrics device.

  Local host:   node02
  Local device: mlx5_0
--------------------------------------------------------------------------
[node02:174922] 3 more processes have sent help message help-mpi-btl-openib.txt / error in device init
[node02:174922] Set MCA parameter "orte_base_help_aggregate" to 0 to see all help / error messages
--------------------------------------------------------------------------
WARNING: There was an error initializing an OpenFabrics device.

  Local host:   node02
  Local device: mlx5_0
--------------------------------------------------------------------------
[node02:175356] 3 more processes have sent help message help-mpi-btl-openib.txt / error in device init
[node02:175356] Set MCA parameter "orte_base_help_aggregate" to 0 to see all help / error messages
--------------------------------------------------------------------------
WARNING: There was an error initializing an OpenFabrics device.

  Local host:   node02
  Local device: mlx5_0
--------------------------------------------------------------------------
[node02:175830] 3 more processes have sent help message help-mpi-btl-openib.txt / error in device init
[node02:175830] Set MCA parameter "orte_base_help_aggregate" to 0 to see all help / error messages
--------------------------------------------------------------------------
WARNING: There was an error initializing an OpenFabrics device.

  Local host:   node02
  Local device: mlx5_0
--------------------------------------------------------------------------
[node02:176198] 3 more processes have sent help message help-mpi-btl-openib.txt / error in device init
[node02:176198] Set MCA parameter "orte_base_help_aggregate" to 0 to see all help / error messages
--------------------------------------------------------------------------
WARNING: There was an error initializing an OpenFabrics device.

  Local host:   node02
  Local device: mlx5_0
--------------------------------------------------------------------------
[node02:176572] 3 more processes have sent help message help-mpi-btl-openib.txt / error in device init
[node02:176572] Set MCA parameter "orte_base_help_aggregate" to 0 to see all help / error messages
--------------------------------------------------------------------------
WARNING: There was an error initializing an OpenFabrics device.

  Local host:   node02
  Local device: mlx5_0
--------------------------------------------------------------------------
[node02:176980] 3 more processes have sent help message help-mpi-btl-openib.txt / error in device init
[node02:176980] Set MCA parameter "orte_base_help_aggregate" to 0 to see all help / error messages
--------------------------------------------------------------------------
WARNING: There was an error initializing an OpenFabrics device.

  Local host:   node02
  Local device: mlx5_0
--------------------------------------------------------------------------
[node02:177505] 3 more processes have sent help message help-mpi-btl-openib.txt / error in device init
[node02:177505] Set MCA parameter "orte_base_help_aggregate" to 0 to see all help / error messages
--------------------------------------------------------------------------
WARNING: There was an error initializing an OpenFabrics device.

  Local host:   node02
  Local device: mlx5_0
--------------------------------------------------------------------------
[node02:177929] 3 more processes have sent help message help-mpi-btl-openib.txt / error in device init
[node02:177929] Set MCA parameter "orte_base_help_aggregate" to 0 to see all help / error messages
--------------------------------------------------------------------------
WARNING: There was an error initializing an OpenFabrics device.

  Local host:   node02
  Local device: mlx5_0
--------------------------------------------------------------------------
[node02:178332] 3 more processes have sent help message help-mpi-btl-openib.txt / error in device init
[node02:178332] Set MCA parameter "orte_base_help_aggregate" to 0 to see all help / error messages
--------------------------------------------------------------------------
WARNING: There was an error initializing an OpenFabrics device.

  Local host:   node02
  Local device: mlx5_0
--------------------------------------------------------------------------
[node02:178616] 3 more processes have sent help message help-mpi-btl-openib.txt / error in device init
[node02:178616] Set MCA parameter "orte_base_help_aggregate" to 0 to see all help / error messages
--------------------------------------------------------------------------
WARNING: There was an error initializing an OpenFabrics device.

  Local host:   node02
  Local device: mlx5_0
--------------------------------------------------------------------------
[node02:179032] 3 more processes have sent help message help-mpi-btl-openib.txt / error in device init
[node02:179032] Set MCA parameter "orte_base_help_aggregate" to 0 to see all help / error messages
--------------------------------------------------------------------------
WARNING: There was an error initializing an OpenFabrics device.

  Local host:   node02
  Local device: mlx5_0
--------------------------------------------------------------------------
[node02:179387] 3 more processes have sent help message help-mpi-btl-openib.txt / error in device init
[node02:179387] Set MCA parameter "orte_base_help_aggregate" to 0 to see all help / error messages
--------------------------------------------------------------------------
WARNING: There was an error initializing an OpenFabrics device.

  Local host:   node02
  Local device: mlx5_0
--------------------------------------------------------------------------
[node02:179785] 3 more processes have sent help message help-mpi-btl-openib.txt / error in device init
[node02:179785] Set MCA parameter "orte_base_help_aggregate" to 0 to see all help / error messages
--------------------------------------------------------------------------
WARNING: There was an error initializing an OpenFabrics device.

  Local host:   node02
  Local device: mlx5_0
--------------------------------------------------------------------------
[node02:180166] 3 more processes have sent help message help-mpi-btl-openib.txt / error in device init
[node02:180166] Set MCA parameter "orte_base_help_aggregate" to 0 to see all help / error messages
--------------------------------------------------------------------------
WARNING: There was an error initializing an OpenFabrics device.

  Local host:   node02
  Local device: mlx5_0
--------------------------------------------------------------------------
[node02:180576] 3 more processes have sent help message help-mpi-btl-openib.txt / error in device init
[node02:180576] Set MCA parameter "orte_base_help_aggregate" to 0 to see all help / error messages
--------------------------------------------------------------------------
WARNING: There was an error initializing an OpenFabrics device.

  Local host:   node02
  Local device: mlx5_0
--------------------------------------------------------------------------
[node02:181002] 3 more processes have sent help message help-mpi-btl-openib.txt / error in device init
[node02:181002] Set MCA parameter "orte_base_help_aggregate" to 0 to see all help / error messages
--------------------------------------------------------------------------
WARNING: There was an error initializing an OpenFabrics device.

  Local host:   node02
  Local device: mlx5_0
--------------------------------------------------------------------------
[node02:181381] 3 more processes have sent help message help-mpi-btl-openib.txt / error in device init
[node02:181381] Set MCA parameter "orte_base_help_aggregate" to 0 to see all help / error messages
--------------------------------------------------------------------------
WARNING: There was an error initializing an OpenFabrics device.

  Local host:   node02
  Local device: mlx5_0
--------------------------------------------------------------------------
[node02:181716] 3 more processes have sent help message help-mpi-btl-openib.txt / error in device init
[node02:181716] Set MCA parameter "orte_base_help_aggregate" to 0 to see all help / error messages
--------------------------------------------------------------------------
WARNING: There was an error initializing an OpenFabrics device.

  Local host:   node02
  Local device: mlx5_0
--------------------------------------------------------------------------
[node02:182140] 3 more processes have sent help message help-mpi-btl-openib.txt / error in device init
[node02:182140] Set MCA parameter "orte_base_help_aggregate" to 0 to see all help / error messages
--------------------------------------------------------------------------
WARNING: There was an error initializing an OpenFabrics device.

  Local host:   node02
  Local device: mlx5_0
--------------------------------------------------------------------------
[node02:182476] 3 more processes have sent help message help-mpi-btl-openib.txt / error in device init
[node02:182476] Set MCA parameter "orte_base_help_aggregate" to 0 to see all help / error messages
--------------------------------------------------------------------------
WARNING: There was an error initializing an OpenFabrics device.

  Local host:   node02
  Local device: mlx5_0
--------------------------------------------------------------------------
[node02:182828] 3 more processes have sent help message help-mpi-btl-openib.txt / error in device init
[node02:182828] Set MCA parameter "orte_base_help_aggregate" to 0 to see all help / error messages
--------------------------------------------------------------------------
WARNING: There was an error initializing an OpenFabrics device.

  Local host:   node02
  Local device: mlx5_0
--------------------------------------------------------------------------
[node02:183079] 3 more processes have sent help message help-mpi-btl-openib.txt / error in device init
[node02:183079] Set MCA parameter "orte_base_help_aggregate" to 0 to see all help / error messages
--------------------------------------------------------------------------
WARNING: There was an error initializing an OpenFabrics device.

  Local host:   node02
  Local device: mlx5_0
--------------------------------------------------------------------------
[node02:183456] 3 more processes have sent help message help-mpi-btl-openib.txt / error in device init
[node02:183456] Set MCA parameter "orte_base_help_aggregate" to 0 to see all help / error messages
--------------------------------------------------------------------------
WARNING: There was an error initializing an OpenFabrics device.

  Local host:   node02
  Local device: mlx5_0
--------------------------------------------------------------------------
[node02:183802] 3 more processes have sent help message help-mpi-btl-openib.txt / error in device init
[node02:183802] Set MCA parameter "orte_base_help_aggregate" to 0 to see all help / error messages
--------------------------------------------------------------------------
WARNING: There was an error initializing an OpenFabrics device.

  Local host:   node02
  Local device: mlx5_0
--------------------------------------------------------------------------
[node02:184167] 3 more processes have sent help message help-mpi-btl-openib.txt / error in device init
[node02:184167] Set MCA parameter "orte_base_help_aggregate" to 0 to see all help / error messages
--------------------------------------------------------------------------
WARNING: There was an error initializing an OpenFabrics device.

  Local host:   node02
  Local device: mlx5_0
--------------------------------------------------------------------------
[node02:184577] 3 more processes have sent help message help-mpi-btl-openib.txt / error in device init
[node02:184577] Set MCA parameter "orte_base_help_aggregate" to 0 to see all help / error messages
--------------------------------------------------------------------------
WARNING: There was an error initializing an OpenFabrics device.

  Local host:   node02
  Local device: mlx5_0
--------------------------------------------------------------------------
[node02:184987] 3 more processes have sent help message help-mpi-btl-openib.txt / error in device init
[node02:184987] Set MCA parameter "orte_base_help_aggregate" to 0 to see all help / error messages
--------------------------------------------------------------------------
WARNING: There was an error initializing an OpenFabrics device.

  Local host:   node02
  Local device: mlx5_0
--------------------------------------------------------------------------
[node02:185353] 3 more processes have sent help message help-mpi-btl-openib.txt / error in device init
[node02:185353] Set MCA parameter "orte_base_help_aggregate" to 0 to see all help / error messages
--------------------------------------------------------------------------
WARNING: There was an error initializing an OpenFabrics device.

  Local host:   node02
  Local device: mlx5_0
--------------------------------------------------------------------------
[node02:185593] 3 more processes have sent help message help-mpi-btl-openib.txt / error in device init
[node02:185593] Set MCA parameter "orte_base_help_aggregate" to 0 to see all help / error messages
--------------------------------------------------------------------------
WARNING: There was an error initializing an OpenFabrics device.

  Local host:   node02
  Local device: mlx5_0
--------------------------------------------------------------------------
[node02:185982] 3 more processes have sent help message help-mpi-btl-openib.txt / error in device init
[node02:185982] Set MCA parameter "orte_base_help_aggregate" to 0 to see all help / error messages
--------------------------------------------------------------------------
WARNING: There was an error initializing an OpenFabrics device.

  Local host:   node02
  Local device: mlx5_0
--------------------------------------------------------------------------
[node02:186255] 3 more processes have sent help message help-mpi-btl-openib.txt / error in device init
[node02:186255] Set MCA parameter "orte_base_help_aggregate" to 0 to see all help / error messages
--------------------------------------------------------------------------
WARNING: There was an error initializing an OpenFabrics device.

  Local host:   node02
  Local device: mlx5_0
--------------------------------------------------------------------------
[node02:186817] 3 more processes have sent help message help-mpi-btl-openib.txt / error in device init
[node02:186817] Set MCA parameter "orte_base_help_aggregate" to 0 to see all help / error messages
--------------------------------------------------------------------------
WARNING: There was an error initializing an OpenFabrics device.

  Local host:   node02
  Local device: mlx5_0
--------------------------------------------------------------------------
[node02:187175] 3 more processes have sent help message help-mpi-btl-openib.txt / error in device init
[node02:187175] Set MCA parameter "orte_base_help_aggregate" to 0 to see all help / error messages
--------------------------------------------------------------------------
WARNING: There was an error initializing an OpenFabrics device.

  Local host:   node02
  Local device: mlx5_0
--------------------------------------------------------------------------
[node02:187514] 3 more processes have sent help message help-mpi-btl-openib.txt / error in device init
[node02:187514] Set MCA parameter "orte_base_help_aggregate" to 0 to see all help / error messages
--------------------------------------------------------------------------
WARNING: There was an error initializing an OpenFabrics device.

  Local host:   node02
  Local device: mlx5_0
--------------------------------------------------------------------------
[node02:187932] 3 more processes have sent help message help-mpi-btl-openib.txt / error in device init
[node02:187932] Set MCA parameter "orte_base_help_aggregate" to 0 to see all help / error messages
--------------------------------------------------------------------------
WARNING: There was an error initializing an OpenFabrics device.

  Local host:   node02
  Local device: mlx5_0
--------------------------------------------------------------------------
[node02:188262] 3 more processes have sent help message help-mpi-btl-openib.txt / error in device init
[node02:188262] Set MCA parameter "orte_base_help_aggregate" to 0 to see all help / error messages
--------------------------------------------------------------------------
WARNING: There was an error initializing an OpenFabrics device.

  Local host:   node02
  Local device: mlx5_0
--------------------------------------------------------------------------
[node02:188579] 3 more processes have sent help message help-mpi-btl-openib.txt / error in device init
[node02:188579] Set MCA parameter "orte_base_help_aggregate" to 0 to see all help / error messages
--------------------------------------------------------------------------
WARNING: There was an error initializing an OpenFabrics device.

  Local host:   node02
  Local device: mlx5_0
--------------------------------------------------------------------------
[node02:188919] 3 more processes have sent help message help-mpi-btl-openib.txt / error in device init
[node02:188919] Set MCA parameter "orte_base_help_aggregate" to 0 to see all help / error messages
--------------------------------------------------------------------------
WARNING: There was an error initializing an OpenFabrics device.

  Local host:   node02
  Local device: mlx5_0
--------------------------------------------------------------------------
[node02:189305] 3 more processes have sent help message help-mpi-btl-openib.txt / error in device init
[node02:189305] Set MCA parameter "orte_base_help_aggregate" to 0 to see all help / error messages
--------------------------------------------------------------------------
WARNING: There was an error initializing an OpenFabrics device.

  Local host:   node02
  Local device: mlx5_0
--------------------------------------------------------------------------
[node02:189657] 3 more processes have sent help message help-mpi-btl-openib.txt / error in device init
[node02:189657] Set MCA parameter "orte_base_help_aggregate" to 0 to see all help / error messages
--------------------------------------------------------------------------
WARNING: There was an error initializing an OpenFabrics device.

  Local host:   node02
  Local device: mlx5_0
--------------------------------------------------------------------------
[node02:190170] 3 more processes have sent help message help-mpi-btl-openib.txt / error in device init
[node02:190170] Set MCA parameter "orte_base_help_aggregate" to 0 to see all help / error messages
