/home/jang/cal_tmp/10_orca/Gen_chromophore/Gen_molecular_pairs_cal/mol_1_4.xyz
--------------------------------------------------------------------------
WARNING: There was an error initializing an OpenFabrics device.

  Local host:   node02
  Local device: mlx5_0
--------------------------------------------------------------------------
[node02:108586] 3 more processes have sent help message help-mpi-btl-openib.txt / error in device init
[node02:108586] Set MCA parameter "orte_base_help_aggregate" to 0 to see all help / error messages
--------------------------------------------------------------------------
WARNING: There was an error initializing an OpenFabrics device.

  Local host:   node02
  Local device: mlx5_0
--------------------------------------------------------------------------
[node02:108996] 3 more processes have sent help message help-mpi-btl-openib.txt / error in device init
[node02:108996] Set MCA parameter "orte_base_help_aggregate" to 0 to see all help / error messages
--------------------------------------------------------------------------
WARNING: There was an error initializing an OpenFabrics device.

  Local host:   node02
  Local device: mlx5_0
--------------------------------------------------------------------------
[node02:109479] 3 more processes have sent help message help-mpi-btl-openib.txt / error in device init
[node02:109479] Set MCA parameter "orte_base_help_aggregate" to 0 to see all help / error messages
--------------------------------------------------------------------------
WARNING: There was an error initializing an OpenFabrics device.

  Local host:   node02
  Local device: mlx5_0
--------------------------------------------------------------------------
[node02:109868] 3 more processes have sent help message help-mpi-btl-openib.txt / error in device init
[node02:109868] Set MCA parameter "orte_base_help_aggregate" to 0 to see all help / error messages
--------------------------------------------------------------------------
WARNING: There was an error initializing an OpenFabrics device.

  Local host:   node02
  Local device: mlx5_0
--------------------------------------------------------------------------
[node02:110303] 3 more processes have sent help message help-mpi-btl-openib.txt / error in device init
[node02:110303] Set MCA parameter "orte_base_help_aggregate" to 0 to see all help / error messages
--------------------------------------------------------------------------
WARNING: There was an error initializing an OpenFabrics device.

  Local host:   node02
  Local device: mlx5_0
--------------------------------------------------------------------------
[node02:110733] 3 more processes have sent help message help-mpi-btl-openib.txt / error in device init
[node02:110733] Set MCA parameter "orte_base_help_aggregate" to 0 to see all help / error messages
--------------------------------------------------------------------------
WARNING: There was an error initializing an OpenFabrics device.

  Local host:   node02
  Local device: mlx5_0
--------------------------------------------------------------------------
[node02:111076] 3 more processes have sent help message help-mpi-btl-openib.txt / error in device init
[node02:111076] Set MCA parameter "orte_base_help_aggregate" to 0 to see all help / error messages
--------------------------------------------------------------------------
WARNING: There was an error initializing an OpenFabrics device.

  Local host:   node02
  Local device: mlx5_0
--------------------------------------------------------------------------
[node02:111452] 3 more processes have sent help message help-mpi-btl-openib.txt / error in device init
[node02:111452] Set MCA parameter "orte_base_help_aggregate" to 0 to see all help / error messages
--------------------------------------------------------------------------
WARNING: There was an error initializing an OpenFabrics device.

  Local host:   node02
  Local device: mlx5_0
--------------------------------------------------------------------------
[node02:111909] 3 more processes have sent help message help-mpi-btl-openib.txt / error in device init
[node02:111909] Set MCA parameter "orte_base_help_aggregate" to 0 to see all help / error messages
--------------------------------------------------------------------------
WARNING: There was an error initializing an OpenFabrics device.

  Local host:   node02
  Local device: mlx5_0
--------------------------------------------------------------------------
[node02:112317] 3 more processes have sent help message help-mpi-btl-openib.txt / error in device init
[node02:112317] Set MCA parameter "orte_base_help_aggregate" to 0 to see all help / error messages
--------------------------------------------------------------------------
WARNING: There was an error initializing an OpenFabrics device.

  Local host:   node02
  Local device: mlx5_0
--------------------------------------------------------------------------
[node02:112736] 3 more processes have sent help message help-mpi-btl-openib.txt / error in device init
[node02:112736] Set MCA parameter "orte_base_help_aggregate" to 0 to see all help / error messages
--------------------------------------------------------------------------
WARNING: There was an error initializing an OpenFabrics device.

  Local host:   node02
  Local device: mlx5_0
--------------------------------------------------------------------------
[node02:113029] 3 more processes have sent help message help-mpi-btl-openib.txt / error in device init
[node02:113029] Set MCA parameter "orte_base_help_aggregate" to 0 to see all help / error messages
--------------------------------------------------------------------------
WARNING: There was an error initializing an OpenFabrics device.

  Local host:   node02
  Local device: mlx5_0
--------------------------------------------------------------------------
[node02:113373] 3 more processes have sent help message help-mpi-btl-openib.txt / error in device init
[node02:113373] Set MCA parameter "orte_base_help_aggregate" to 0 to see all help / error messages
--------------------------------------------------------------------------
WARNING: There was an error initializing an OpenFabrics device.

  Local host:   node02
  Local device: mlx5_0
--------------------------------------------------------------------------
[node02:113946] 3 more processes have sent help message help-mpi-btl-openib.txt / error in device init
[node02:113946] Set MCA parameter "orte_base_help_aggregate" to 0 to see all help / error messages
--------------------------------------------------------------------------
WARNING: There was an error initializing an OpenFabrics device.

  Local host:   node02
  Local device: mlx5_0
--------------------------------------------------------------------------
[node02:114478] 3 more processes have sent help message help-mpi-btl-openib.txt / error in device init
[node02:114478] Set MCA parameter "orte_base_help_aggregate" to 0 to see all help / error messages
--------------------------------------------------------------------------
WARNING: There was an error initializing an OpenFabrics device.

  Local host:   node02
  Local device: mlx5_0
--------------------------------------------------------------------------
[node02:114832] 3 more processes have sent help message help-mpi-btl-openib.txt / error in device init
[node02:114832] Set MCA parameter "orte_base_help_aggregate" to 0 to see all help / error messages
--------------------------------------------------------------------------
WARNING: There was an error initializing an OpenFabrics device.

  Local host:   node02
  Local device: mlx5_0
--------------------------------------------------------------------------
[node02:115184] 3 more processes have sent help message help-mpi-btl-openib.txt / error in device init
[node02:115184] Set MCA parameter "orte_base_help_aggregate" to 0 to see all help / error messages
--------------------------------------------------------------------------
WARNING: There was an error initializing an OpenFabrics device.

  Local host:   node02
  Local device: mlx5_0
--------------------------------------------------------------------------
[node02:115475] 3 more processes have sent help message help-mpi-btl-openib.txt / error in device init
[node02:115475] Set MCA parameter "orte_base_help_aggregate" to 0 to see all help / error messages
--------------------------------------------------------------------------
WARNING: There was an error initializing an OpenFabrics device.

  Local host:   node02
  Local device: mlx5_0
--------------------------------------------------------------------------
[node02:115846] 3 more processes have sent help message help-mpi-btl-openib.txt / error in device init
[node02:115846] Set MCA parameter "orte_base_help_aggregate" to 0 to see all help / error messages
--------------------------------------------------------------------------
WARNING: There was an error initializing an OpenFabrics device.

  Local host:   node02
  Local device: mlx5_0
--------------------------------------------------------------------------
[node02:116331] 3 more processes have sent help message help-mpi-btl-openib.txt / error in device init
[node02:116331] Set MCA parameter "orte_base_help_aggregate" to 0 to see all help / error messages
--------------------------------------------------------------------------
WARNING: There was an error initializing an OpenFabrics device.

  Local host:   node02
  Local device: mlx5_0
--------------------------------------------------------------------------
[node02:116656] 3 more processes have sent help message help-mpi-btl-openib.txt / error in device init
[node02:116656] Set MCA parameter "orte_base_help_aggregate" to 0 to see all help / error messages
--------------------------------------------------------------------------
WARNING: There was an error initializing an OpenFabrics device.

  Local host:   node02
  Local device: mlx5_0
--------------------------------------------------------------------------
[node02:117006] 3 more processes have sent help message help-mpi-btl-openib.txt / error in device init
[node02:117006] Set MCA parameter "orte_base_help_aggregate" to 0 to see all help / error messages
--------------------------------------------------------------------------
WARNING: There was an error initializing an OpenFabrics device.

  Local host:   node02
  Local device: mlx5_0
--------------------------------------------------------------------------
[node02:117396] 3 more processes have sent help message help-mpi-btl-openib.txt / error in device init
[node02:117396] Set MCA parameter "orte_base_help_aggregate" to 0 to see all help / error messages
--------------------------------------------------------------------------
WARNING: There was an error initializing an OpenFabrics device.

  Local host:   node02
  Local device: mlx5_0
--------------------------------------------------------------------------
[node02:117778] 3 more processes have sent help message help-mpi-btl-openib.txt / error in device init
[node02:117778] Set MCA parameter "orte_base_help_aggregate" to 0 to see all help / error messages
--------------------------------------------------------------------------
WARNING: There was an error initializing an OpenFabrics device.

  Local host:   node02
  Local device: mlx5_0
--------------------------------------------------------------------------
[node02:118129] 3 more processes have sent help message help-mpi-btl-openib.txt / error in device init
[node02:118129] Set MCA parameter "orte_base_help_aggregate" to 0 to see all help / error messages
--------------------------------------------------------------------------
WARNING: There was an error initializing an OpenFabrics device.

  Local host:   node02
  Local device: mlx5_0
--------------------------------------------------------------------------
[node02:118528] 3 more processes have sent help message help-mpi-btl-openib.txt / error in device init
[node02:118528] Set MCA parameter "orte_base_help_aggregate" to 0 to see all help / error messages
--------------------------------------------------------------------------
WARNING: There was an error initializing an OpenFabrics device.

  Local host:   node02
  Local device: mlx5_0
--------------------------------------------------------------------------
[node02:119090] 3 more processes have sent help message help-mpi-btl-openib.txt / error in device init
[node02:119090] Set MCA parameter "orte_base_help_aggregate" to 0 to see all help / error messages
--------------------------------------------------------------------------
WARNING: There was an error initializing an OpenFabrics device.

  Local host:   node02
  Local device: mlx5_0
--------------------------------------------------------------------------
[node02:119546] 3 more processes have sent help message help-mpi-btl-openib.txt / error in device init
[node02:119546] Set MCA parameter "orte_base_help_aggregate" to 0 to see all help / error messages
--------------------------------------------------------------------------
WARNING: There was an error initializing an OpenFabrics device.

  Local host:   node02
  Local device: mlx5_0
--------------------------------------------------------------------------
[node02:119927] 3 more processes have sent help message help-mpi-btl-openib.txt / error in device init
[node02:119927] Set MCA parameter "orte_base_help_aggregate" to 0 to see all help / error messages
--------------------------------------------------------------------------
WARNING: There was an error initializing an OpenFabrics device.

  Local host:   node02
  Local device: mlx5_0
--------------------------------------------------------------------------
[node02:120314] 3 more processes have sent help message help-mpi-btl-openib.txt / error in device init
[node02:120314] Set MCA parameter "orte_base_help_aggregate" to 0 to see all help / error messages
--------------------------------------------------------------------------
WARNING: There was an error initializing an OpenFabrics device.

  Local host:   node02
  Local device: mlx5_0
--------------------------------------------------------------------------
[node02:120674] 3 more processes have sent help message help-mpi-btl-openib.txt / error in device init
[node02:120674] Set MCA parameter "orte_base_help_aggregate" to 0 to see all help / error messages
--------------------------------------------------------------------------
WARNING: There was an error initializing an OpenFabrics device.

  Local host:   node02
  Local device: mlx5_0
--------------------------------------------------------------------------
[node02:121155] 3 more processes have sent help message help-mpi-btl-openib.txt / error in device init
[node02:121155] Set MCA parameter "orte_base_help_aggregate" to 0 to see all help / error messages
--------------------------------------------------------------------------
WARNING: There was an error initializing an OpenFabrics device.

  Local host:   node02
  Local device: mlx5_0
--------------------------------------------------------------------------
[node02:121638] 3 more processes have sent help message help-mpi-btl-openib.txt / error in device init
[node02:121638] Set MCA parameter "orte_base_help_aggregate" to 0 to see all help / error messages
--------------------------------------------------------------------------
WARNING: There was an error initializing an OpenFabrics device.

  Local host:   node02
  Local device: mlx5_0
--------------------------------------------------------------------------
[node02:122014] 3 more processes have sent help message help-mpi-btl-openib.txt / error in device init
[node02:122014] Set MCA parameter "orte_base_help_aggregate" to 0 to see all help / error messages
--------------------------------------------------------------------------
WARNING: There was an error initializing an OpenFabrics device.

  Local host:   node02
  Local device: mlx5_0
--------------------------------------------------------------------------
[node02:122424] 3 more processes have sent help message help-mpi-btl-openib.txt / error in device init
[node02:122424] Set MCA parameter "orte_base_help_aggregate" to 0 to see all help / error messages
--------------------------------------------------------------------------
WARNING: There was an error initializing an OpenFabrics device.

  Local host:   node02
  Local device: mlx5_0
--------------------------------------------------------------------------
[node02:122850] 3 more processes have sent help message help-mpi-btl-openib.txt / error in device init
[node02:122850] Set MCA parameter "orte_base_help_aggregate" to 0 to see all help / error messages
--------------------------------------------------------------------------
WARNING: There was an error initializing an OpenFabrics device.

  Local host:   node02
  Local device: mlx5_0
--------------------------------------------------------------------------
[node02:123296] 3 more processes have sent help message help-mpi-btl-openib.txt / error in device init
[node02:123296] Set MCA parameter "orte_base_help_aggregate" to 0 to see all help / error messages
--------------------------------------------------------------------------
WARNING: There was an error initializing an OpenFabrics device.

  Local host:   node02
  Local device: mlx5_0
--------------------------------------------------------------------------
[node02:123677] 3 more processes have sent help message help-mpi-btl-openib.txt / error in device init
[node02:123677] Set MCA parameter "orte_base_help_aggregate" to 0 to see all help / error messages
--------------------------------------------------------------------------
WARNING: There was an error initializing an OpenFabrics device.

  Local host:   node02
  Local device: mlx5_0
--------------------------------------------------------------------------
[node02:124088] 3 more processes have sent help message help-mpi-btl-openib.txt / error in device init
[node02:124088] Set MCA parameter "orte_base_help_aggregate" to 0 to see all help / error messages
--------------------------------------------------------------------------
WARNING: There was an error initializing an OpenFabrics device.

  Local host:   node02
  Local device: mlx5_0
--------------------------------------------------------------------------
[node02:124523] 3 more processes have sent help message help-mpi-btl-openib.txt / error in device init
[node02:124523] Set MCA parameter "orte_base_help_aggregate" to 0 to see all help / error messages
--------------------------------------------------------------------------
WARNING: There was an error initializing an OpenFabrics device.

  Local host:   node02
  Local device: mlx5_0
--------------------------------------------------------------------------
[node02:124935] 3 more processes have sent help message help-mpi-btl-openib.txt / error in device init
[node02:124935] Set MCA parameter "orte_base_help_aggregate" to 0 to see all help / error messages
--------------------------------------------------------------------------
WARNING: There was an error initializing an OpenFabrics device.

  Local host:   node02
  Local device: mlx5_0
--------------------------------------------------------------------------
[node02:125287] 3 more processes have sent help message help-mpi-btl-openib.txt / error in device init
[node02:125287] Set MCA parameter "orte_base_help_aggregate" to 0 to see all help / error messages
--------------------------------------------------------------------------
WARNING: There was an error initializing an OpenFabrics device.

  Local host:   node02
  Local device: mlx5_0
--------------------------------------------------------------------------
[node02:125682] 3 more processes have sent help message help-mpi-btl-openib.txt / error in device init
[node02:125682] Set MCA parameter "orte_base_help_aggregate" to 0 to see all help / error messages
--------------------------------------------------------------------------
WARNING: There was an error initializing an OpenFabrics device.

  Local host:   node02
  Local device: mlx5_0
--------------------------------------------------------------------------
[node02:126067] 3 more processes have sent help message help-mpi-btl-openib.txt / error in device init
[node02:126067] Set MCA parameter "orte_base_help_aggregate" to 0 to see all help / error messages
--------------------------------------------------------------------------
WARNING: There was an error initializing an OpenFabrics device.

  Local host:   node02
  Local device: mlx5_0
--------------------------------------------------------------------------
[node02:126452] 3 more processes have sent help message help-mpi-btl-openib.txt / error in device init
[node02:126452] Set MCA parameter "orte_base_help_aggregate" to 0 to see all help / error messages
--------------------------------------------------------------------------
WARNING: There was an error initializing an OpenFabrics device.

  Local host:   node02
  Local device: mlx5_0
--------------------------------------------------------------------------
[node02:126798] 3 more processes have sent help message help-mpi-btl-openib.txt / error in device init
[node02:126798] Set MCA parameter "orte_base_help_aggregate" to 0 to see all help / error messages
--------------------------------------------------------------------------
WARNING: There was an error initializing an OpenFabrics device.

  Local host:   node02
  Local device: mlx5_0
--------------------------------------------------------------------------
[node02:127194] 3 more processes have sent help message help-mpi-btl-openib.txt / error in device init
[node02:127194] Set MCA parameter "orte_base_help_aggregate" to 0 to see all help / error messages
--------------------------------------------------------------------------
WARNING: There was an error initializing an OpenFabrics device.

  Local host:   node02
  Local device: mlx5_0
--------------------------------------------------------------------------
[node02:127575] 3 more processes have sent help message help-mpi-btl-openib.txt / error in device init
[node02:127575] Set MCA parameter "orte_base_help_aggregate" to 0 to see all help / error messages
--------------------------------------------------------------------------
WARNING: There was an error initializing an OpenFabrics device.

  Local host:   node02
  Local device: mlx5_0
--------------------------------------------------------------------------
[node02:127950] 3 more processes have sent help message help-mpi-btl-openib.txt / error in device init
[node02:127950] Set MCA parameter "orte_base_help_aggregate" to 0 to see all help / error messages
--------------------------------------------------------------------------
WARNING: There was an error initializing an OpenFabrics device.

  Local host:   node02
  Local device: mlx5_0
--------------------------------------------------------------------------
[node02:128167] 3 more processes have sent help message help-mpi-btl-openib.txt / error in device init
[node02:128167] Set MCA parameter "orte_base_help_aggregate" to 0 to see all help / error messages
--------------------------------------------------------------------------
WARNING: There was an error initializing an OpenFabrics device.

  Local host:   node02
  Local device: mlx5_0
--------------------------------------------------------------------------
[node02:128524] 3 more processes have sent help message help-mpi-btl-openib.txt / error in device init
[node02:128524] Set MCA parameter "orte_base_help_aggregate" to 0 to see all help / error messages
--------------------------------------------------------------------------
WARNING: There was an error initializing an OpenFabrics device.

  Local host:   node02
  Local device: mlx5_0
--------------------------------------------------------------------------
[node02:128944] 3 more processes have sent help message help-mpi-btl-openib.txt / error in device init
[node02:128944] Set MCA parameter "orte_base_help_aggregate" to 0 to see all help / error messages
--------------------------------------------------------------------------
WARNING: There was an error initializing an OpenFabrics device.

  Local host:   node02
  Local device: mlx5_0
--------------------------------------------------------------------------
[node02:129317] 3 more processes have sent help message help-mpi-btl-openib.txt / error in device init
[node02:129317] Set MCA parameter "orte_base_help_aggregate" to 0 to see all help / error messages
--------------------------------------------------------------------------
WARNING: There was an error initializing an OpenFabrics device.

  Local host:   node02
  Local device: mlx5_0
--------------------------------------------------------------------------
[node02:129720] 3 more processes have sent help message help-mpi-btl-openib.txt / error in device init
[node02:129720] Set MCA parameter "orte_base_help_aggregate" to 0 to see all help / error messages
--------------------------------------------------------------------------
WARNING: There was an error initializing an OpenFabrics device.

  Local host:   node02
  Local device: mlx5_0
--------------------------------------------------------------------------
[node02:130064] 3 more processes have sent help message help-mpi-btl-openib.txt / error in device init
[node02:130064] Set MCA parameter "orte_base_help_aggregate" to 0 to see all help / error messages
--------------------------------------------------------------------------
WARNING: There was an error initializing an OpenFabrics device.

  Local host:   node02
  Local device: mlx5_0
--------------------------------------------------------------------------
[node02:130478] 3 more processes have sent help message help-mpi-btl-openib.txt / error in device init
[node02:130478] Set MCA parameter "orte_base_help_aggregate" to 0 to see all help / error messages
--------------------------------------------------------------------------
WARNING: There was an error initializing an OpenFabrics device.

  Local host:   node02
  Local device: mlx5_0
--------------------------------------------------------------------------
[node02:130871] 3 more processes have sent help message help-mpi-btl-openib.txt / error in device init
[node02:130871] Set MCA parameter "orte_base_help_aggregate" to 0 to see all help / error messages
--------------------------------------------------------------------------
WARNING: There was an error initializing an OpenFabrics device.

  Local host:   node02
  Local device: mlx5_0
--------------------------------------------------------------------------
[node02:131249] 3 more processes have sent help message help-mpi-btl-openib.txt / error in device init
[node02:131249] Set MCA parameter "orte_base_help_aggregate" to 0 to see all help / error messages
--------------------------------------------------------------------------
WARNING: There was an error initializing an OpenFabrics device.

  Local host:   node02
  Local device: mlx5_0
--------------------------------------------------------------------------
[node02:131679] 3 more processes have sent help message help-mpi-btl-openib.txt / error in device init
[node02:131679] Set MCA parameter "orte_base_help_aggregate" to 0 to see all help / error messages
--------------------------------------------------------------------------
WARNING: There was an error initializing an OpenFabrics device.

  Local host:   node02
  Local device: mlx5_0
--------------------------------------------------------------------------
[node02:132072] 3 more processes have sent help message help-mpi-btl-openib.txt / error in device init
[node02:132072] Set MCA parameter "orte_base_help_aggregate" to 0 to see all help / error messages
--------------------------------------------------------------------------
WARNING: There was an error initializing an OpenFabrics device.

  Local host:   node02
  Local device: mlx5_0
--------------------------------------------------------------------------
[node02:132401] 3 more processes have sent help message help-mpi-btl-openib.txt / error in device init
[node02:132401] Set MCA parameter "orte_base_help_aggregate" to 0 to see all help / error messages
--------------------------------------------------------------------------
WARNING: There was an error initializing an OpenFabrics device.

  Local host:   node02
  Local device: mlx5_0
--------------------------------------------------------------------------
[node02:132903] 3 more processes have sent help message help-mpi-btl-openib.txt / error in device init
[node02:132903] Set MCA parameter "orte_base_help_aggregate" to 0 to see all help / error messages
--------------------------------------------------------------------------
WARNING: There was an error initializing an OpenFabrics device.

  Local host:   node02
  Local device: mlx5_0
--------------------------------------------------------------------------
[node02:133393] 3 more processes have sent help message help-mpi-btl-openib.txt / error in device init
[node02:133393] Set MCA parameter "orte_base_help_aggregate" to 0 to see all help / error messages
--------------------------------------------------------------------------
WARNING: There was an error initializing an OpenFabrics device.

  Local host:   node02
  Local device: mlx5_0
--------------------------------------------------------------------------
[node02:133784] 3 more processes have sent help message help-mpi-btl-openib.txt / error in device init
[node02:133784] Set MCA parameter "orte_base_help_aggregate" to 0 to see all help / error messages
--------------------------------------------------------------------------
WARNING: There was an error initializing an OpenFabrics device.

  Local host:   node02
  Local device: mlx5_0
--------------------------------------------------------------------------
[node02:134120] 3 more processes have sent help message help-mpi-btl-openib.txt / error in device init
[node02:134120] Set MCA parameter "orte_base_help_aggregate" to 0 to see all help / error messages
--------------------------------------------------------------------------
WARNING: There was an error initializing an OpenFabrics device.

  Local host:   node02
  Local device: mlx5_0
--------------------------------------------------------------------------
[node02:134508] 3 more processes have sent help message help-mpi-btl-openib.txt / error in device init
[node02:134508] Set MCA parameter "orte_base_help_aggregate" to 0 to see all help / error messages
--------------------------------------------------------------------------
WARNING: There was an error initializing an OpenFabrics device.

  Local host:   node02
  Local device: mlx5_0
--------------------------------------------------------------------------
[node02:134927] 3 more processes have sent help message help-mpi-btl-openib.txt / error in device init
[node02:134927] Set MCA parameter "orte_base_help_aggregate" to 0 to see all help / error messages
--------------------------------------------------------------------------
WARNING: There was an error initializing an OpenFabrics device.

  Local host:   node02
  Local device: mlx5_0
--------------------------------------------------------------------------
[node02:135332] 3 more processes have sent help message help-mpi-btl-openib.txt / error in device init
[node02:135332] Set MCA parameter "orte_base_help_aggregate" to 0 to see all help / error messages
--------------------------------------------------------------------------
WARNING: There was an error initializing an OpenFabrics device.

  Local host:   node02
  Local device: mlx5_0
--------------------------------------------------------------------------
[node02:135741] 3 more processes have sent help message help-mpi-btl-openib.txt / error in device init
[node02:135741] Set MCA parameter "orte_base_help_aggregate" to 0 to see all help / error messages
--------------------------------------------------------------------------
WARNING: There was an error initializing an OpenFabrics device.

  Local host:   node02
  Local device: mlx5_0
--------------------------------------------------------------------------
[node02:136135] 3 more processes have sent help message help-mpi-btl-openib.txt / error in device init
[node02:136135] Set MCA parameter "orte_base_help_aggregate" to 0 to see all help / error messages
--------------------------------------------------------------------------
WARNING: There was an error initializing an OpenFabrics device.

  Local host:   node02
  Local device: mlx5_0
--------------------------------------------------------------------------
[node02:136602] 3 more processes have sent help message help-mpi-btl-openib.txt / error in device init
[node02:136602] Set MCA parameter "orte_base_help_aggregate" to 0 to see all help / error messages
--------------------------------------------------------------------------
WARNING: There was an error initializing an OpenFabrics device.

  Local host:   node02
  Local device: mlx5_0
--------------------------------------------------------------------------
[node02:136998] 3 more processes have sent help message help-mpi-btl-openib.txt / error in device init
[node02:136998] Set MCA parameter "orte_base_help_aggregate" to 0 to see all help / error messages
--------------------------------------------------------------------------
WARNING: There was an error initializing an OpenFabrics device.

  Local host:   node02
  Local device: mlx5_0
--------------------------------------------------------------------------
[node02:137482] 3 more processes have sent help message help-mpi-btl-openib.txt / error in device init
[node02:137482] Set MCA parameter "orte_base_help_aggregate" to 0 to see all help / error messages
--------------------------------------------------------------------------
WARNING: There was an error initializing an OpenFabrics device.

  Local host:   node02
  Local device: mlx5_0
--------------------------------------------------------------------------
[node02:137874] 3 more processes have sent help message help-mpi-btl-openib.txt / error in device init
[node02:137874] Set MCA parameter "orte_base_help_aggregate" to 0 to see all help / error messages
--------------------------------------------------------------------------
WARNING: There was an error initializing an OpenFabrics device.

  Local host:   node02
  Local device: mlx5_0
--------------------------------------------------------------------------
[node02:138247] 3 more processes have sent help message help-mpi-btl-openib.txt / error in device init
[node02:138247] Set MCA parameter "orte_base_help_aggregate" to 0 to see all help / error messages
--------------------------------------------------------------------------
WARNING: There was an error initializing an OpenFabrics device.

  Local host:   node02
  Local device: mlx5_0
--------------------------------------------------------------------------
[node02:138602] 3 more processes have sent help message help-mpi-btl-openib.txt / error in device init
[node02:138602] Set MCA parameter "orte_base_help_aggregate" to 0 to see all help / error messages
--------------------------------------------------------------------------
WARNING: There was an error initializing an OpenFabrics device.

  Local host:   node02
  Local device: mlx5_0
--------------------------------------------------------------------------
[node02:138935] 3 more processes have sent help message help-mpi-btl-openib.txt / error in device init
[node02:138935] Set MCA parameter "orte_base_help_aggregate" to 0 to see all help / error messages
--------------------------------------------------------------------------
WARNING: There was an error initializing an OpenFabrics device.

  Local host:   node02
  Local device: mlx5_0
--------------------------------------------------------------------------
[node02:139355] 3 more processes have sent help message help-mpi-btl-openib.txt / error in device init
[node02:139355] Set MCA parameter "orte_base_help_aggregate" to 0 to see all help / error messages
--------------------------------------------------------------------------
WARNING: There was an error initializing an OpenFabrics device.

  Local host:   node02
  Local device: mlx5_0
--------------------------------------------------------------------------
[node02:139737] 3 more processes have sent help message help-mpi-btl-openib.txt / error in device init
[node02:139737] Set MCA parameter "orte_base_help_aggregate" to 0 to see all help / error messages
--------------------------------------------------------------------------
WARNING: There was an error initializing an OpenFabrics device.

  Local host:   node02
  Local device: mlx5_0
--------------------------------------------------------------------------
[node02:140112] 3 more processes have sent help message help-mpi-btl-openib.txt / error in device init
[node02:140112] Set MCA parameter "orte_base_help_aggregate" to 0 to see all help / error messages
--------------------------------------------------------------------------
WARNING: There was an error initializing an OpenFabrics device.

  Local host:   node02
  Local device: mlx5_0
--------------------------------------------------------------------------
[node02:140547] 3 more processes have sent help message help-mpi-btl-openib.txt / error in device init
[node02:140547] Set MCA parameter "orte_base_help_aggregate" to 0 to see all help / error messages
--------------------------------------------------------------------------
WARNING: There was an error initializing an OpenFabrics device.

  Local host:   node02
  Local device: mlx5_0
--------------------------------------------------------------------------
[node02:140907] 3 more processes have sent help message help-mpi-btl-openib.txt / error in device init
[node02:140907] Set MCA parameter "orte_base_help_aggregate" to 0 to see all help / error messages
--------------------------------------------------------------------------
WARNING: There was an error initializing an OpenFabrics device.

  Local host:   node02
  Local device: mlx5_0
--------------------------------------------------------------------------
[node02:141269] 3 more processes have sent help message help-mpi-btl-openib.txt / error in device init
[node02:141269] Set MCA parameter "orte_base_help_aggregate" to 0 to see all help / error messages
--------------------------------------------------------------------------
WARNING: There was an error initializing an OpenFabrics device.

  Local host:   node02
  Local device: mlx5_0
--------------------------------------------------------------------------
[node02:141673] 3 more processes have sent help message help-mpi-btl-openib.txt / error in device init
[node02:141673] Set MCA parameter "orte_base_help_aggregate" to 0 to see all help / error messages
--------------------------------------------------------------------------
WARNING: There was an error initializing an OpenFabrics device.

  Local host:   node02
  Local device: mlx5_0
--------------------------------------------------------------------------
[node02:142032] 3 more processes have sent help message help-mpi-btl-openib.txt / error in device init
[node02:142032] Set MCA parameter "orte_base_help_aggregate" to 0 to see all help / error messages
--------------------------------------------------------------------------
WARNING: There was an error initializing an OpenFabrics device.

  Local host:   node02
  Local device: mlx5_0
--------------------------------------------------------------------------
[node02:142370] 3 more processes have sent help message help-mpi-btl-openib.txt / error in device init
[node02:142370] Set MCA parameter "orte_base_help_aggregate" to 0 to see all help / error messages
--------------------------------------------------------------------------
WARNING: There was an error initializing an OpenFabrics device.

  Local host:   node02
  Local device: mlx5_0
--------------------------------------------------------------------------
[node02:142751] 3 more processes have sent help message help-mpi-btl-openib.txt / error in device init
[node02:142751] Set MCA parameter "orte_base_help_aggregate" to 0 to see all help / error messages
--------------------------------------------------------------------------
WARNING: There was an error initializing an OpenFabrics device.

  Local host:   node02
  Local device: mlx5_0
--------------------------------------------------------------------------
[node02:143145] 3 more processes have sent help message help-mpi-btl-openib.txt / error in device init
[node02:143145] Set MCA parameter "orte_base_help_aggregate" to 0 to see all help / error messages
--------------------------------------------------------------------------
WARNING: There was an error initializing an OpenFabrics device.

  Local host:   node02
  Local device: mlx5_0
--------------------------------------------------------------------------
[node02:143488] 3 more processes have sent help message help-mpi-btl-openib.txt / error in device init
[node02:143488] Set MCA parameter "orte_base_help_aggregate" to 0 to see all help / error messages
--------------------------------------------------------------------------
WARNING: There was an error initializing an OpenFabrics device.

  Local host:   node02
  Local device: mlx5_0
--------------------------------------------------------------------------
[node02:143852] 3 more processes have sent help message help-mpi-btl-openib.txt / error in device init
[node02:143852] Set MCA parameter "orte_base_help_aggregate" to 0 to see all help / error messages
--------------------------------------------------------------------------
WARNING: There was an error initializing an OpenFabrics device.

  Local host:   node02
  Local device: mlx5_0
--------------------------------------------------------------------------
[node02:144112] 3 more processes have sent help message help-mpi-btl-openib.txt / error in device init
[node02:144112] Set MCA parameter "orte_base_help_aggregate" to 0 to see all help / error messages
--------------------------------------------------------------------------
WARNING: There was an error initializing an OpenFabrics device.

  Local host:   node02
  Local device: mlx5_0
--------------------------------------------------------------------------
[node02:144441] 3 more processes have sent help message help-mpi-btl-openib.txt / error in device init
[node02:144441] Set MCA parameter "orte_base_help_aggregate" to 0 to see all help / error messages
--------------------------------------------------------------------------
WARNING: There was an error initializing an OpenFabrics device.

  Local host:   node02
  Local device: mlx5_0
--------------------------------------------------------------------------
[node02:144856] 3 more processes have sent help message help-mpi-btl-openib.txt / error in device init
[node02:144856] Set MCA parameter "orte_base_help_aggregate" to 0 to see all help / error messages
--------------------------------------------------------------------------
WARNING: There was an error initializing an OpenFabrics device.

  Local host:   node02
  Local device: mlx5_0
--------------------------------------------------------------------------
[node02:145308] 3 more processes have sent help message help-mpi-btl-openib.txt / error in device init
[node02:145308] Set MCA parameter "orte_base_help_aggregate" to 0 to see all help / error messages
--------------------------------------------------------------------------
WARNING: There was an error initializing an OpenFabrics device.

  Local host:   node02
  Local device: mlx5_0
--------------------------------------------------------------------------
[node02:145696] 3 more processes have sent help message help-mpi-btl-openib.txt / error in device init
[node02:145696] Set MCA parameter "orte_base_help_aggregate" to 0 to see all help / error messages
--------------------------------------------------------------------------
WARNING: There was an error initializing an OpenFabrics device.

  Local host:   node02
  Local device: mlx5_0
--------------------------------------------------------------------------
[node02:146071] 3 more processes have sent help message help-mpi-btl-openib.txt / error in device init
[node02:146071] Set MCA parameter "orte_base_help_aggregate" to 0 to see all help / error messages
--------------------------------------------------------------------------
WARNING: There was an error initializing an OpenFabrics device.

  Local host:   node02
  Local device: mlx5_0
--------------------------------------------------------------------------
[node02:146450] 3 more processes have sent help message help-mpi-btl-openib.txt / error in device init
[node02:146450] Set MCA parameter "orte_base_help_aggregate" to 0 to see all help / error messages
--------------------------------------------------------------------------
WARNING: There was an error initializing an OpenFabrics device.

  Local host:   node02
  Local device: mlx5_0
--------------------------------------------------------------------------
[node02:146938] 3 more processes have sent help message help-mpi-btl-openib.txt / error in device init
[node02:146938] Set MCA parameter "orte_base_help_aggregate" to 0 to see all help / error messages
--------------------------------------------------------------------------
WARNING: There was an error initializing an OpenFabrics device.

  Local host:   node02
  Local device: mlx5_0
--------------------------------------------------------------------------
[node02:147324] 3 more processes have sent help message help-mpi-btl-openib.txt / error in device init
[node02:147324] Set MCA parameter "orte_base_help_aggregate" to 0 to see all help / error messages
--------------------------------------------------------------------------
WARNING: There was an error initializing an OpenFabrics device.

  Local host:   node02
  Local device: mlx5_0
--------------------------------------------------------------------------
[node02:147719] 3 more processes have sent help message help-mpi-btl-openib.txt / error in device init
[node02:147719] Set MCA parameter "orte_base_help_aggregate" to 0 to see all help / error messages
--------------------------------------------------------------------------
WARNING: There was an error initializing an OpenFabrics device.

  Local host:   node02
  Local device: mlx5_0
--------------------------------------------------------------------------
[node02:148066] 3 more processes have sent help message help-mpi-btl-openib.txt / error in device init
[node02:148066] Set MCA parameter "orte_base_help_aggregate" to 0 to see all help / error messages
--------------------------------------------------------------------------
WARNING: There was an error initializing an OpenFabrics device.

  Local host:   node02
  Local device: mlx5_0
--------------------------------------------------------------------------
[node02:148358] 3 more processes have sent help message help-mpi-btl-openib.txt / error in device init
[node02:148358] Set MCA parameter "orte_base_help_aggregate" to 0 to see all help / error messages
--------------------------------------------------------------------------
WARNING: There was an error initializing an OpenFabrics device.

  Local host:   node02
  Local device: mlx5_0
--------------------------------------------------------------------------
[node02:148711] 3 more processes have sent help message help-mpi-btl-openib.txt / error in device init
[node02:148711] Set MCA parameter "orte_base_help_aggregate" to 0 to see all help / error messages
--------------------------------------------------------------------------
WARNING: There was an error initializing an OpenFabrics device.

  Local host:   node02
  Local device: mlx5_0
--------------------------------------------------------------------------
[node02:149004] 3 more processes have sent help message help-mpi-btl-openib.txt / error in device init
[node02:149004] Set MCA parameter "orte_base_help_aggregate" to 0 to see all help / error messages
--------------------------------------------------------------------------
WARNING: There was an error initializing an OpenFabrics device.

  Local host:   node02
  Local device: mlx5_0
--------------------------------------------------------------------------
[node02:149358] 3 more processes have sent help message help-mpi-btl-openib.txt / error in device init
[node02:149358] Set MCA parameter "orte_base_help_aggregate" to 0 to see all help / error messages
--------------------------------------------------------------------------
WARNING: There was an error initializing an OpenFabrics device.

  Local host:   node02
  Local device: mlx5_0
--------------------------------------------------------------------------
[node02:149641] 3 more processes have sent help message help-mpi-btl-openib.txt / error in device init
[node02:149641] Set MCA parameter "orte_base_help_aggregate" to 0 to see all help / error messages
--------------------------------------------------------------------------
WARNING: There was an error initializing an OpenFabrics device.

  Local host:   node02
  Local device: mlx5_0
--------------------------------------------------------------------------
[node02:150151] 3 more processes have sent help message help-mpi-btl-openib.txt / error in device init
[node02:150151] Set MCA parameter "orte_base_help_aggregate" to 0 to see all help / error messages
--------------------------------------------------------------------------
WARNING: There was an error initializing an OpenFabrics device.

  Local host:   node02
  Local device: mlx5_0
--------------------------------------------------------------------------
[node02:150452] 3 more processes have sent help message help-mpi-btl-openib.txt / error in device init
[node02:150452] Set MCA parameter "orte_base_help_aggregate" to 0 to see all help / error messages
--------------------------------------------------------------------------
WARNING: There was an error initializing an OpenFabrics device.

  Local host:   node02
  Local device: mlx5_0
--------------------------------------------------------------------------
[node02:150852] 3 more processes have sent help message help-mpi-btl-openib.txt / error in device init
[node02:150852] Set MCA parameter "orte_base_help_aggregate" to 0 to see all help / error messages
--------------------------------------------------------------------------
WARNING: There was an error initializing an OpenFabrics device.

  Local host:   node02
  Local device: mlx5_0
--------------------------------------------------------------------------
[node02:151244] 3 more processes have sent help message help-mpi-btl-openib.txt / error in device init
[node02:151244] Set MCA parameter "orte_base_help_aggregate" to 0 to see all help / error messages
--------------------------------------------------------------------------
WARNING: There was an error initializing an OpenFabrics device.

  Local host:   node02
  Local device: mlx5_0
--------------------------------------------------------------------------
[node02:151615] 3 more processes have sent help message help-mpi-btl-openib.txt / error in device init
[node02:151615] Set MCA parameter "orte_base_help_aggregate" to 0 to see all help / error messages
--------------------------------------------------------------------------
WARNING: There was an error initializing an OpenFabrics device.

  Local host:   node02
  Local device: mlx5_0
--------------------------------------------------------------------------
[node02:151973] 3 more processes have sent help message help-mpi-btl-openib.txt / error in device init
[node02:151973] Set MCA parameter "orte_base_help_aggregate" to 0 to see all help / error messages
--------------------------------------------------------------------------
WARNING: There was an error initializing an OpenFabrics device.

  Local host:   node02
  Local device: mlx5_0
--------------------------------------------------------------------------
[node02:152371] 3 more processes have sent help message help-mpi-btl-openib.txt / error in device init
[node02:152371] Set MCA parameter "orte_base_help_aggregate" to 0 to see all help / error messages
--------------------------------------------------------------------------
WARNING: There was an error initializing an OpenFabrics device.

  Local host:   node02
  Local device: mlx5_0
--------------------------------------------------------------------------
[node02:152797] 3 more processes have sent help message help-mpi-btl-openib.txt / error in device init
[node02:152797] Set MCA parameter "orte_base_help_aggregate" to 0 to see all help / error messages
